INFO - 2022-11-09 19:16:25 --> Session: Class initialized using 'CodeIgniter\Session\Handlers\FileHandler' driver.
CRITICAL - 2022-11-09 19:16:25 --> Undefined property: stdClass::$usuario_psw2
in APPPATH\Helpers\Validators\usuarioValidator_helper.php on line 304.
 1 APPPATH\Helpers\Validators\usuarioValidator_helper.php(304): CodeIgniter\Debug\Exceptions->errorHandler(2, 'Undefined property: stdClass::$usuario_psw2', 'APPPATH\\Helpers\\Validators\\usuarioValidator_helper.php', 304)
 2 APPPATH\Controllers\API\v1\Usuarios.php(27): actualizaPasswordValidator(Object(stdClass), Object(stdClass))
 3 SYSTEMPATH\CodeIgniter.php(902): App\Controllers\API\v1\Usuarios->login()
 4 SYSTEMPATH\CodeIgniter.php(457): CodeIgniter\CodeIgniter->runController(Object(App\Controllers\API\v1\Usuarios))
 5 SYSTEMPATH\CodeIgniter.php(340): CodeIgniter\CodeIgniter->handleRequest(null, Object(Config\Cache), false)
 6 FCPATH\index.php(67): CodeIgniter\CodeIgniter->run()
INFO - 2022-11-09 19:17:24 --> Session: Class initialized using 'CodeIgniter\Session\Handlers\FileHandler' driver.
INFO - 2022-11-09 19:17:33 --> Session: Class initialized using 'CodeIgniter\Session\Handlers\FileHandler' driver.
INFO - 2022-11-09 19:17:40 --> Session: Class initialized using 'CodeIgniter\Session\Handlers\FileHandler' driver.
INFO - 2022-11-09 19:17:47 --> Session: Class initialized using 'CodeIgniter\Session\Handlers\FileHandler' driver.
INFO - 2022-11-09 19:17:47 --> Controller: \App\Controllers\API\v1\usuarios | Metodo: login | LogLine: 44 | Correo no existe: 
INFO - 2022-11-09 19:23:51 --> Session: Class initialized using 'CodeIgniter\Session\Handlers\FileHandler' driver.
CRITICAL - 2022-11-09 19:23:51 --> Undefined property: stdClass::$usuario_correo
in APPPATH\Helpers\Validators\usuarioValidator_helper.php on line 15.
 1 APPPATH\Helpers\Validators\usuarioValidator_helper.php(15): CodeIgniter\Debug\Exceptions->errorHandler(2, 'Undefined property: stdClass::$usuario_correo', 'APPPATH\\Helpers\\Validators\\usuarioValidator_helper.php', 15)
 2 APPPATH\Controllers\API\v1\Usuarios.php(27): loginValidator(Object(stdClass), Object(stdClass))
 3 SYSTEMPATH\CodeIgniter.php(902): App\Controllers\API\v1\Usuarios->login()
 4 SYSTEMPATH\CodeIgniter.php(457): CodeIgniter\CodeIgniter->runController(Object(App\Controllers\API\v1\Usuarios))
 5 SYSTEMPATH\CodeIgniter.php(340): CodeIgniter\CodeIgniter->handleRequest(null, Object(Config\Cache), false)
 6 FCPATH\index.php(67): CodeIgniter\CodeIgniter->run()
INFO - 2022-11-09 19:24:12 --> Session: Class initialized using 'CodeIgniter\Session\Handlers\FileHandler' driver.
INFO - 2022-11-09 19:24:12 --> Controller: \App\Controllers\API\v1\usuarios | Metodo: login | LogLine: 42 | Correo no existe: 
INFO - 2022-11-09 19:24:26 --> Session: Class initialized using 'CodeIgniter\Session\Handlers\FileHandler' driver.
INFO - 2022-11-09 19:24:26 --> Controller: \App\Controllers\API\v1\usuarios | Metodo: login | LogLine: 42 | Correo no existe: 
INFO - 2022-11-09 19:25:20 --> Session: Class initialized using 'CodeIgniter\Session\Handlers\FileHandler' driver.
INFO - 2022-11-09 19:25:20 --> Controller: \App\Controllers\API\v1\usuarios | Metodo: login | LogLine: 42 | Correo no existe: 
INFO - 2022-11-09 19:26:13 --> Session: Class initialized using 'CodeIgniter\Session\Handlers\FileHandler' driver.
CRITICAL - 2022-11-09 19:26:13 --> Undefined property: stdClass::$usuario_correo
in APPPATH\Helpers\Validators\usuarioValidator_helper.php on line 14.
 1 APPPATH\Helpers\Validators\usuarioValidator_helper.php(14): CodeIgniter\Debug\Exceptions->errorHandler(2, 'Undefined property: stdClass::$usuario_correo', 'APPPATH\\Helpers\\Validators\\usuarioValidator_helper.php', 14)
 2 APPPATH\Controllers\API\v1\Usuarios.php(27): loginValidator(Object(stdClass), Object(stdClass))
 3 SYSTEMPATH\CodeIgniter.php(902): App\Controllers\API\v1\Usuarios->login()
 4 SYSTEMPATH\CodeIgniter.php(457): CodeIgniter\CodeIgniter->runController(Object(App\Controllers\API\v1\Usuarios))
 5 SYSTEMPATH\CodeIgniter.php(340): CodeIgniter\CodeIgniter->handleRequest(null, Object(Config\Cache), false)
 6 FCPATH\index.php(67): CodeIgniter\CodeIgniter->run()
INFO - 2022-11-09 19:26:46 --> Session: Class initialized using 'CodeIgniter\Session\Handlers\FileHandler' driver.
CRITICAL - 2022-11-09 19:26:46 --> Undefined property: stdClass::$usuario_correo
in APPPATH\Helpers\Validators\usuarioValidator_helper.php on line 16.
 1 APPPATH\Helpers\Validators\usuarioValidator_helper.php(16): CodeIgniter\Debug\Exceptions->errorHandler(2, 'Undefined property: stdClass::$usuario_correo', 'APPPATH\\Helpers\\Validators\\usuarioValidator_helper.php', 16)
 2 APPPATH\Controllers\API\v1\Usuarios.php(27): loginValidator(Object(stdClass), Object(stdClass))
 3 SYSTEMPATH\CodeIgniter.php(902): App\Controllers\API\v1\Usuarios->login()
 4 SYSTEMPATH\CodeIgniter.php(457): CodeIgniter\CodeIgniter->runController(Object(App\Controllers\API\v1\Usuarios))
 5 SYSTEMPATH\CodeIgniter.php(340): CodeIgniter\CodeIgniter->handleRequest(null, Object(Config\Cache), false)
 6 FCPATH\index.php(67): CodeIgniter\CodeIgniter->run()
INFO - 2022-11-09 19:27:30 --> Session: Class initialized using 'CodeIgniter\Session\Handlers\FileHandler' driver.
CRITICAL - 2022-11-09 19:27:30 --> Undefined property: stdClass::$usuario_correo
in APPPATH\Helpers\Validators\usuarioValidator_helper.php on line 16.
 1 APPPATH\Helpers\Validators\usuarioValidator_helper.php(16): CodeIgniter\Debug\Exceptions->errorHandler(2, 'Undefined property: stdClass::$usuario_correo', 'APPPATH\\Helpers\\Validators\\usuarioValidator_helper.php', 16)
 2 APPPATH\Controllers\API\v1\Usuarios.php(27): loginValidator(Object(stdClass), Object(stdClass))
 3 SYSTEMPATH\CodeIgniter.php(902): App\Controllers\API\v1\Usuarios->login()
 4 SYSTEMPATH\CodeIgniter.php(457): CodeIgniter\CodeIgniter->runController(Object(App\Controllers\API\v1\Usuarios))
 5 SYSTEMPATH\CodeIgniter.php(340): CodeIgniter\CodeIgniter->handleRequest(null, Object(Config\Cache), false)
 6 FCPATH\index.php(67): CodeIgniter\CodeIgniter->run()
INFO - 2022-11-09 19:28:06 --> Session: Class initialized using 'CodeIgniter\Session\Handlers\FileHandler' driver.
CRITICAL - 2022-11-09 19:28:06 --> Undefined property: stdClass::$usuario_correo
in APPPATH\Helpers\Validators\usuarioValidator_helper.php on line 18.
 1 APPPATH\Helpers\Validators\usuarioValidator_helper.php(18): CodeIgniter\Debug\Exceptions->errorHandler(2, 'Undefined property: stdClass::$usuario_correo', 'APPPATH\\Helpers\\Validators\\usuarioValidator_helper.php', 18)
 2 APPPATH\Controllers\API\v1\Usuarios.php(27): loginValidator(Object(stdClass), Object(stdClass))
 3 SYSTEMPATH\CodeIgniter.php(902): App\Controllers\API\v1\Usuarios->login()
 4 SYSTEMPATH\CodeIgniter.php(457): CodeIgniter\CodeIgniter->runController(Object(App\Controllers\API\v1\Usuarios))
 5 SYSTEMPATH\CodeIgniter.php(340): CodeIgniter\CodeIgniter->handleRequest(null, Object(Config\Cache), false)
 6 FCPATH\index.php(67): CodeIgniter\CodeIgniter->run()
INFO - 2022-11-09 19:28:31 --> Session: Class initialized using 'CodeIgniter\Session\Handlers\FileHandler' driver.
CRITICAL - 2022-11-09 19:28:31 --> Undefined property: stdClass::$usuario_correo
in APPPATH\Helpers\Validators\usuarioValidator_helper.php on line 18.
 1 APPPATH\Helpers\Validators\usuarioValidator_helper.php(18): CodeIgniter\Debug\Exceptions->errorHandler(2, 'Undefined property: stdClass::$usuario_correo', 'APPPATH\\Helpers\\Validators\\usuarioValidator_helper.php', 18)
 2 APPPATH\Controllers\API\v1\Usuarios.php(28): loginValidator(Object(stdClass), Object(stdClass))
 3 SYSTEMPATH\CodeIgniter.php(902): App\Controllers\API\v1\Usuarios->login()
 4 SYSTEMPATH\CodeIgniter.php(457): CodeIgniter\CodeIgniter->runController(Object(App\Controllers\API\v1\Usuarios))
 5 SYSTEMPATH\CodeIgniter.php(340): CodeIgniter\CodeIgniter->handleRequest(null, Object(Config\Cache), false)
 6 FCPATH\index.php(67): CodeIgniter\CodeIgniter->run()
INFO - 2022-11-09 19:28:36 --> Session: Class initialized using 'CodeIgniter\Session\Handlers\FileHandler' driver.
INFO - 2022-11-09 19:28:43 --> Session: Class initialized using 'CodeIgniter\Session\Handlers\FileHandler' driver.
CRITICAL - 2022-11-09 19:28:43 --> Undefined property: stdClass::$usuario_correo
in APPPATH\Helpers\Validators\usuarioValidator_helper.php on line 18.
 1 APPPATH\Helpers\Validators\usuarioValidator_helper.php(18): CodeIgniter\Debug\Exceptions->errorHandler(2, 'Undefined property: stdClass::$usuario_correo', 'APPPATH\\Helpers\\Validators\\usuarioValidator_helper.php', 18)
 2 APPPATH\Controllers\API\v1\Usuarios.php(28): loginValidator(Object(stdClass), Object(stdClass))
 3 SYSTEMPATH\CodeIgniter.php(902): App\Controllers\API\v1\Usuarios->login()
 4 SYSTEMPATH\CodeIgniter.php(457): CodeIgniter\CodeIgniter->runController(Object(App\Controllers\API\v1\Usuarios))
 5 SYSTEMPATH\CodeIgniter.php(340): CodeIgniter\CodeIgniter->handleRequest(null, Object(Config\Cache), false)
 6 FCPATH\index.php(67): CodeIgniter\CodeIgniter->run()
INFO - 2022-11-09 19:32:21 --> Session: Class initialized using 'CodeIgniter\Session\Handlers\FileHandler' driver.
CRITICAL - 2022-11-09 19:32:21 --> Controller: \App\Controllers\API\v1\usuarios | Metodo: login | LogLine: 71 | Error general en inicia de sesión: Error: Call to undefined function validateRequestNullOrEmpty() in C:\xampp\htdocs\pulpox11\app\Helpers\Validators\usuarioValidator_helper.php:13
Stack trace:
#0 C:\xampp\htdocs\pulpox11\app\Controllers\API\v1\Usuarios.php(28): loginValidator(Object(stdClass), Object(stdClass))
#1 C:\xampp\htdocs\pulpox11\system\CodeIgniter.php(902): App\Controllers\API\v1\Usuarios->login()
#2 C:\xampp\htdocs\pulpox11\system\CodeIgniter.php(457): CodeIgniter\CodeIgniter->runController(Object(App\Controllers\API\v1\Usuarios))
#3 C:\xampp\htdocs\pulpox11\system\CodeIgniter.php(340): CodeIgniter\CodeIgniter->handleRequest(NULL, Object(Config\Cache), false)
#4 C:\xampp\htdocs\pulpox11\public\index.php(67): CodeIgniter\CodeIgniter->run()
#5 {main}
INFO - 2022-11-09 19:32:39 --> Session: Class initialized using 'CodeIgniter\Session\Handlers\FileHandler' driver.
INFO - 2022-11-09 19:32:58 --> Session: Class initialized using 'CodeIgniter\Session\Handlers\FileHandler' driver.
INFO - 2022-11-09 19:59:27 --> Session: Class initialized using 'CodeIgniter\Session\Handlers\FileHandler' driver.
INFO - 2022-11-09 19:59:44 --> Session: Class initialized using 'CodeIgniter\Session\Handlers\FileHandler' driver.
INFO - 2022-11-09 20:00:17 --> Session: Class initialized using 'CodeIgniter\Session\Handlers\FileHandler' driver.
INFO - 2022-11-09 20:00:22 --> Session: Class initialized using 'CodeIgniter\Session\Handlers\FileHandler' driver.
CRITICAL - 2022-11-09 20:00:22 --> Controller: \App\Controllers\API\v1\usuarios | Metodo: logout | LogLine: 80 | Intento de accion sin estar logueado: logout
INFO - 2022-11-09 20:00:26 --> Session: Class initialized using 'CodeIgniter\Session\Handlers\FileHandler' driver.
INFO - 2022-11-09 20:00:31 --> Session: Class initialized using 'CodeIgniter\Session\Handlers\FileHandler' driver.
CRITICAL - 2022-11-09 20:00:31 --> Controller: \App\Controllers\API\v1\usuarios | Metodo: logout | LogLine: 80 | Intento de accion sin estar logueado: logout
INFO - 2022-11-09 20:00:42 --> Session: Class initialized using 'CodeIgniter\Session\Handlers\FileHandler' driver.
INFO - 2022-11-09 20:00:49 --> Session: Class initialized using 'CodeIgniter\Session\Handlers\FileHandler' driver.
INFO - 2022-11-09 20:00:54 --> Session: Class initialized using 'CodeIgniter\Session\Handlers\FileHandler' driver.
INFO - 2022-11-09 20:02:44 --> Session: Class initialized using 'CodeIgniter\Session\Handlers\FileHandler' driver.
CRITICAL - 2022-11-09 20:02:44 --> syntax error, unexpected token ";", expecting "]"
in APPPATH\Helpers\Validators\usuarioValidator_helper.php on line 104.
 1 APPPATH\Controllers\API\v1\Usuarios.php(20): helper([...])
 2 SYSTEMPATH\CodeIgniter.php(864): App\Controllers\API\v1\Usuarios->__construct()
 3 SYSTEMPATH\CodeIgniter.php(448): CodeIgniter\CodeIgniter->createController()
 4 SYSTEMPATH\CodeIgniter.php(340): CodeIgniter\CodeIgniter->handleRequest(null, Object(Config\Cache), false)
 5 FCPATH\index.php(67): CodeIgniter\CodeIgniter->run()
INFO - 2022-11-09 20:03:01 --> Session: Class initialized using 'CodeIgniter\Session\Handlers\FileHandler' driver.
INFO - 2022-11-09 20:03:22 --> Session: Class initialized using 'CodeIgniter\Session\Handlers\FileHandler' driver.
INFO - 2022-11-09 20:03:22 --> Controller: \App\Controllers\API\v1\usuarios | Metodo: login | LogLine: 43 | Correo no existe: 
INFO - 2022-11-09 20:03:33 --> Session: Class initialized using 'CodeIgniter\Session\Handlers\FileHandler' driver.
INFO - 2022-11-09 20:03:33 --> Controller: \App\Controllers\API\v1\usuarios | Metodo: login | LogLine: 43 | Correo no existe: 
INFO - 2022-11-09 20:03:42 --> Session: Class initialized using 'CodeIgniter\Session\Handlers\FileHandler' driver.
INFO - 2022-11-09 20:03:42 --> Controller: \App\Controllers\API\v1\usuarios | Metodo: login | LogLine: 43 | Correo no existe: 
INFO - 2022-11-09 20:03:50 --> Session: Class initialized using 'CodeIgniter\Session\Handlers\FileHandler' driver.
INFO - 2022-11-09 20:04:37 --> Session: Class initialized using 'CodeIgniter\Session\Handlers\FileHandler' driver.
INFO - 2022-11-09 20:04:37 --> Controller: \App\Controllers\API\v1\usuarios | Metodo: login | LogLine: 43 | Correo no existe: 
INFO - 2022-11-09 20:04:40 --> Session: Class initialized using 'CodeIgniter\Session\Handlers\FileHandler' driver.
INFO - 2022-11-09 20:04:40 --> Controller: \App\Controllers\API\v1\usuarios | Metodo: login | LogLine: 43 | Correo no existe: 
INFO - 2022-11-09 20:04:47 --> Session: Class initialized using 'CodeIgniter\Session\Handlers\FileHandler' driver.
INFO - 2022-11-09 20:05:19 --> Session: Class initialized using 'CodeIgniter\Session\Handlers\FileHandler' driver.
CRITICAL - 2022-11-09 20:05:19 --> Controller: \App\Controllers\API\v1\usuarios | Metodo: actualizaPassword | LogLine: 379 | Intento de accion sin estar logueado: actualizaPassword
INFO - 2022-11-09 20:05:26 --> Session: Class initialized using 'CodeIgniter\Session\Handlers\FileHandler' driver.
INFO - 2022-11-09 20:05:26 --> Controller: \App\Controllers\API\v1\usuarios | Metodo: login | LogLine: 43 | Correo no existe: 
INFO - 2022-11-09 20:09:03 --> Session: Class initialized using 'CodeIgniter\Session\Handlers\FileHandler' driver.
INFO - 2022-11-09 20:09:08 --> Session: Class initialized using 'CodeIgniter\Session\Handlers\FileHandler' driver.
INFO - 2022-11-09 20:42:27 --> Session: Class initialized using 'CodeIgniter\Session\Handlers\FileHandler' driver.
INFO - 2022-11-09 20:42:29 --> Session: Class initialized using 'CodeIgniter\Session\Handlers\FileHandler' driver.
ERROR - 2022-11-09 20:42:29 --> mysqli_sql_exception: Table 'pulpox_ads.logs' doesn't exist in C:\xampp\htdocs\pulpox11\system\Database\MySQLi\Connection.php:292
Stack trace:
#0 C:\xampp\htdocs\pulpox11\system\Database\MySQLi\Connection.php(292): mysqli->query('INSERT INTO `lo...', 0)
#1 C:\xampp\htdocs\pulpox11\system\Database\BaseConnection.php(693): CodeIgniter\Database\MySQLi\Connection->execute('INSERT INTO `lo...')
#2 C:\xampp\htdocs\pulpox11\system\Database\BaseConnection.php(620): CodeIgniter\Database\BaseConnection->simpleQuery('INSERT INTO `lo...')
#3 C:\xampp\htdocs\pulpox11\system\Database\BaseBuilder.php(1916): CodeIgniter\Database\BaseConnection->query('INSERT INTO `lo...', Array, false)
#4 C:\xampp\htdocs\pulpox11\system\Model.php(279): CodeIgniter\Database\BaseBuilder->insert()
#5 C:\xampp\htdocs\pulpox11\system\BaseModel.php(748): CodeIgniter\Model->doInsert(Array)
#6 C:\xampp\htdocs\pulpox11\system\Model.php(667): CodeIgniter\BaseModel->insert(Array, true)
#7 C:\xampp\htdocs\pulpox11\system\RESTful\ResourceController.php(297): CodeIgniter\Model->insert(Array)
#8 C:\xampp\htdocs\pulpox11\app\Controllers\API\v1\Usuarios.php(70): CodeIgniter\RESTful\ResourceController->loggerUsuario('Incio de sesi\xC3\xB3...', 'API/v1/Usuarios', 'login')
#9 C:\xampp\htdocs\pulpox11\system\CodeIgniter.php(902): App\Controllers\API\v1\Usuarios->login()
#10 C:\xampp\htdocs\pulpox11\system\CodeIgniter.php(457): CodeIgniter\CodeIgniter->runController(Object(App\Controllers\API\v1\Usuarios))
#11 C:\xampp\htdocs\pulpox11\system\CodeIgniter.php(340): CodeIgniter\CodeIgniter->handleRequest(NULL, Object(Config\Cache), false)
#12 C:\xampp\htdocs\pulpox11\public\index.php(67): CodeIgniter\CodeIgniter->run()
#13 {main}
CRITICAL - 2022-11-09 20:42:29 --> Table 'pulpox_ads.logs' doesn't exist
in SYSTEMPATH\Database\MySQLi\Connection.php on line 292.
 1 SYSTEMPATH\Database\MySQLi\Connection.php(292): mysqli->query('INSERT INTO `logs` (`log_usuario`, `log_id_usuario`, `log_correo_usuario`, `log_mensaje`, `log_controller`, `log_funcion`, `log_inserted_at`) VALUES (\'\', \'36\', \'c.dzul@hotmail.com\', \'Incio de sesión\', \'API/v1/Usuarios\', \'login\', \'2022-11-09 20:42:29\')', 0)
 2 SYSTEMPATH\Database\BaseConnection.php(693): CodeIgniter\Database\MySQLi\Connection->execute('INSERT INTO `logs` (`log_usuario`, `log_id_usuario`, `log_correo_usuario`, `log_mensaje`, `log_controller`, `log_funcion`, `log_inserted_at`) VALUES (\'\', \'36\', \'c.dzul@hotmail.com\', \'Incio de sesión\', \'API/v1/Usuarios\', \'login\', \'2022-11-09 20:42:29\')')
 3 SYSTEMPATH\Database\BaseConnection.php(620): CodeIgniter\Database\BaseConnection->simpleQuery('INSERT INTO `logs` (`log_usuario`, `log_id_usuario`, `log_correo_usuario`, `log_mensaje`, `log_controller`, `log_funcion`, `log_inserted_at`) VALUES (\'\', \'36\', \'c.dzul@hotmail.com\', \'Incio de sesión\', \'API/v1/Usuarios\', \'login\', \'2022-11-09 20:42:29\')')
 4 SYSTEMPATH\Database\BaseBuilder.php(1916): CodeIgniter\Database\BaseConnection->query('INSERT INTO `logs` (`log_usuario`, `log_id_usuario`, `log_correo_usuario`, `log_mensaje`, `log_controller`, `log_funcion`, `log_inserted_at`) VALUES (:log_usuario:, :log_id_usuario:, :log_correo_usuario:, :log_mensaje:, :log_controller:, :log_funcion:, :log_inserted_at:)', [...], false)
 5 SYSTEMPATH\Model.php(279): CodeIgniter\Database\BaseBuilder->insert()
 6 SYSTEMPATH\BaseModel.php(748): CodeIgniter\Model->doInsert([...])
 7 SYSTEMPATH\Model.php(667): CodeIgniter\BaseModel->insert([...], true)
 8 SYSTEMPATH\RESTful\ResourceController.php(297): CodeIgniter\Model->insert([...])
 9 APPPATH\Controllers\API\v1\Usuarios.php(70): CodeIgniter\RESTful\ResourceController->loggerUsuario('Incio de sesión', 'API/v1/Usuarios', 'login')
10 SYSTEMPATH\CodeIgniter.php(902): App\Controllers\API\v1\Usuarios->login()
11 SYSTEMPATH\CodeIgniter.php(457): CodeIgniter\CodeIgniter->runController(Object(App\Controllers\API\v1\Usuarios))
12 SYSTEMPATH\CodeIgniter.php(340): CodeIgniter\CodeIgniter->handleRequest(null, Object(Config\Cache), false)
13 FCPATH\index.php(67): CodeIgniter\CodeIgniter->run()
INFO - 2022-11-09 20:43:25 --> Session: Class initialized using 'CodeIgniter\Session\Handlers\FileHandler' driver.
INFO - 2022-11-09 20:43:37 --> Session: Class initialized using 'CodeIgniter\Session\Handlers\FileHandler' driver.
INFO - 2022-11-09 20:43:40 --> Session: Class initialized using 'CodeIgniter\Session\Handlers\FileHandler' driver.
INFO - 2022-11-09 20:43:41 --> Session: Class initialized using 'CodeIgniter\Session\Handlers\FileHandler' driver.
INFO - 2022-11-09 20:56:06 --> Session: Class initialized using 'CodeIgniter\Session\Handlers\FileHandler' driver.
INFO - 2022-11-09 20:56:08 --> Session: Class initialized using 'CodeIgniter\Session\Handlers\FileHandler' driver.
INFO - 2022-11-09 21:13:40 --> Session: Class initialized using 'CodeIgniter\Session\Handlers\FileHandler' driver.
CRITICAL - 2022-11-09 21:13:40 --> Controller: \App\Controllers\API\v1\usuarios | Metodo: logout | LogLine: 87 | Intento de accion sin estar logueado: logout
INFO - 2022-11-09 21:13:44 --> Session: Class initialized using 'CodeIgniter\Session\Handlers\FileHandler' driver.
INFO - 2022-11-09 21:13:48 --> Session: Class initialized using 'CodeIgniter\Session\Handlers\FileHandler' driver.
INFO - 2022-11-09 21:13:51 --> Session: Class initialized using 'CodeIgniter\Session\Handlers\FileHandler' driver.
INFO - 2022-11-09 21:13:52 --> Session: Class initialized using 'CodeIgniter\Session\Handlers\FileHandler' driver.
INFO - 2022-11-09 21:13:56 --> Session: Class initialized using 'CodeIgniter\Session\Handlers\FileHandler' driver.
CRITICAL - 2022-11-09 21:13:56 --> Controller: \App\Controllers\API\v1\usuarios | Metodo: login | LogLine: 78 | Error general en inicia de sesión: Error: Cannot use object of type stdClass as array in C:\xampp\htdocs\pulpox11\app\Controllers\API\v1\Usuarios.php:31
Stack trace:
#0 C:\xampp\htdocs\pulpox11\system\CodeIgniter.php(902): App\Controllers\API\v1\Usuarios->login()
#1 C:\xampp\htdocs\pulpox11\system\CodeIgniter.php(457): CodeIgniter\CodeIgniter->runController(Object(App\Controllers\API\v1\Usuarios))
#2 C:\xampp\htdocs\pulpox11\system\CodeIgniter.php(340): CodeIgniter\CodeIgniter->handleRequest(NULL, Object(Config\Cache), false)
#3 C:\xampp\htdocs\pulpox11\public\index.php(67): CodeIgniter\CodeIgniter->run()
#4 {main}
INFO - 2022-11-09 21:15:23 --> Session: Class initialized using 'CodeIgniter\Session\Handlers\FileHandler' driver.
CRITICAL - 2022-11-09 21:15:23 --> Controller: \App\Controllers\API\v1\usuarios | Metodo: login | LogLine: 78 | Error general en inicia de sesión: Error: Object of class stdClass could not be converted to string in C:\xampp\htdocs\pulpox11\app\Controllers\API\v1\Usuarios.php:31
Stack trace:
#0 C:\xampp\htdocs\pulpox11\system\CodeIgniter.php(902): App\Controllers\API\v1\Usuarios->login()
#1 C:\xampp\htdocs\pulpox11\system\CodeIgniter.php(457): CodeIgniter\CodeIgniter->runController(Object(App\Controllers\API\v1\Usuarios))
#2 C:\xampp\htdocs\pulpox11\system\CodeIgniter.php(340): CodeIgniter\CodeIgniter->handleRequest(NULL, Object(Config\Cache), false)
#3 C:\xampp\htdocs\pulpox11\public\index.php(67): CodeIgniter\CodeIgniter->run()
#4 {main}
INFO - 2022-11-09 21:23:11 --> Session: Class initialized using 'CodeIgniter\Session\Handlers\FileHandler' driver.
INFO - 2022-11-09 21:24:32 --> Session: Class initialized using 'CodeIgniter\Session\Handlers\FileHandler' driver.
CRITICAL - 2022-11-09 21:31:37 --> Optional parameter $tipo declared before required parameter $userIpAddress is implicitly treated as a required parameter
in SYSTEMPATH\RESTful\ResourceController.php on line 287.
 1 SYSTEMPATH\Autoloader\Autoloader.php(282): CodeIgniter\Debug\Exceptions->errorHandler(8192, 'Optional parameter $tipo declared before required parameter $userIpAddress is implicitly treated as a required parameter', 'SYSTEMPATH\\RESTful\\ResourceController.php', 287)
 2 SYSTEMPATH\Autoloader\Autoloader.php(282): include_once()
 3 SYSTEMPATH\Autoloader\Autoloader.php(259): CodeIgniter\Autoloader\Autoloader->includeFile('SYSTEMPATH\\RESTful\\ResourceController.php')
 4 SYSTEMPATH\Autoloader\Autoloader.php(237): CodeIgniter\Autoloader\Autoloader->loadInNamespace('CodeIgniter\\RESTful\\ResourceController')
 5 APPPATH\Controllers\API\v1\Usuarios.php(12): CodeIgniter\Autoloader\Autoloader->loadClass('CodeIgniter\\RESTful\\ResourceController')
 6 SYSTEMPATH\Autoloader\Autoloader.php(282): include_once('APPPATH\\Controllers\\API\\v1\\Usuarios.php')
 7 SYSTEMPATH\Autoloader\Autoloader.php(259): CodeIgniter\Autoloader\Autoloader->includeFile('APPPATH\\Controllers\\API\\v1\\Usuarios.php')
 8 SYSTEMPATH\Autoloader\Autoloader.php(237): CodeIgniter\Autoloader\Autoloader->loadInNamespace('App\\Controllers\\API\\v1\\usuarios')
 9 [internal function]: CodeIgniter\Autoloader\Autoloader->loadClass('App\\Controllers\\API\\v1\\usuarios')
10 SYSTEMPATH\CodeIgniter.php(852): class_exists('\\App\\Controllers\\API\\v1\\usuarios', true)
11 SYSTEMPATH\CodeIgniter.php(444): CodeIgniter\CodeIgniter->startController()
12 SYSTEMPATH\CodeIgniter.php(340): CodeIgniter\CodeIgniter->handleRequest(null, Object(Config\Cache), false)
13 FCPATH\index.php(67): CodeIgniter\CodeIgniter->run()
INFO - 2022-11-09 21:32:03 --> Session: Class initialized using 'CodeIgniter\Session\Handlers\FileHandler' driver.
INFO - 2022-11-09 21:32:27 --> Session: Class initialized using 'CodeIgniter\Session\Handlers\FileHandler' driver.
INFO - 2022-11-09 21:36:08 --> Session: Class initialized using 'CodeIgniter\Session\Handlers\FileHandler' driver.
INFO - 2022-11-09 21:36:13 --> Session: Class initialized using 'CodeIgniter\Session\Handlers\FileHandler' driver.
INFO - 2022-11-09 21:36:55 --> Session: Class initialized using 'CodeIgniter\Session\Handlers\FileHandler' driver.
INFO - 2022-11-09 21:37:13 --> Session: Class initialized using 'CodeIgniter\Session\Handlers\FileHandler' driver.
INFO - 2022-11-09 21:38:18 --> Session: Class initialized using 'CodeIgniter\Session\Handlers\FileHandler' driver.
INFO - 2022-11-09 21:39:04 --> Session: Class initialized using 'CodeIgniter\Session\Handlers\FileHandler' driver.
INFO - 2022-11-09 21:41:03 --> Session: Class initialized using 'CodeIgniter\Session\Handlers\FileHandler' driver.
INFO - 2022-11-09 21:41:28 --> Session: Class initialized using 'CodeIgniter\Session\Handlers\FileHandler' driver.
INFO - 2022-11-09 22:09:10 --> Session: Class initialized using 'CodeIgniter\Session\Handlers\FileHandler' driver.
INFO - 2022-11-09 22:10:07 --> Session: Class initialized using 'CodeIgniter\Session\Handlers\FileHandler' driver.
INFO - 2022-11-09 22:10:57 --> Session: Class initialized using 'CodeIgniter\Session\Handlers\FileHandler' driver.
INFO - 2022-11-09 22:11:43 --> Session: Class initialized using 'CodeIgniter\Session\Handlers\FileHandler' driver.
INFO - 2022-11-09 22:13:20 --> Session: Class initialized using 'CodeIgniter\Session\Handlers\FileHandler' driver.
INFO - 2022-11-09 22:14:23 --> Session: Class initialized using 'CodeIgniter\Session\Handlers\FileHandler' driver.
CRITICAL - 2022-11-09 22:14:23 --> Class "App\Libraries\PlpxLogger" not found
in SYSTEMPATH\RESTful\ResourceController.php on line 307.
 1 APPPATH\Controllers\API\v1\Usuarios.php(103): CodeIgniter\RESTful\ResourceController->loggerSistema('critical', Object(Error), null, 'API/v1/Usuarios', 'login', 103, '::1')
 2 SYSTEMPATH\CodeIgniter.php(902): App\Controllers\API\v1\Usuarios->login()
 3 SYSTEMPATH\CodeIgniter.php(457): CodeIgniter\CodeIgniter->runController(Object(App\Controllers\API\v1\Usuarios))
 4 SYSTEMPATH\CodeIgniter.php(340): CodeIgniter\CodeIgniter->handleRequest(null, Object(Config\Cache), false)
 5 FCPATH\index.php(67): CodeIgniter\CodeIgniter->run()
INFO - 2022-11-09 22:14:49 --> Session: Class initialized using 'CodeIgniter\Session\Handlers\FileHandler' driver.
CRITICAL - 2022-11-09 22:14:49 --> Class "App\Libraries\PlpxLogger" not found
in SYSTEMPATH\RESTful\ResourceController.php on line 307.
 1 APPPATH\Controllers\API\v1\Usuarios.php(103): CodeIgniter\RESTful\ResourceController->loggerSistema('critical', Object(Error), null, 'API/v1/Usuarios', 'login', 103, '::1')
 2 SYSTEMPATH\CodeIgniter.php(902): App\Controllers\API\v1\Usuarios->login()
 3 SYSTEMPATH\CodeIgniter.php(457): CodeIgniter\CodeIgniter->runController(Object(App\Controllers\API\v1\Usuarios))
 4 SYSTEMPATH\CodeIgniter.php(340): CodeIgniter\CodeIgniter->handleRequest(null, Object(Config\Cache), false)
 5 FCPATH\index.php(67): CodeIgniter\CodeIgniter->run()
INFO - 2022-11-09 22:16:06 --> Session: Class initialized using 'CodeIgniter\Session\Handlers\FileHandler' driver.
CRITICAL - 2022-11-09 22:16:06 --> Class "App\Libraries\PlpxLogger" not found
in SYSTEMPATH\RESTful\ResourceController.php on line 307.
 1 APPPATH\Controllers\API\v1\Usuarios.php(103): CodeIgniter\RESTful\ResourceController->loggerSistema('critical', Object(Error), null, 'API/v1/Usuarios', 'login', 103, '::1')
 2 SYSTEMPATH\CodeIgniter.php(902): App\Controllers\API\v1\Usuarios->login()
 3 SYSTEMPATH\CodeIgniter.php(457): CodeIgniter\CodeIgniter->runController(Object(App\Controllers\API\v1\Usuarios))
 4 SYSTEMPATH\CodeIgniter.php(340): CodeIgniter\CodeIgniter->handleRequest(null, Object(Config\Cache), false)
 5 FCPATH\index.php(67): CodeIgniter\CodeIgniter->run()
INFO - 2022-11-09 22:17:14 --> Session: Class initialized using 'CodeIgniter\Session\Handlers\FileHandler' driver.
INFO - 2022-11-09 22:18:28 --> Session: Class initialized using 'CodeIgniter\Session\Handlers\FileHandler' driver.
CRITICAL - 2022-11-09 22:18:28 --> Class "App\Libraries\LogUsarioClass" not found
in APPPATH\Controllers\API\v1\Usuarios.php on line 29.
 1 SYSTEMPATH\CodeIgniter.php(902): App\Controllers\API\v1\Usuarios->login()
 2 SYSTEMPATH\CodeIgniter.php(457): CodeIgniter\CodeIgniter->runController(Object(App\Controllers\API\v1\Usuarios))
 3 SYSTEMPATH\CodeIgniter.php(340): CodeIgniter\CodeIgniter->handleRequest(null, Object(Config\Cache), false)
 4 FCPATH\index.php(67): CodeIgniter\CodeIgniter->run()
INFO - 2022-11-09 22:19:18 --> Session: Class initialized using 'CodeIgniter\Session\Handlers\FileHandler' driver.
INFO - 2022-11-09 22:19:50 --> Session: Class initialized using 'CodeIgniter\Session\Handlers\FileHandler' driver.
