INFO - 2022-11-02 19:58:17 --> Session: Class initialized using 'CodeIgniter\Session\Handlers\FileHandler' driver.
INFO - 2022-11-02 19:58:19 --> Controller: \App\Controllers\API\v1\usuarios | Metodo: login | LogLine: 64 | Password invalido del correo: c.dzul@hotmail.com
INFO - 2022-11-02 19:59:32 --> Session: Class initialized using 'CodeIgniter\Session\Handlers\FileHandler' driver.
INFO - 2022-11-02 19:59:33 --> Controller: \App\Controllers\API\v1\usuarios | Metodo: login | LogLine: 64 | Password invalido del correo: c.dzul@hotmail.com
INFO - 2022-11-02 20:00:00 --> Session: Class initialized using 'CodeIgniter\Session\Handlers\FileHandler' driver.
INFO - 2022-11-02 20:00:00 --> Controller: \App\Controllers\API\v1\usuarios | Metodo: login | LogLine: 64 | Password invalido del correo: c.dzul@hotmail.com
INFO - 2022-11-02 20:31:10 --> Session: Class initialized using 'CodeIgniter\Session\Handlers\FileHandler' driver.
INFO - 2022-11-02 20:31:10 --> Controller: \App\Controllers\API\v1\usuarios | Metodo: login | LogLine: 51 | Correo no existe: c.dzul@hotmail.com
INFO - 2022-11-02 20:31:35 --> Session: Class initialized using 'CodeIgniter\Session\Handlers\FileHandler' driver.
INFO - 2022-11-02 20:31:35 --> Controller: \App\Controllers\API\v1\usuarios | Metodo: login | LogLine: 51 | Correo no existe: c.dzul@hotmail.com
ERROR - 2022-11-02 20:33:09 --> mysqli_sql_exception: Unknown column 'usupr_correo' in 'where clause' in C:\xampp\htdocs\pulpox11\system\Database\MySQLi\Connection.php:292
Stack trace:
#0 C:\xampp\htdocs\pulpox11\system\Database\MySQLi\Connection.php(292): mysqli->query('SELECT *\nFROM `...', 0)
#1 C:\xampp\htdocs\pulpox11\system\Database\BaseConnection.php(693): CodeIgniter\Database\MySQLi\Connection->execute('SELECT *\nFROM `...')
#2 C:\xampp\htdocs\pulpox11\system\Database\BaseConnection.php(620): CodeIgniter\Database\BaseConnection->simpleQuery('SELECT *\nFROM `...')
#3 C:\xampp\htdocs\pulpox11\system\Database\BaseBuilder.php(1585): CodeIgniter\Database\BaseConnection->query('SELECT *\nFROM `...', Array, false)
#4 C:\xampp\htdocs\pulpox11\system\Model.php(250): CodeIgniter\Database\BaseBuilder->get()
#5 C:\xampp\htdocs\pulpox11\system\BaseModel.php(622): CodeIgniter\Model->doFirst()
#6 C:\xampp\htdocs\pulpox11\app\Controllers\API\v1\Usuarios.php(143): CodeIgniter\BaseModel->first()
#7 C:\xampp\htdocs\pulpox11\system\CodeIgniter.php(902): App\Controllers\API\v1\Usuarios->confirmacion('c.dzul@hotmail....', '57e552151e047b1...')
#8 C:\xampp\htdocs\pulpox11\system\CodeIgniter.php(457): CodeIgniter\CodeIgniter->runController(Object(App\Controllers\API\v1\Usuarios))
#9 C:\xampp\htdocs\pulpox11\system\CodeIgniter.php(340): CodeIgniter\CodeIgniter->handleRequest(NULL, Object(Config\Cache), false)
#10 C:\xampp\htdocs\pulpox11\public\index.php(67): CodeIgniter\CodeIgniter->run()
#11 {main}
CRITICAL - 2022-11-02 20:33:09 --> Unknown column 'usupr_correo' in 'where clause'
in SYSTEMPATH\Database\MySQLi\Connection.php on line 292.
 1 SYSTEMPATH\Database\MySQLi\Connection.php(292): mysqli->query('SELECT *
FROM `usuarios`
WHERE `usupr_correo` = \'c.dzul@hotmail.com\'
 LIMIT 1', 0)
 2 SYSTEMPATH\Database\BaseConnection.php(693): CodeIgniter\Database\MySQLi\Connection->execute('SELECT *
FROM `usuarios`
WHERE `usupr_correo` = \'c.dzul@hotmail.com\'
 LIMIT 1')
 3 SYSTEMPATH\Database\BaseConnection.php(620): CodeIgniter\Database\BaseConnection->simpleQuery('SELECT *
FROM `usuarios`
WHERE `usupr_correo` = \'c.dzul@hotmail.com\'
 LIMIT 1')
 4 SYSTEMPATH\Database\BaseBuilder.php(1585): CodeIgniter\Database\BaseConnection->query('SELECT *
FROM `usuarios`
WHERE `usupr_correo` = :usupr_correo:
 LIMIT 1', [...], false)
 5 SYSTEMPATH\Model.php(250): CodeIgniter\Database\BaseBuilder->get()
 6 SYSTEMPATH\BaseModel.php(622): CodeIgniter\Model->doFirst()
 7 APPPATH\Controllers\API\v1\Usuarios.php(143): CodeIgniter\BaseModel->first()
 8 SYSTEMPATH\CodeIgniter.php(902): App\Controllers\API\v1\Usuarios->confirmacion('c.dzul@hotmail.com', '57e552151e047b1dc6afd063975b3f56698c8e6872ee92868ef0a937bed21a48')
 9 SYSTEMPATH\CodeIgniter.php(457): CodeIgniter\CodeIgniter->runController(Object(App\Controllers\API\v1\Usuarios))
10 SYSTEMPATH\CodeIgniter.php(340): CodeIgniter\CodeIgniter->handleRequest(null, Object(Config\Cache), false)
11 FCPATH\index.php(67): CodeIgniter\CodeIgniter->run()
INFO - 2022-11-02 20:55:20 --> Session: Class initialized using 'CodeIgniter\Session\Handlers\FileHandler' driver.
INFO - 2022-11-02 20:55:20 --> Controller: \App\Controllers\API\v1\usuarios | Metodo: login | LogLine: 51 | Correo no existe: c.dzul@hotmail.com
ERROR - 2022-11-02 20:56:42 --> mysqli_sql_exception: Unknown column 'usupr_correo' in 'where clause' in C:\xampp\htdocs\pulpox11\system\Database\MySQLi\Connection.php:292
Stack trace:
#0 C:\xampp\htdocs\pulpox11\system\Database\MySQLi\Connection.php(292): mysqli->query('SELECT *\nFROM `...', 0)
#1 C:\xampp\htdocs\pulpox11\system\Database\BaseConnection.php(693): CodeIgniter\Database\MySQLi\Connection->execute('SELECT *\nFROM `...')
#2 C:\xampp\htdocs\pulpox11\system\Database\BaseConnection.php(620): CodeIgniter\Database\BaseConnection->simpleQuery('SELECT *\nFROM `...')
#3 C:\xampp\htdocs\pulpox11\system\Database\BaseBuilder.php(1585): CodeIgniter\Database\BaseConnection->query('SELECT *\nFROM `...', Array, false)
#4 C:\xampp\htdocs\pulpox11\system\Model.php(250): CodeIgniter\Database\BaseBuilder->get()
#5 C:\xampp\htdocs\pulpox11\system\BaseModel.php(622): CodeIgniter\Model->doFirst()
#6 C:\xampp\htdocs\pulpox11\app\Controllers\API\v1\Usuarios.php(143): CodeIgniter\BaseModel->first()
#7 C:\xampp\htdocs\pulpox11\system\CodeIgniter.php(902): App\Controllers\API\v1\Usuarios->confirmacion('c.dzul@hotmail....', 'cc0e0af1a08358c...')
#8 C:\xampp\htdocs\pulpox11\system\CodeIgniter.php(457): CodeIgniter\CodeIgniter->runController(Object(App\Controllers\API\v1\Usuarios))
#9 C:\xampp\htdocs\pulpox11\system\CodeIgniter.php(340): CodeIgniter\CodeIgniter->handleRequest(NULL, Object(Config\Cache), false)
#10 C:\xampp\htdocs\pulpox11\public\index.php(67): CodeIgniter\CodeIgniter->run()
#11 {main}
CRITICAL - 2022-11-02 20:56:42 --> Unknown column 'usupr_correo' in 'where clause'
in SYSTEMPATH\Database\MySQLi\Connection.php on line 292.
 1 SYSTEMPATH\Database\MySQLi\Connection.php(292): mysqli->query('SELECT *
FROM `usuarios`
WHERE `usupr_correo` = \'c.dzul@hotmail.com\'
 LIMIT 1', 0)
 2 SYSTEMPATH\Database\BaseConnection.php(693): CodeIgniter\Database\MySQLi\Connection->execute('SELECT *
FROM `usuarios`
WHERE `usupr_correo` = \'c.dzul@hotmail.com\'
 LIMIT 1')
 3 SYSTEMPATH\Database\BaseConnection.php(620): CodeIgniter\Database\BaseConnection->simpleQuery('SELECT *
FROM `usuarios`
WHERE `usupr_correo` = \'c.dzul@hotmail.com\'
 LIMIT 1')
 4 SYSTEMPATH\Database\BaseBuilder.php(1585): CodeIgniter\Database\BaseConnection->query('SELECT *
FROM `usuarios`
WHERE `usupr_correo` = :usupr_correo:
 LIMIT 1', [...], false)
 5 SYSTEMPATH\Model.php(250): CodeIgniter\Database\BaseBuilder->get()
 6 SYSTEMPATH\BaseModel.php(622): CodeIgniter\Model->doFirst()
 7 APPPATH\Controllers\API\v1\Usuarios.php(143): CodeIgniter\BaseModel->first()
 8 SYSTEMPATH\CodeIgniter.php(902): App\Controllers\API\v1\Usuarios->confirmacion('c.dzul@hotmail.com', 'cc0e0af1a08358c01d8f8df284c1a22466033934ab90e0c625aa64b7de84a42c')
 9 SYSTEMPATH\CodeIgniter.php(457): CodeIgniter\CodeIgniter->runController(Object(App\Controllers\API\v1\Usuarios))
10 SYSTEMPATH\CodeIgniter.php(340): CodeIgniter\CodeIgniter->handleRequest(null, Object(Config\Cache), false)
11 FCPATH\index.php(67): CodeIgniter\CodeIgniter->run()
INFO - 2022-11-02 21:02:54 --> Session: Class initialized using 'CodeIgniter\Session\Handlers\FileHandler' driver.
INFO - 2022-11-02 21:02:54 --> Controller: \App\Controllers\API\v1\usuarios | Metodo: login | LogLine: 64 | Password invalido del correo: c.dzul@hotmail.com
INFO - 2022-11-02 21:08:35 --> Session: Class initialized using 'CodeIgniter\Session\Handlers\FileHandler' driver.
INFO - 2022-11-02 21:08:35 --> Controller: \App\Controllers\API\v1\usuarios | Metodo: login | LogLine: 64 | Password invalido del correo: c.dzul@hotmail.com
WARNING - 2022-11-02 21:13:42 --> Controller: \App\Controllers\API\v1\usuarios | Metodo: confirmacion | LogLine: 146 | Correo ya pertenece a otro usuario: c.dzul@hotmail.com
INFO - 2022-11-02 21:14:00 --> Session: Class initialized using 'CodeIgniter\Session\Handlers\FileHandler' driver.
INFO - 2022-11-02 21:14:00 --> Controller: \App\Controllers\API\v1\usuarios | Metodo: login | LogLine: 64 | Password invalido del correo: c.dzul@hotmail.com
INFO - 2022-11-02 21:17:40 --> Session: Class initialized using 'CodeIgniter\Session\Handlers\FileHandler' driver.
INFO - 2022-11-02 21:18:31 --> Session: Class initialized using 'CodeIgniter\Session\Handlers\FileHandler' driver.
INFO - 2022-11-02 21:18:32 --> Session: Class initialized using 'CodeIgniter\Session\Handlers\FileHandler' driver.
INFO - 2022-11-02 21:18:33 --> Session: Class initialized using 'CodeIgniter\Session\Handlers\FileHandler' driver.
INFO - 2022-11-02 21:18:51 --> Session: Class initialized using 'CodeIgniter\Session\Handlers\FileHandler' driver.
INFO - 2022-11-02 21:19:20 --> Session: Class initialized using 'CodeIgniter\Session\Handlers\FileHandler' driver.
INFO - 2022-11-02 21:19:21 --> Session: Class initialized using 'CodeIgniter\Session\Handlers\FileHandler' driver.
INFO - 2022-11-02 21:19:22 --> Session: Class initialized using 'CodeIgniter\Session\Handlers\FileHandler' driver.
INFO - 2022-11-02 21:20:27 --> Session: Class initialized using 'CodeIgniter\Session\Handlers\FileHandler' driver.
INFO - 2022-11-02 21:21:45 --> Session: Class initialized using 'CodeIgniter\Session\Handlers\FileHandler' driver.
INFO - 2022-11-02 21:21:47 --> Session: Class initialized using 'CodeIgniter\Session\Handlers\FileHandler' driver.
INFO - 2022-11-02 21:21:48 --> Session: Class initialized using 'CodeIgniter\Session\Handlers\FileHandler' driver.
INFO - 2022-11-02 21:22:05 --> Session: Class initialized using 'CodeIgniter\Session\Handlers\FileHandler' driver.
INFO - 2022-11-02 21:22:41 --> Session: Class initialized using 'CodeIgniter\Session\Handlers\FileHandler' driver.
INFO - 2022-11-02 21:30:44 --> Session: Class initialized using 'CodeIgniter\Session\Handlers\FileHandler' driver.
INFO - 2022-11-02 21:30:45 --> Session: Class initialized using 'CodeIgniter\Session\Handlers\FileHandler' driver.
INFO - 2022-11-02 21:30:46 --> Session: Class initialized using 'CodeIgniter\Session\Handlers\FileHandler' driver.
INFO - 2022-11-02 21:31:55 --> Session: Class initialized using 'CodeIgniter\Session\Handlers\FileHandler' driver.
INFO - 2022-11-02 21:32:06 --> Session: Class initialized using 'CodeIgniter\Session\Handlers\FileHandler' driver.
INFO - 2022-11-02 21:33:07 --> Session: Class initialized using 'CodeIgniter\Session\Handlers\FileHandler' driver.
INFO - 2022-11-02 21:35:18 --> Session: Class initialized using 'CodeIgniter\Session\Handlers\FileHandler' driver.
INFO - 2022-11-02 21:35:23 --> Session: Class initialized using 'CodeIgniter\Session\Handlers\FileHandler' driver.
INFO - 2022-11-02 21:35:24 --> Session: Class initialized using 'CodeIgniter\Session\Handlers\FileHandler' driver.
INFO - 2022-11-02 21:35:25 --> Session: Class initialized using 'CodeIgniter\Session\Handlers\FileHandler' driver.
INFO - 2022-11-02 21:35:26 --> Session: Class initialized using 'CodeIgniter\Session\Handlers\FileHandler' driver.
INFO - 2022-11-02 21:38:06 --> Session: Class initialized using 'CodeIgniter\Session\Handlers\FileHandler' driver.
INFO - 2022-11-02 21:38:08 --> Session: Class initialized using 'CodeIgniter\Session\Handlers\FileHandler' driver.
INFO - 2022-11-02 21:38:11 --> Session: Class initialized using 'CodeIgniter\Session\Handlers\FileHandler' driver.
INFO - 2022-11-02 21:38:12 --> Session: Class initialized using 'CodeIgniter\Session\Handlers\FileHandler' driver.
INFO - 2022-11-02 21:38:38 --> Session: Class initialized using 'CodeIgniter\Session\Handlers\FileHandler' driver.
INFO - 2022-11-02 21:38:39 --> Session: Class initialized using 'CodeIgniter\Session\Handlers\FileHandler' driver.
INFO - 2022-11-02 21:38:40 --> Session: Class initialized using 'CodeIgniter\Session\Handlers\FileHandler' driver.
INFO - 2022-11-02 21:38:54 --> Session: Class initialized using 'CodeIgniter\Session\Handlers\FileHandler' driver.
INFO - 2022-11-02 21:40:42 --> Session: Class initialized using 'CodeIgniter\Session\Handlers\FileHandler' driver.
INFO - 2022-11-02 21:40:45 --> Session: Class initialized using 'CodeIgniter\Session\Handlers\FileHandler' driver.
INFO - 2022-11-02 21:40:46 --> Session: Class initialized using 'CodeIgniter\Session\Handlers\FileHandler' driver.
INFO - 2022-11-02 21:40:58 --> Session: Class initialized using 'CodeIgniter\Session\Handlers\FileHandler' driver.
INFO - 2022-11-02 21:41:33 --> Session: Class initialized using 'CodeIgniter\Session\Handlers\FileHandler' driver.
CRITICAL - 2022-11-02 21:41:33 --> Attempt to read property "usu_correo" on array
in APPPATH\Controllers\API\v1\Usuarios.php on line 32.
 1 APPPATH\Controllers\API\v1\Usuarios.php(32): CodeIgniter\Debug\Exceptions->errorHandler(2, 'Attempt to read property "usu_correo" on array', 'APPPATH\\Controllers\\API\\v1\\Usuarios.php', 32)
 2 SYSTEMPATH\CodeIgniter.php(902): App\Controllers\API\v1\Usuarios->login()
 3 SYSTEMPATH\CodeIgniter.php(457): CodeIgniter\CodeIgniter->runController(Object(App\Controllers\API\v1\Usuarios))
 4 SYSTEMPATH\CodeIgniter.php(340): CodeIgniter\CodeIgniter->handleRequest(null, Object(Config\Cache), false)
 5 FCPATH\index.php(67): CodeIgniter\CodeIgniter->run()
INFO - 2022-11-02 21:41:34 --> Session: Class initialized using 'CodeIgniter\Session\Handlers\FileHandler' driver.
CRITICAL - 2022-11-02 21:41:34 --> Attempt to read property "usu_correo" on array
in APPPATH\Controllers\API\v1\Usuarios.php on line 32.
 1 APPPATH\Controllers\API\v1\Usuarios.php(32): CodeIgniter\Debug\Exceptions->errorHandler(2, 'Attempt to read property "usu_correo" on array', 'APPPATH\\Controllers\\API\\v1\\Usuarios.php', 32)
 2 SYSTEMPATH\CodeIgniter.php(902): App\Controllers\API\v1\Usuarios->login()
 3 SYSTEMPATH\CodeIgniter.php(457): CodeIgniter\CodeIgniter->runController(Object(App\Controllers\API\v1\Usuarios))
 4 SYSTEMPATH\CodeIgniter.php(340): CodeIgniter\CodeIgniter->handleRequest(null, Object(Config\Cache), false)
 5 FCPATH\index.php(67): CodeIgniter\CodeIgniter->run()
INFO - 2022-11-02 21:41:36 --> Session: Class initialized using 'CodeIgniter\Session\Handlers\FileHandler' driver.
CRITICAL - 2022-11-02 21:41:36 --> Attempt to read property "usu_correo" on array
in APPPATH\Controllers\API\v1\Usuarios.php on line 32.
 1 APPPATH\Controllers\API\v1\Usuarios.php(32): CodeIgniter\Debug\Exceptions->errorHandler(2, 'Attempt to read property "usu_correo" on array', 'APPPATH\\Controllers\\API\\v1\\Usuarios.php', 32)
 2 SYSTEMPATH\CodeIgniter.php(902): App\Controllers\API\v1\Usuarios->login()
 3 SYSTEMPATH\CodeIgniter.php(457): CodeIgniter\CodeIgniter->runController(Object(App\Controllers\API\v1\Usuarios))
 4 SYSTEMPATH\CodeIgniter.php(340): CodeIgniter\CodeIgniter->handleRequest(null, Object(Config\Cache), false)
 5 FCPATH\index.php(67): CodeIgniter\CodeIgniter->run()
INFO - 2022-11-02 21:42:20 --> Session: Class initialized using 'CodeIgniter\Session\Handlers\FileHandler' driver.
INFO - 2022-11-02 21:42:21 --> Session: Class initialized using 'CodeIgniter\Session\Handlers\FileHandler' driver.
INFO - 2022-11-02 21:42:22 --> Session: Class initialized using 'CodeIgniter\Session\Handlers\FileHandler' driver.
INFO - 2022-11-02 21:42:24 --> Session: Class initialized using 'CodeIgniter\Session\Handlers\FileHandler' driver.
INFO - 2022-11-02 21:43:12 --> Session: Class initialized using 'CodeIgniter\Session\Handlers\FileHandler' driver.
INFO - 2022-11-02 21:43:17 --> Session: Class initialized using 'CodeIgniter\Session\Handlers\FileHandler' driver.
INFO - 2022-11-02 21:43:20 --> Session: Class initialized using 'CodeIgniter\Session\Handlers\FileHandler' driver.
INFO - 2022-11-02 21:43:21 --> Session: Class initialized using 'CodeIgniter\Session\Handlers\FileHandler' driver.
INFO - 2022-11-02 21:43:22 --> Session: Class initialized using 'CodeIgniter\Session\Handlers\FileHandler' driver.
INFO - 2022-11-02 21:44:45 --> Session: Class initialized using 'CodeIgniter\Session\Handlers\FileHandler' driver.
INFO - 2022-11-02 21:44:46 --> Session: Class initialized using 'CodeIgniter\Session\Handlers\FileHandler' driver.
INFO - 2022-11-02 21:50:27 --> Session: Class initialized using 'CodeIgniter\Session\Handlers\FileHandler' driver.
INFO - 2022-11-02 21:50:29 --> Session: Class initialized using 'CodeIgniter\Session\Handlers\FileHandler' driver.
INFO - 2022-11-02 21:50:32 --> Session: Class initialized using 'CodeIgniter\Session\Handlers\FileHandler' driver.
INFO - 2022-11-02 21:50:36 --> Session: Class initialized using 'CodeIgniter\Session\Handlers\FileHandler' driver.
INFO - 2022-11-02 21:50:40 --> Session: Class initialized using 'CodeIgniter\Session\Handlers\FileHandler' driver.
INFO - 2022-11-02 21:50:42 --> Session: Class initialized using 'CodeIgniter\Session\Handlers\FileHandler' driver.
INFO - 2022-11-02 21:53:46 --> Session: Class initialized using 'CodeIgniter\Session\Handlers\FileHandler' driver.
INFO - 2022-11-02 21:53:48 --> Session: Class initialized using 'CodeIgniter\Session\Handlers\FileHandler' driver.
CRITICAL - 2022-11-02 22:03:43 --> Constant expression contains invalid operations
in APPPATH\Controllers\API\v1\Usuarios.php on line 20.
 1 [internal function]: CodeIgniter\Debug\Exceptions->shutdownHandler()
CRITICAL - 2022-11-02 22:03:56 --> Constant expression contains invalid operations
in APPPATH\Controllers\API\v1\Usuarios.php on line 20.
 1 [internal function]: CodeIgniter\Debug\Exceptions->shutdownHandler()
CRITICAL - 2022-11-02 22:03:58 --> Constant expression contains invalid operations
in APPPATH\Controllers\API\v1\Usuarios.php on line 20.
 1 [internal function]: CodeIgniter\Debug\Exceptions->shutdownHandler()
INFO - 2022-11-02 22:05:46 --> Session: Class initialized using 'CodeIgniter\Session\Handlers\FileHandler' driver.
INFO - 2022-11-02 22:05:48 --> Session: Class initialized using 'CodeIgniter\Session\Handlers\FileHandler' driver.
INFO - 2022-11-02 22:05:49 --> Session: Class initialized using 'CodeIgniter\Session\Handlers\FileHandler' driver.
INFO - 2022-11-02 22:05:51 --> Session: Class initialized using 'CodeIgniter\Session\Handlers\FileHandler' driver.
INFO - 2022-11-02 22:14:58 --> Session: Class initialized using 'CodeIgniter\Session\Handlers\FileHandler' driver.
INFO - 2022-11-02 22:23:40 --> Session: Class initialized using 'CodeIgniter\Session\Handlers\FileHandler' driver.
CRITICAL - 2022-11-02 22:23:40 --> Controller: \App\Controllers\API\v1\usuarios | Metodo: logout | LogLine: 101 | Error general al finalizar sesión: Error: Object of class CodeIgniter\Session\Session could not be converted to string in C:\xampp\htdocs\pulpox11\app\Controllers\API\v1\Usuarios.php:91
Stack trace:
#0 C:\xampp\htdocs\pulpox11\system\CodeIgniter.php(902): App\Controllers\API\v1\Usuarios->logout()
#1 C:\xampp\htdocs\pulpox11\system\CodeIgniter.php(457): CodeIgniter\CodeIgniter->runController(Object(App\Controllers\API\v1\Usuarios))
#2 C:\xampp\htdocs\pulpox11\system\CodeIgniter.php(340): CodeIgniter\CodeIgniter->handleRequest(NULL, Object(Config\Cache), false)
#3 C:\xampp\htdocs\pulpox11\public\index.php(67): CodeIgniter\CodeIgniter->run()
#4 {main}
INFO - 2022-11-02 22:23:51 --> Session: Class initialized using 'CodeIgniter\Session\Handlers\FileHandler' driver.
CRITICAL - 2022-11-02 22:23:51 --> Controller: \App\Controllers\API\v1\usuarios | Metodo: logout | LogLine: 101 | Error general al finalizar sesión: Error: Object of class CodeIgniter\Session\Session could not be converted to string in C:\xampp\htdocs\pulpox11\app\Controllers\API\v1\Usuarios.php:91
Stack trace:
#0 C:\xampp\htdocs\pulpox11\system\CodeIgniter.php(902): App\Controllers\API\v1\Usuarios->logout()
#1 C:\xampp\htdocs\pulpox11\system\CodeIgniter.php(457): CodeIgniter\CodeIgniter->runController(Object(App\Controllers\API\v1\Usuarios))
#2 C:\xampp\htdocs\pulpox11\system\CodeIgniter.php(340): CodeIgniter\CodeIgniter->handleRequest(NULL, Object(Config\Cache), false)
#3 C:\xampp\htdocs\pulpox11\public\index.php(67): CodeIgniter\CodeIgniter->run()
#4 {main}
INFO - 2022-11-02 22:24:10 --> Session: Class initialized using 'CodeIgniter\Session\Handlers\FileHandler' driver.
CRITICAL - 2022-11-02 22:24:10 --> Controller: \App\Controllers\API\v1\usuarios | Metodo: logout | LogLine: 101 | Error general al finalizar sesión: Error: Object of class CodeIgniter\Session\Session could not be converted to string in C:\xampp\htdocs\pulpox11\app\Controllers\API\v1\Usuarios.php:91
Stack trace:
#0 C:\xampp\htdocs\pulpox11\system\CodeIgniter.php(902): App\Controllers\API\v1\Usuarios->logout()
#1 C:\xampp\htdocs\pulpox11\system\CodeIgniter.php(457): CodeIgniter\CodeIgniter->runController(Object(App\Controllers\API\v1\Usuarios))
#2 C:\xampp\htdocs\pulpox11\system\CodeIgniter.php(340): CodeIgniter\CodeIgniter->handleRequest(NULL, Object(Config\Cache), false)
#3 C:\xampp\htdocs\pulpox11\public\index.php(67): CodeIgniter\CodeIgniter->run()
#4 {main}
INFO - 2022-11-02 22:24:20 --> Session: Class initialized using 'CodeIgniter\Session\Handlers\FileHandler' driver.
CRITICAL - 2022-11-02 22:24:20 --> Controller: \App\Controllers\API\v1\usuarios | Metodo: logout | LogLine: 101 | Error general al finalizar sesión: Error: Object of class CodeIgniter\Session\Session could not be converted to string in C:\xampp\htdocs\pulpox11\app\Controllers\API\v1\Usuarios.php:91
Stack trace:
#0 C:\xampp\htdocs\pulpox11\system\CodeIgniter.php(902): App\Controllers\API\v1\Usuarios->logout()
#1 C:\xampp\htdocs\pulpox11\system\CodeIgniter.php(457): CodeIgniter\CodeIgniter->runController(Object(App\Controllers\API\v1\Usuarios))
#2 C:\xampp\htdocs\pulpox11\system\CodeIgniter.php(340): CodeIgniter\CodeIgniter->handleRequest(NULL, Object(Config\Cache), false)
#3 C:\xampp\htdocs\pulpox11\public\index.php(67): CodeIgniter\CodeIgniter->run()
#4 {main}
INFO - 2022-11-02 22:24:32 --> Session: Class initialized using 'CodeIgniter\Session\Handlers\FileHandler' driver.
CRITICAL - 2022-11-02 22:24:32 --> Controller: \App\Controllers\API\v1\usuarios | Metodo: logout | LogLine: 101 | Error general al finalizar sesión: Error: Object of class CodeIgniter\Session\Session could not be converted to string in C:\xampp\htdocs\pulpox11\app\Controllers\API\v1\Usuarios.php:91
Stack trace:
#0 C:\xampp\htdocs\pulpox11\system\CodeIgniter.php(902): App\Controllers\API\v1\Usuarios->logout()
#1 C:\xampp\htdocs\pulpox11\system\CodeIgniter.php(457): CodeIgniter\CodeIgniter->runController(Object(App\Controllers\API\v1\Usuarios))
#2 C:\xampp\htdocs\pulpox11\system\CodeIgniter.php(340): CodeIgniter\CodeIgniter->handleRequest(NULL, Object(Config\Cache), false)
#3 C:\xampp\htdocs\pulpox11\public\index.php(67): CodeIgniter\CodeIgniter->run()
#4 {main}
INFO - 2022-11-02 22:24:47 --> Session: Class initialized using 'CodeIgniter\Session\Handlers\FileHandler' driver.
CRITICAL - 2022-11-02 22:24:47 --> Controller: \App\Controllers\API\v1\usuarios | Metodo: logout | LogLine: 101 | Error general al finalizar sesión: Error: Object of class CodeIgniter\Session\Session could not be converted to string in C:\xampp\htdocs\pulpox11\app\Controllers\API\v1\Usuarios.php:91
Stack trace:
#0 C:\xampp\htdocs\pulpox11\system\CodeIgniter.php(902): App\Controllers\API\v1\Usuarios->logout()
#1 C:\xampp\htdocs\pulpox11\system\CodeIgniter.php(457): CodeIgniter\CodeIgniter->runController(Object(App\Controllers\API\v1\Usuarios))
#2 C:\xampp\htdocs\pulpox11\system\CodeIgniter.php(340): CodeIgniter\CodeIgniter->handleRequest(NULL, Object(Config\Cache), false)
#3 C:\xampp\htdocs\pulpox11\public\index.php(67): CodeIgniter\CodeIgniter->run()
#4 {main}
INFO - 2022-11-02 22:25:12 --> Session: Class initialized using 'CodeIgniter\Session\Handlers\FileHandler' driver.
CRITICAL - 2022-11-02 22:25:12 --> Controller: \App\Controllers\API\v1\usuarios | Metodo: logout | LogLine: 101 | Error general al finalizar sesión: Error: Object of class CodeIgniter\Session\Session could not be converted to string in C:\xampp\htdocs\pulpox11\app\Controllers\API\v1\Usuarios.php:91
Stack trace:
#0 C:\xampp\htdocs\pulpox11\system\CodeIgniter.php(902): App\Controllers\API\v1\Usuarios->logout()
#1 C:\xampp\htdocs\pulpox11\system\CodeIgniter.php(457): CodeIgniter\CodeIgniter->runController(Object(App\Controllers\API\v1\Usuarios))
#2 C:\xampp\htdocs\pulpox11\system\CodeIgniter.php(340): CodeIgniter\CodeIgniter->handleRequest(NULL, Object(Config\Cache), false)
#3 C:\xampp\htdocs\pulpox11\public\index.php(67): CodeIgniter\CodeIgniter->run()
#4 {main}
INFO - 2022-11-02 22:26:15 --> Session: Class initialized using 'CodeIgniter\Session\Handlers\FileHandler' driver.
CRITICAL - 2022-11-02 22:26:15 --> Controller: \App\Controllers\API\v1\usuarios | Metodo: logout | LogLine: 101 | Error general al finalizar sesión: Error: Object of class CodeIgniter\Session\Session could not be converted to string in C:\xampp\htdocs\pulpox11\app\Controllers\API\v1\Usuarios.php:91
Stack trace:
#0 C:\xampp\htdocs\pulpox11\system\CodeIgniter.php(902): App\Controllers\API\v1\Usuarios->logout()
#1 C:\xampp\htdocs\pulpox11\system\CodeIgniter.php(457): CodeIgniter\CodeIgniter->runController(Object(App\Controllers\API\v1\Usuarios))
#2 C:\xampp\htdocs\pulpox11\system\CodeIgniter.php(340): CodeIgniter\CodeIgniter->handleRequest(NULL, Object(Config\Cache), false)
#3 C:\xampp\htdocs\pulpox11\public\index.php(67): CodeIgniter\CodeIgniter->run()
#4 {main}
INFO - 2022-11-02 22:27:03 --> Session: Class initialized using 'CodeIgniter\Session\Handlers\FileHandler' driver.
CRITICAL - 2022-11-02 22:27:03 --> Controller: \App\Controllers\API\v1\usuarios | Metodo: logout | LogLine: 102 | Error general al finalizar sesión: Error: Object of class CodeIgniter\Session\Session could not be converted to string in C:\xampp\htdocs\pulpox11\app\Controllers\API\v1\Usuarios.php:91
Stack trace:
#0 C:\xampp\htdocs\pulpox11\system\CodeIgniter.php(902): App\Controllers\API\v1\Usuarios->logout()
#1 C:\xampp\htdocs\pulpox11\system\CodeIgniter.php(457): CodeIgniter\CodeIgniter->runController(Object(App\Controllers\API\v1\Usuarios))
#2 C:\xampp\htdocs\pulpox11\system\CodeIgniter.php(340): CodeIgniter\CodeIgniter->handleRequest(NULL, Object(Config\Cache), false)
#3 C:\xampp\htdocs\pulpox11\public\index.php(67): CodeIgniter\CodeIgniter->run()
#4 {main}
INFO - 2022-11-02 22:27:44 --> Session: Class initialized using 'CodeIgniter\Session\Handlers\FileHandler' driver.
CRITICAL - 2022-11-02 22:27:44 --> Controller: \App\Controllers\API\v1\usuarios | Metodo: logout | LogLine: 102 | Error general al finalizar sesión: Error: Object of class CodeIgniter\Session\Session could not be converted to string in C:\xampp\htdocs\pulpox11\app\Controllers\API\v1\Usuarios.php:91
Stack trace:
#0 C:\xampp\htdocs\pulpox11\system\CodeIgniter.php(902): App\Controllers\API\v1\Usuarios->logout()
#1 C:\xampp\htdocs\pulpox11\system\CodeIgniter.php(457): CodeIgniter\CodeIgniter->runController(Object(App\Controllers\API\v1\Usuarios))
#2 C:\xampp\htdocs\pulpox11\system\CodeIgniter.php(340): CodeIgniter\CodeIgniter->handleRequest(NULL, Object(Config\Cache), false)
#3 C:\xampp\htdocs\pulpox11\public\index.php(67): CodeIgniter\CodeIgniter->run()
#4 {main}
INFO - 2022-11-02 22:27:58 --> Session: Class initialized using 'CodeIgniter\Session\Handlers\FileHandler' driver.
INFO - 2022-11-02 22:28:29 --> Session: Class initialized using 'CodeIgniter\Session\Handlers\FileHandler' driver.
INFO - 2022-11-02 22:29:18 --> Session: Class initialized using 'CodeIgniter\Session\Handlers\FileHandler' driver.
INFO - 2022-11-02 22:31:09 --> Session: Class initialized using 'CodeIgniter\Session\Handlers\FileHandler' driver.
INFO - 2022-11-02 22:37:42 --> Session: Class initialized using 'CodeIgniter\Session\Handlers\FileHandler' driver.
INFO - 2022-11-02 22:37:46 --> Session: Class initialized using 'CodeIgniter\Session\Handlers\FileHandler' driver.
INFO - 2022-11-02 22:37:48 --> Session: Class initialized using 'CodeIgniter\Session\Handlers\FileHandler' driver.
INFO - 2022-11-02 22:37:52 --> Session: Class initialized using 'CodeIgniter\Session\Handlers\FileHandler' driver.
INFO - 2022-11-02 22:38:49 --> Session: Class initialized using 'CodeIgniter\Session\Handlers\FileHandler' driver.
INFO - 2022-11-02 22:38:52 --> Session: Class initialized using 'CodeIgniter\Session\Handlers\FileHandler' driver.
INFO - 2022-11-02 22:38:52 --> Controller: \App\Controllers\API\v1\usuarios | Metodo: login | LogLine: 80 | Password inválido del correo: c.dzul@hotmail.com
