INFO - 2022-11-04 20:16:44 --> Session: Class initialized using 'CodeIgniter\Session\Handlers\FileHandler' driver.
INFO - 2022-11-04 20:16:56 --> Session: Class initialized using 'CodeIgniter\Session\Handlers\FileHandler' driver.
CRITICAL - 2022-11-04 20:16:56 --> Controller: \App\Controllers\API\v1\usuarios | Metodo: login | LogLine: 81 | Error general en inicia de sesión: Error: Object of class App\Controllers\API\v1\Usuarios could not be converted to string in C:\xampp\htdocs\pulpox11\app\Controllers\API\v1\Usuarios.php:76
Stack trace:
#0 C:\xampp\htdocs\pulpox11\system\CodeIgniter.php(902): App\Controllers\API\v1\Usuarios->login()
#1 C:\xampp\htdocs\pulpox11\system\CodeIgniter.php(457): CodeIgniter\CodeIgniter->runController(Object(App\Controllers\API\v1\Usuarios))
#2 C:\xampp\htdocs\pulpox11\system\CodeIgniter.php(340): CodeIgniter\CodeIgniter->handleRequest(NULL, Object(Config\Cache), false)
#3 C:\xampp\htdocs\pulpox11\public\index.php(67): CodeIgniter\CodeIgniter->run()
#4 {main}
INFO - 2022-11-04 20:17:18 --> Session: Class initialized using 'CodeIgniter\Session\Handlers\FileHandler' driver.
INFO - 2022-11-04 20:17:27 --> Session: Class initialized using 'CodeIgniter\Session\Handlers\FileHandler' driver.
CRITICAL - 2022-11-04 20:17:27 --> Controller: \App\Controllers\API\v1\usuarios | Metodo: logout | LogLine: 95 | Error general al finalizar sesión: Error: Object of class App\Controllers\API\v1\Usuarios could not be converted to string in C:\xampp\htdocs\pulpox11\app\Controllers\API\v1\Usuarios.php:92
Stack trace:
#0 C:\xampp\htdocs\pulpox11\system\CodeIgniter.php(902): App\Controllers\API\v1\Usuarios->logout()
#1 C:\xampp\htdocs\pulpox11\system\CodeIgniter.php(457): CodeIgniter\CodeIgniter->runController(Object(App\Controllers\API\v1\Usuarios))
#2 C:\xampp\htdocs\pulpox11\system\CodeIgniter.php(340): CodeIgniter\CodeIgniter->handleRequest(NULL, Object(Config\Cache), false)
#3 C:\xampp\htdocs\pulpox11\public\index.php(67): CodeIgniter\CodeIgniter->run()
#4 {main}
INFO - 2022-11-04 20:17:42 --> Session: Class initialized using 'CodeIgniter\Session\Handlers\FileHandler' driver.
INFO - 2022-11-04 20:17:56 --> Session: Class initialized using 'CodeIgniter\Session\Handlers\FileHandler' driver.
INFO - 2022-11-04 20:20:58 --> Session: Class initialized using 'CodeIgniter\Session\Handlers\FileHandler' driver.
INFO - 2022-11-04 20:21:09 --> Session: Class initialized using 'CodeIgniter\Session\Handlers\FileHandler' driver.
INFO - 2022-11-04 20:21:18 --> Session: Class initialized using 'CodeIgniter\Session\Handlers\FileHandler' driver.
INFO - 2022-11-04 20:21:53 --> Session: Class initialized using 'CodeIgniter\Session\Handlers\FileHandler' driver.
CRITICAL - 2022-11-04 20:21:53 --> CodeIgniter\Log\Logger::log(): Argument #3 ($context) must be of type array, int given, called in C:\xampp\htdocs\pulpox11\app\Controllers\API\v1\Usuarios.php on line 81
in SYSTEMPATH\Log\Logger.php on line 249.
 1 APPPATH\Controllers\API\v1\Usuarios.php(81): CodeIgniter\Log\Logger->log('critical', 'Error general en inicia de sesión: TypeError: Unsupported operand types: array + int in C:\\xampp\\htdocs\\pulpox11\\app\\Controllers\\API\\v1\\Usuarios.php:76
Stack trace:
#0 C:\\xampp\\htdocs\\pulpox11\\system\\CodeIgniter.php(902): App\\Controllers\\API\\v1\\Usuarios->login()
#1 C:\\xampp\\htdocs\\pulpox11\\system\\CodeIgniter.php(457): CodeIgniter\\CodeIgniter->runController(Object(App\\Controllers\\API\\v1\\Usuarios))
#2 C:\\xampp\\htdocs\\pulpox11\\system\\CodeIgniter.php(340): CodeIgniter\\CodeIgniter->handleRequest(NULL, Object(Config\\Cache), false)
#3 C:\\xampp\\htdocs\\pulpox11\\public\\index.php(67): CodeIgniter\\CodeIgniter->run()
#4 {main}', 81)
 2 SYSTEMPATH\CodeIgniter.php(902): App\Controllers\API\v1\Usuarios->login()
 3 SYSTEMPATH\CodeIgniter.php(457): CodeIgniter\CodeIgniter->runController(Object(App\Controllers\API\v1\Usuarios))
 4 SYSTEMPATH\CodeIgniter.php(340): CodeIgniter\CodeIgniter->handleRequest(null, Object(Config\Cache), false)
 5 FCPATH\index.php(67): CodeIgniter\CodeIgniter->run()
INFO - 2022-11-04 20:22:21 --> Session: Class initialized using 'CodeIgniter\Session\Handlers\FileHandler' driver.
CRITICAL - 2022-11-04 20:22:21 --> CodeIgniter\Log\Logger::log(): Argument #3 ($context) must be of type array, int given, called in C:\xampp\htdocs\pulpox11\app\Controllers\API\v1\Usuarios.php on line 83
in SYSTEMPATH\Log\Logger.php on line 249.
 1 APPPATH\Controllers\API\v1\Usuarios.php(83): CodeIgniter\Log\Logger->log('critical', 'Error general en inicia de sesión: TypeError: CodeIgniter\\Log\\Logger::log(): Argument #3 ($context) must be of type array, int given, called in C:\\xampp\\htdocs\\pulpox11\\app\\Controllers\\API\\v1\\Usuarios.php on line 41 and defined in C:\\xampp\\htdocs\\pulpox11\\system\\Log\\Logger.php:249
Stack trace:
#0 C:\\xampp\\htdocs\\pulpox11\\app\\Controllers\\API\\v1\\Usuarios.php(41): CodeIgniter\\Log\\Logger->log(\'critical\', \'Error general e...\', 41)
#1 C:\\xampp\\htdocs\\pulpox11\\system\\CodeIgniter.php(902): App\\Controllers\\API\\v1\\Usuarios->login()
#2 C:\\xampp\\htdocs\\pulpox11\\system\\CodeIgniter.php(457): CodeIgniter\\CodeIgniter->runController(Object(App\\Controllers\\API\\v1\\Usuarios))
#3 C:\\xampp\\htdocs\\pulpox11\\system\\CodeIgniter.php(340): CodeIgniter\\CodeIgniter->handleRequest(NULL, Object(Config\\Cache), false)
#4 C:\\xampp\\htdocs\\pulpox11\\public\\index.php(67): CodeIgniter\\CodeIgniter->run()
#5 {main}', 83)
 2 SYSTEMPATH\CodeIgniter.php(902): App\Controllers\API\v1\Usuarios->login()
 3 SYSTEMPATH\CodeIgniter.php(457): CodeIgniter\CodeIgniter->runController(Object(App\Controllers\API\v1\Usuarios))
 4 SYSTEMPATH\CodeIgniter.php(340): CodeIgniter\CodeIgniter->handleRequest(null, Object(Config\Cache), false)
 5 FCPATH\index.php(67): CodeIgniter\CodeIgniter->run()
INFO - 2022-11-04 20:28:05 --> Session: Class initialized using 'CodeIgniter\Session\Handlers\FileHandler' driver.
CRITICAL - 2022-11-04 20:28:05 --> CodeIgniter\Log\Logger::log(): Argument #3 ($context) must be of type array, int given, called in C:\xampp\htdocs\pulpox11\app\Controllers\API\v1\Usuarios.php on line 83
in SYSTEMPATH\Log\Logger.php on line 249.
 1 APPPATH\Controllers\API\v1\Usuarios.php(83): CodeIgniter\Log\Logger->log('critical', 'Error general en inicia de sesión: TypeError: CodeIgniter\\Log\\Logger::log(): Argument #3 ($context) must be of type array, int given, called in C:\\xampp\\htdocs\\pulpox11\\app\\Controllers\\API\\v1\\Usuarios.php on line 41 and defined in C:\\xampp\\htdocs\\pulpox11\\system\\Log\\Logger.php:249
Stack trace:
#0 C:\\xampp\\htdocs\\pulpox11\\app\\Controllers\\API\\v1\\Usuarios.php(41): CodeIgniter\\Log\\Logger->log(\'critical\', \'Error general e...\', 41)
#1 C:\\xampp\\htdocs\\pulpox11\\system\\CodeIgniter.php(902): App\\Controllers\\API\\v1\\Usuarios->login()
#2 C:\\xampp\\htdocs\\pulpox11\\system\\CodeIgniter.php(457): CodeIgniter\\CodeIgniter->runController(Object(App\\Controllers\\API\\v1\\Usuarios))
#3 C:\\xampp\\htdocs\\pulpox11\\system\\CodeIgniter.php(340): CodeIgniter\\CodeIgniter->handleRequest(NULL, Object(Config\\Cache), false)
#4 C:\\xampp\\htdocs\\pulpox11\\public\\index.php(67): CodeIgniter\\CodeIgniter->run()
#5 {main}', 83)
 2 SYSTEMPATH\CodeIgniter.php(902): App\Controllers\API\v1\Usuarios->login()
 3 SYSTEMPATH\CodeIgniter.php(457): CodeIgniter\CodeIgniter->runController(Object(App\Controllers\API\v1\Usuarios))
 4 SYSTEMPATH\CodeIgniter.php(340): CodeIgniter\CodeIgniter->handleRequest(null, Object(Config\Cache), false)
 5 FCPATH\index.php(67): CodeIgniter\CodeIgniter->run()
INFO - 2022-11-04 20:39:08 --> Session: Class initialized using 'CodeIgniter\Session\Handlers\FileHandler' driver.
CRITICAL - 2022-11-04 20:39:08 --> Controller: \App\Controllers\API\v1\usuarios | Metodo: login | LogLine: 39 | Error general en inicia de sesión:adaaasdsad 
INFO - 2022-11-04 20:40:50 --> Session: Class initialized using 'CodeIgniter\Session\Handlers\FileHandler' driver.
CRITICAL - 2022-11-04 20:40:50 --> Controller: \App\Controllers\API\v1\usuarios | Metodo: login | LogLine: 37 | Error general en inicia de sesión:adaaasdsad 
INFO - 2022-11-04 21:02:05 --> Session: Class initialized using 'CodeIgniter\Session\Handlers\FileHandler' driver.
INFO - 2022-11-04 21:05:53 --> Session: Class initialized using 'CodeIgniter\Session\Handlers\FileHandler' driver.
INFO - 2022-11-04 21:05:57 --> Session: Class initialized using 'CodeIgniter\Session\Handlers\FileHandler' driver.
INFO - 2022-11-04 21:05:59 --> Session: Class initialized using 'CodeIgniter\Session\Handlers\FileHandler' driver.
CRITICAL - 2022-11-04 21:16:04 --> Declaration of App\Controllers\API\v1\Usuarios::update() must be compatible with CodeIgniter\RESTful\ResourceController::update($id = null)
in APPPATH\Controllers\API\v1\Usuarios.php on line 300.
 1 [internal function]: CodeIgniter\Debug\Exceptions->shutdownHandler()
CRITICAL - 2022-11-04 21:16:05 --> Declaration of App\Controllers\API\v1\Usuarios::update() must be compatible with CodeIgniter\RESTful\ResourceController::update($id = null)
in APPPATH\Controllers\API\v1\Usuarios.php on line 300.
 1 [internal function]: CodeIgniter\Debug\Exceptions->shutdownHandler()
CRITICAL - 2022-11-04 21:17:02 --> Declaration of App\Controllers\API\v1\Usuarios::update() must be compatible with CodeIgniter\RESTful\ResourceController::update($id = null)
in APPPATH\Controllers\API\v1\Usuarios.php on line 300.
 1 [internal function]: CodeIgniter\Debug\Exceptions->shutdownHandler()
INFO - 2022-11-04 21:17:46 --> Session: Class initialized using 'CodeIgniter\Session\Handlers\FileHandler' driver.
INFO - 2022-11-04 21:17:47 --> Session: Class initialized using 'CodeIgniter\Session\Handlers\FileHandler' driver.
CRITICAL - 2022-11-04 21:17:47 --> Controller: \App\Controllers\API\v1\usuarios | Metodo: logout | LogLine: 84 | Intento de loggout de usuario sin estar loggeado
INFO - 2022-11-04 21:22:33 --> Session: Class initialized using 'CodeIgniter\Session\Handlers\FileHandler' driver.
INFO - 2022-11-04 21:24:50 --> Session: Class initialized using 'CodeIgniter\Session\Handlers\FileHandler' driver.
INFO - 2022-11-04 21:25:02 --> Session: Class initialized using 'CodeIgniter\Session\Handlers\FileHandler' driver.
CRITICAL - 2022-11-04 21:25:02 --> There is no data to update.
in SYSTEMPATH\BaseModel.php on line 866.
 1 SYSTEMPATH\BaseModel.php(866): CodeIgniter\Database\Exceptions\DataException::forEmptyDataset('update')
 2 SYSTEMPATH\Model.php(693): CodeIgniter\BaseModel->update([...], [])
 3 APPPATH\Controllers\API\v1\Usuarios.php(329): CodeIgniter\Model->update('36', [...])
 4 SYSTEMPATH\CodeIgniter.php(902): App\Controllers\API\v1\Usuarios->actualizarDatos()
 5 SYSTEMPATH\CodeIgniter.php(457): CodeIgniter\CodeIgniter->runController(Object(App\Controllers\API\v1\Usuarios))
 6 SYSTEMPATH\CodeIgniter.php(340): CodeIgniter\CodeIgniter->handleRequest(null, Object(Config\Cache), false)
 7 FCPATH\index.php(67): CodeIgniter\CodeIgniter->run()
INFO - 2022-11-04 21:25:23 --> Session: Class initialized using 'CodeIgniter\Session\Handlers\FileHandler' driver.
CRITICAL - 2022-11-04 21:25:23 --> There is no data to update.
in SYSTEMPATH\BaseModel.php on line 866.
 1 SYSTEMPATH\BaseModel.php(866): CodeIgniter\Database\Exceptions\DataException::forEmptyDataset('update')
 2 SYSTEMPATH\Model.php(693): CodeIgniter\BaseModel->update([...], [])
 3 APPPATH\Controllers\API\v1\Usuarios.php(331): CodeIgniter\Model->update('36', [...])
 4 SYSTEMPATH\CodeIgniter.php(902): App\Controllers\API\v1\Usuarios->actualizarDatos()
 5 SYSTEMPATH\CodeIgniter.php(457): CodeIgniter\CodeIgniter->runController(Object(App\Controllers\API\v1\Usuarios))
 6 SYSTEMPATH\CodeIgniter.php(340): CodeIgniter\CodeIgniter->handleRequest(null, Object(Config\Cache), false)
 7 FCPATH\index.php(67): CodeIgniter\CodeIgniter->run()
INFO - 2022-11-04 21:25:27 --> Session: Class initialized using 'CodeIgniter\Session\Handlers\FileHandler' driver.
CRITICAL - 2022-11-04 21:25:27 --> There is no data to update.
in SYSTEMPATH\BaseModel.php on line 866.
 1 SYSTEMPATH\BaseModel.php(866): CodeIgniter\Database\Exceptions\DataException::forEmptyDataset('update')
 2 SYSTEMPATH\Model.php(693): CodeIgniter\BaseModel->update([...], [])
 3 APPPATH\Controllers\API\v1\Usuarios.php(331): CodeIgniter\Model->update('36', [...])
 4 SYSTEMPATH\CodeIgniter.php(902): App\Controllers\API\v1\Usuarios->actualizarDatos()
 5 SYSTEMPATH\CodeIgniter.php(457): CodeIgniter\CodeIgniter->runController(Object(App\Controllers\API\v1\Usuarios))
 6 SYSTEMPATH\CodeIgniter.php(340): CodeIgniter\CodeIgniter->handleRequest(null, Object(Config\Cache), false)
 7 FCPATH\index.php(67): CodeIgniter\CodeIgniter->run()
INFO - 2022-11-04 21:25:49 --> Session: Class initialized using 'CodeIgniter\Session\Handlers\FileHandler' driver.
CRITICAL - 2022-11-04 21:25:49 --> There is no data to update.
in SYSTEMPATH\BaseModel.php on line 866.
 1 SYSTEMPATH\BaseModel.php(866): CodeIgniter\Database\Exceptions\DataException::forEmptyDataset('update')
 2 SYSTEMPATH\Model.php(693): CodeIgniter\BaseModel->update([...], [])
 3 APPPATH\Controllers\API\v1\Usuarios.php(333): CodeIgniter\Model->update('36', [...])
 4 SYSTEMPATH\CodeIgniter.php(902): App\Controllers\API\v1\Usuarios->actualizarDatos()
 5 SYSTEMPATH\CodeIgniter.php(457): CodeIgniter\CodeIgniter->runController(Object(App\Controllers\API\v1\Usuarios))
 6 SYSTEMPATH\CodeIgniter.php(340): CodeIgniter\CodeIgniter->handleRequest(null, Object(Config\Cache), false)
 7 FCPATH\index.php(67): CodeIgniter\CodeIgniter->run()
INFO - 2022-11-04 21:25:54 --> Session: Class initialized using 'CodeIgniter\Session\Handlers\FileHandler' driver.
CRITICAL - 2022-11-04 21:25:54 --> There is no data to update.
in SYSTEMPATH\BaseModel.php on line 866.
 1 SYSTEMPATH\BaseModel.php(866): CodeIgniter\Database\Exceptions\DataException::forEmptyDataset('update')
 2 SYSTEMPATH\Model.php(693): CodeIgniter\BaseModel->update([...], [])
 3 APPPATH\Controllers\API\v1\Usuarios.php(333): CodeIgniter\Model->update('36', [...])
 4 SYSTEMPATH\CodeIgniter.php(902): App\Controllers\API\v1\Usuarios->actualizarDatos()
 5 SYSTEMPATH\CodeIgniter.php(457): CodeIgniter\CodeIgniter->runController(Object(App\Controllers\API\v1\Usuarios))
 6 SYSTEMPATH\CodeIgniter.php(340): CodeIgniter\CodeIgniter->handleRequest(null, Object(Config\Cache), false)
 7 FCPATH\index.php(67): CodeIgniter\CodeIgniter->run()
INFO - 2022-11-04 21:26:47 --> Session: Class initialized using 'CodeIgniter\Session\Handlers\FileHandler' driver.
CRITICAL - 2022-11-04 21:26:47 --> There is no data to update.
in SYSTEMPATH\BaseModel.php on line 866.
 1 SYSTEMPATH\BaseModel.php(866): CodeIgniter\Database\Exceptions\DataException::forEmptyDataset('update')
 2 SYSTEMPATH\Model.php(693): CodeIgniter\BaseModel->update([...], [])
 3 APPPATH\Controllers\API\v1\Usuarios.php(333): CodeIgniter\Model->update('36', [...])
 4 SYSTEMPATH\CodeIgniter.php(902): App\Controllers\API\v1\Usuarios->actualizarDatos()
 5 SYSTEMPATH\CodeIgniter.php(457): CodeIgniter\CodeIgniter->runController(Object(App\Controllers\API\v1\Usuarios))
 6 SYSTEMPATH\CodeIgniter.php(340): CodeIgniter\CodeIgniter->handleRequest(null, Object(Config\Cache), false)
 7 FCPATH\index.php(67): CodeIgniter\CodeIgniter->run()
INFO - 2022-11-04 21:27:11 --> Session: Class initialized using 'CodeIgniter\Session\Handlers\FileHandler' driver.
CRITICAL - 2022-11-04 21:27:11 --> There is no data to update.
in SYSTEMPATH\BaseModel.php on line 866.
 1 SYSTEMPATH\BaseModel.php(866): CodeIgniter\Database\Exceptions\DataException::forEmptyDataset('update')
 2 SYSTEMPATH\Model.php(693): CodeIgniter\BaseModel->update([...], [])
 3 APPPATH\Controllers\API\v1\Usuarios.php(334): CodeIgniter\Model->update('36', [...])
 4 SYSTEMPATH\CodeIgniter.php(902): App\Controllers\API\v1\Usuarios->actualizarDatos()
 5 SYSTEMPATH\CodeIgniter.php(457): CodeIgniter\CodeIgniter->runController(Object(App\Controllers\API\v1\Usuarios))
 6 SYSTEMPATH\CodeIgniter.php(340): CodeIgniter\CodeIgniter->handleRequest(null, Object(Config\Cache), false)
 7 FCPATH\index.php(67): CodeIgniter\CodeIgniter->run()
INFO - 2022-11-04 21:28:38 --> Session: Class initialized using 'CodeIgniter\Session\Handlers\FileHandler' driver.
INFO - 2022-11-04 21:28:47 --> Session: Class initialized using 'CodeIgniter\Session\Handlers\FileHandler' driver.
INFO - 2022-11-04 21:29:16 --> Session: Class initialized using 'CodeIgniter\Session\Handlers\FileHandler' driver.
INFO - 2022-11-04 21:33:04 --> Session: Class initialized using 'CodeIgniter\Session\Handlers\FileHandler' driver.
INFO - 2022-11-04 21:33:53 --> Session: Class initialized using 'CodeIgniter\Session\Handlers\FileHandler' driver.
INFO - 2022-11-04 21:34:33 --> Session: Class initialized using 'CodeIgniter\Session\Handlers\FileHandler' driver.
INFO - 2022-11-04 21:34:49 --> Session: Class initialized using 'CodeIgniter\Session\Handlers\FileHandler' driver.
INFO - 2022-11-04 21:36:41 --> Session: Class initialized using 'CodeIgniter\Session\Handlers\FileHandler' driver.
INFO - 2022-11-04 21:39:35 --> Session: Class initialized using 'CodeIgniter\Session\Handlers\FileHandler' driver.
INFO - 2022-11-04 21:40:11 --> Session: Class initialized using 'CodeIgniter\Session\Handlers\FileHandler' driver.
INFO - 2022-11-04 21:40:33 --> Session: Class initialized using 'CodeIgniter\Session\Handlers\FileHandler' driver.
INFO - 2022-11-04 21:45:32 --> Session: Class initialized using 'CodeIgniter\Session\Handlers\FileHandler' driver.
INFO - 2022-11-04 21:46:03 --> Session: Class initialized using 'CodeIgniter\Session\Handlers\FileHandler' driver.
INFO - 2022-11-04 21:49:29 --> Session: Class initialized using 'CodeIgniter\Session\Handlers\FileHandler' driver.
