INFO - 2022-11-03 20:38:48 --> Session: Class initialized using 'CodeIgniter\Session\Handlers\FileHandler' driver.
INFO - 2022-11-03 20:38:48 --> Controller: \App\Controllers\API\v1\usuarios | Metodo: login | LogLine: 80 | Password inválido del correo: c.dzul@hotmail.com
INFO - 2022-11-03 20:39:08 --> Session: Class initialized using 'CodeIgniter\Session\Handlers\FileHandler' driver.
CRITICAL - 2022-11-03 20:39:08 --> Controller: \App\Controllers\API\v1\usuarios | Metodo: login | LogLine: 109 | Error general en inicia de sesión: Error: [] operator not supported for strings in C:\xampp\htdocs\pulpox11\system\API\ResponseTrait.php:378
Stack trace:
#0 C:\xampp\htdocs\pulpox11\app\Controllers\API\v1\Usuarios.php(107): App\Controllers\API\v1\Usuarios->respondPlpx(200)
#1 C:\xampp\htdocs\pulpox11\system\CodeIgniter.php(902): App\Controllers\API\v1\Usuarios->login()
#2 C:\xampp\htdocs\pulpox11\system\CodeIgniter.php(457): CodeIgniter\CodeIgniter->runController(Object(App\Controllers\API\v1\Usuarios))
#3 C:\xampp\htdocs\pulpox11\system\CodeIgniter.php(340): CodeIgniter\CodeIgniter->handleRequest(NULL, Object(Config\Cache), false)
#4 C:\xampp\htdocs\pulpox11\public\index.php(67): CodeIgniter\CodeIgniter->run()
#5 {main}
INFO - 2022-11-03 20:39:33 --> Session: Class initialized using 'CodeIgniter\Session\Handlers\FileHandler' driver.
CRITICAL - 2022-11-03 20:39:33 --> Controller: \App\Controllers\API\v1\usuarios | Metodo: login | LogLine: 109 | Error general en inicia de sesión: Error: [] operator not supported for strings in C:\xampp\htdocs\pulpox11\system\API\ResponseTrait.php:378
Stack trace:
#0 C:\xampp\htdocs\pulpox11\app\Controllers\API\v1\Usuarios.php(107): App\Controllers\API\v1\Usuarios->respondPlpx(200)
#1 C:\xampp\htdocs\pulpox11\system\CodeIgniter.php(902): App\Controllers\API\v1\Usuarios->login()
#2 C:\xampp\htdocs\pulpox11\system\CodeIgniter.php(457): CodeIgniter\CodeIgniter->runController(Object(App\Controllers\API\v1\Usuarios))
#3 C:\xampp\htdocs\pulpox11\system\CodeIgniter.php(340): CodeIgniter\CodeIgniter->handleRequest(NULL, Object(Config\Cache), false)
#4 C:\xampp\htdocs\pulpox11\public\index.php(67): CodeIgniter\CodeIgniter->run()
#5 {main}
INFO - 2022-11-03 20:39:41 --> Session: Class initialized using 'CodeIgniter\Session\Handlers\FileHandler' driver.
CRITICAL - 2022-11-03 20:39:41 --> Controller: \App\Controllers\API\v1\usuarios | Metodo: login | LogLine: 109 | Error general en inicia de sesión: Error: [] operator not supported for strings in C:\xampp\htdocs\pulpox11\system\API\ResponseTrait.php:378
Stack trace:
#0 C:\xampp\htdocs\pulpox11\app\Controllers\API\v1\Usuarios.php(107): App\Controllers\API\v1\Usuarios->respondPlpx(500)
#1 C:\xampp\htdocs\pulpox11\system\CodeIgniter.php(902): App\Controllers\API\v1\Usuarios->login()
#2 C:\xampp\htdocs\pulpox11\system\CodeIgniter.php(457): CodeIgniter\CodeIgniter->runController(Object(App\Controllers\API\v1\Usuarios))
#3 C:\xampp\htdocs\pulpox11\system\CodeIgniter.php(340): CodeIgniter\CodeIgniter->handleRequest(NULL, Object(Config\Cache), false)
#4 C:\xampp\htdocs\pulpox11\public\index.php(67): CodeIgniter\CodeIgniter->run()
#5 {main}
INFO - 2022-11-03 20:40:06 --> Session: Class initialized using 'CodeIgniter\Session\Handlers\FileHandler' driver.
CRITICAL - 2022-11-03 20:40:06 --> Controller: \App\Controllers\API\v1\usuarios | Metodo: login | LogLine: 109 | Error general en inicia de sesión: Error: [] operator not supported for strings in C:\xampp\htdocs\pulpox11\system\API\ResponseTrait.php:378
Stack trace:
#0 C:\xampp\htdocs\pulpox11\app\Controllers\API\v1\Usuarios.php(107): App\Controllers\API\v1\Usuarios->respondPlpx(500)
#1 C:\xampp\htdocs\pulpox11\system\CodeIgniter.php(902): App\Controllers\API\v1\Usuarios->login()
#2 C:\xampp\htdocs\pulpox11\system\CodeIgniter.php(457): CodeIgniter\CodeIgniter->runController(Object(App\Controllers\API\v1\Usuarios))
#3 C:\xampp\htdocs\pulpox11\system\CodeIgniter.php(340): CodeIgniter\CodeIgniter->handleRequest(NULL, Object(Config\Cache), false)
#4 C:\xampp\htdocs\pulpox11\public\index.php(67): CodeIgniter\CodeIgniter->run()
#5 {main}
INFO - 2022-11-03 20:40:29 --> Session: Class initialized using 'CodeIgniter\Session\Handlers\FileHandler' driver.
CRITICAL - 2022-11-03 20:40:29 --> Controller: \App\Controllers\API\v1\usuarios | Metodo: login | LogLine: 109 | Error general en inicia de sesión: Error: [] operator not supported for strings in C:\xampp\htdocs\pulpox11\system\API\ResponseTrait.php:378
Stack trace:
#0 C:\xampp\htdocs\pulpox11\app\Controllers\API\v1\Usuarios.php(107): App\Controllers\API\v1\Usuarios->respondPlpx(500)
#1 C:\xampp\htdocs\pulpox11\system\CodeIgniter.php(902): App\Controllers\API\v1\Usuarios->login()
#2 C:\xampp\htdocs\pulpox11\system\CodeIgniter.php(457): CodeIgniter\CodeIgniter->runController(Object(App\Controllers\API\v1\Usuarios))
#3 C:\xampp\htdocs\pulpox11\system\CodeIgniter.php(340): CodeIgniter\CodeIgniter->handleRequest(NULL, Object(Config\Cache), false)
#4 C:\xampp\htdocs\pulpox11\public\index.php(67): CodeIgniter\CodeIgniter->run()
#5 {main}
INFO - 2022-11-03 20:41:11 --> Session: Class initialized using 'CodeIgniter\Session\Handlers\FileHandler' driver.
CRITICAL - 2022-11-03 20:41:11 --> Controller: \App\Controllers\API\v1\usuarios | Metodo: login | LogLine: 109 | Error general en inicia de sesión: Error: [] operator not supported for strings in C:\xampp\htdocs\pulpox11\system\API\ResponseTrait.php:378
Stack trace:
#0 C:\xampp\htdocs\pulpox11\app\Controllers\API\v1\Usuarios.php(107): App\Controllers\API\v1\Usuarios->respondPlpx(500)
#1 C:\xampp\htdocs\pulpox11\system\CodeIgniter.php(902): App\Controllers\API\v1\Usuarios->login()
#2 C:\xampp\htdocs\pulpox11\system\CodeIgniter.php(457): CodeIgniter\CodeIgniter->runController(Object(App\Controllers\API\v1\Usuarios))
#3 C:\xampp\htdocs\pulpox11\system\CodeIgniter.php(340): CodeIgniter\CodeIgniter->handleRequest(NULL, Object(Config\Cache), false)
#4 C:\xampp\htdocs\pulpox11\public\index.php(67): CodeIgniter\CodeIgniter->run()
#5 {main}
INFO - 2022-11-03 20:44:21 --> Session: Class initialized using 'CodeIgniter\Session\Handlers\FileHandler' driver.
CRITICAL - 2022-11-03 20:44:21 --> Controller: \App\Controllers\API\v1\usuarios | Metodo: login | LogLine: 109 | Error general en inicia de sesión: Error: [] operator not supported for strings in C:\xampp\htdocs\pulpox11\system\API\ResponseTrait.php:378
Stack trace:
#0 C:\xampp\htdocs\pulpox11\app\Controllers\API\v1\Usuarios.php(107): App\Controllers\API\v1\Usuarios->respondPlpx(500)
#1 C:\xampp\htdocs\pulpox11\system\CodeIgniter.php(902): App\Controllers\API\v1\Usuarios->login()
#2 C:\xampp\htdocs\pulpox11\system\CodeIgniter.php(457): CodeIgniter\CodeIgniter->runController(Object(App\Controllers\API\v1\Usuarios))
#3 C:\xampp\htdocs\pulpox11\system\CodeIgniter.php(340): CodeIgniter\CodeIgniter->handleRequest(NULL, Object(Config\Cache), false)
#4 C:\xampp\htdocs\pulpox11\public\index.php(67): CodeIgniter\CodeIgniter->run()
#5 {main}
INFO - 2022-11-03 20:44:46 --> Session: Class initialized using 'CodeIgniter\Session\Handlers\FileHandler' driver.
CRITICAL - 2022-11-03 20:44:46 --> Controller: \App\Controllers\API\v1\usuarios | Metodo: login | LogLine: 109 | Error general en inicia de sesión: Error: [] operator not supported for strings in C:\xampp\htdocs\pulpox11\system\API\ResponseTrait.php:378
Stack trace:
#0 C:\xampp\htdocs\pulpox11\app\Controllers\API\v1\Usuarios.php(107): App\Controllers\API\v1\Usuarios->respondPlpx(500, '')
#1 C:\xampp\htdocs\pulpox11\system\CodeIgniter.php(902): App\Controllers\API\v1\Usuarios->login()
#2 C:\xampp\htdocs\pulpox11\system\CodeIgniter.php(457): CodeIgniter\CodeIgniter->runController(Object(App\Controllers\API\v1\Usuarios))
#3 C:\xampp\htdocs\pulpox11\system\CodeIgniter.php(340): CodeIgniter\CodeIgniter->handleRequest(NULL, Object(Config\Cache), false)
#4 C:\xampp\htdocs\pulpox11\public\index.php(67): CodeIgniter\CodeIgniter->run()
#5 {main}
INFO - 2022-11-03 20:44:56 --> Session: Class initialized using 'CodeIgniter\Session\Handlers\FileHandler' driver.
CRITICAL - 2022-11-03 20:44:56 --> Controller: \App\Controllers\API\v1\usuarios | Metodo: login | LogLine: 109 | Error general en inicia de sesión: Error: [] operator not supported for strings in C:\xampp\htdocs\pulpox11\system\API\ResponseTrait.php:378
Stack trace:
#0 C:\xampp\htdocs\pulpox11\app\Controllers\API\v1\Usuarios.php(107): App\Controllers\API\v1\Usuarios->respondPlpx(500, '', NULL)
#1 C:\xampp\htdocs\pulpox11\system\CodeIgniter.php(902): App\Controllers\API\v1\Usuarios->login()
#2 C:\xampp\htdocs\pulpox11\system\CodeIgniter.php(457): CodeIgniter\CodeIgniter->runController(Object(App\Controllers\API\v1\Usuarios))
#3 C:\xampp\htdocs\pulpox11\system\CodeIgniter.php(340): CodeIgniter\CodeIgniter->handleRequest(NULL, Object(Config\Cache), false)
#4 C:\xampp\htdocs\pulpox11\public\index.php(67): CodeIgniter\CodeIgniter->run()
#5 {main}
INFO - 2022-11-03 20:45:09 --> Session: Class initialized using 'CodeIgniter\Session\Handlers\FileHandler' driver.
CRITICAL - 2022-11-03 20:45:09 --> Controller: \App\Controllers\API\v1\usuarios | Metodo: login | LogLine: 109 | Error general en inicia de sesión: Error: [] operator not supported for strings in C:\xampp\htdocs\pulpox11\system\API\ResponseTrait.php:378
Stack trace:
#0 C:\xampp\htdocs\pulpox11\app\Controllers\API\v1\Usuarios.php(107): App\Controllers\API\v1\Usuarios->respondPlpx(500, '', NULL)
#1 C:\xampp\htdocs\pulpox11\system\CodeIgniter.php(902): App\Controllers\API\v1\Usuarios->login()
#2 C:\xampp\htdocs\pulpox11\system\CodeIgniter.php(457): CodeIgniter\CodeIgniter->runController(Object(App\Controllers\API\v1\Usuarios))
#3 C:\xampp\htdocs\pulpox11\system\CodeIgniter.php(340): CodeIgniter\CodeIgniter->handleRequest(NULL, Object(Config\Cache), false)
#4 C:\xampp\htdocs\pulpox11\public\index.php(67): CodeIgniter\CodeIgniter->run()
#5 {main}
INFO - 2022-11-03 20:45:24 --> Session: Class initialized using 'CodeIgniter\Session\Handlers\FileHandler' driver.
CRITICAL - 2022-11-03 20:45:24 --> Controller: \App\Controllers\API\v1\usuarios | Metodo: login | LogLine: 109 | Error general en inicia de sesión: Error: [] operator not supported for strings in C:\xampp\htdocs\pulpox11\system\API\ResponseTrait.php:378
Stack trace:
#0 C:\xampp\htdocs\pulpox11\app\Controllers\API\v1\Usuarios.php(107): App\Controllers\API\v1\Usuarios->respondPlpx(500, '', 1)
#1 C:\xampp\htdocs\pulpox11\system\CodeIgniter.php(902): App\Controllers\API\v1\Usuarios->login()
#2 C:\xampp\htdocs\pulpox11\system\CodeIgniter.php(457): CodeIgniter\CodeIgniter->runController(Object(App\Controllers\API\v1\Usuarios))
#3 C:\xampp\htdocs\pulpox11\system\CodeIgniter.php(340): CodeIgniter\CodeIgniter->handleRequest(NULL, Object(Config\Cache), false)
#4 C:\xampp\htdocs\pulpox11\public\index.php(67): CodeIgniter\CodeIgniter->run()
#5 {main}
INFO - 2022-11-03 20:46:05 --> Session: Class initialized using 'CodeIgniter\Session\Handlers\FileHandler' driver.
INFO - 2022-11-03 20:46:38 --> Session: Class initialized using 'CodeIgniter\Session\Handlers\FileHandler' driver.
INFO - 2022-11-03 20:47:58 --> Session: Class initialized using 'CodeIgniter\Session\Handlers\FileHandler' driver.
INFO - 2022-11-03 20:48:01 --> Session: Class initialized using 'CodeIgniter\Session\Handlers\FileHandler' driver.
INFO - 2022-11-03 20:48:04 --> Session: Class initialized using 'CodeIgniter\Session\Handlers\FileHandler' driver.
INFO - 2022-11-03 20:48:06 --> Session: Class initialized using 'CodeIgniter\Session\Handlers\FileHandler' driver.
INFO - 2022-11-03 20:48:21 --> Session: Class initialized using 'CodeIgniter\Session\Handlers\FileHandler' driver.
INFO - 2022-11-03 21:04:57 --> Session: Class initialized using 'CodeIgniter\Session\Handlers\FileHandler' driver.
INFO - 2022-11-03 21:04:59 --> Session: Class initialized using 'CodeIgniter\Session\Handlers\FileHandler' driver.
INFO - 2022-11-03 21:05:10 --> Session: Class initialized using 'CodeIgniter\Session\Handlers\FileHandler' driver.
INFO - 2022-11-03 21:05:27 --> Session: Class initialized using 'CodeIgniter\Session\Handlers\FileHandler' driver.
INFO - 2022-11-03 21:08:00 --> Session: Class initialized using 'CodeIgniter\Session\Handlers\FileHandler' driver.
INFO - 2022-11-03 21:13:58 --> Session: Class initialized using 'CodeIgniter\Session\Handlers\FileHandler' driver.
INFO - 2022-11-03 21:20:19 --> Session: Class initialized using 'CodeIgniter\Session\Handlers\FileHandler' driver.
INFO - 2022-11-03 21:23:51 --> Session: Class initialized using 'CodeIgniter\Session\Handlers\FileHandler' driver.
INFO - 2022-11-03 21:57:31 --> Session: Class initialized using 'CodeIgniter\Session\Handlers\FileHandler' driver.
INFO - 2022-11-03 22:03:36 --> Session: Class initialized using 'CodeIgniter\Session\Handlers\FileHandler' driver.
INFO - 2022-11-03 22:15:12 --> Session: Class initialized using 'CodeIgniter\Session\Handlers\FileHandler' driver.
CRITICAL - 2022-11-03 22:15:12 --> Controller: \App\Controllers\API\v1\usuarios | Metodo: login | LogLine: 76 | Error general en inicia de sesión: Error: [] operator not supported for strings in C:\xampp\htdocs\pulpox11\system\RESTful\ResourceController.php:273
Stack trace:
#0 C:\xampp\htdocs\pulpox11\app\Controllers\API\v1\Usuarios.php(74): CodeIgniter\RESTful\ResourceController->respondPlpx('ok', 'Sesion iniciada', NULL)
#1 C:\xampp\htdocs\pulpox11\system\CodeIgniter.php(902): App\Controllers\API\v1\Usuarios->login()
#2 C:\xampp\htdocs\pulpox11\system\CodeIgniter.php(457): CodeIgniter\CodeIgniter->runController(Object(App\Controllers\API\v1\Usuarios))
#3 C:\xampp\htdocs\pulpox11\system\CodeIgniter.php(340): CodeIgniter\CodeIgniter->handleRequest(NULL, Object(Config\Cache), false)
#4 C:\xampp\htdocs\pulpox11\public\index.php(67): CodeIgniter\CodeIgniter->run()
#5 {main}
CRITICAL - 2022-11-03 22:15:12 --> Undefined array key 500
in SYSTEMPATH\RESTful\ResourceController.php on line 274.
 1 SYSTEMPATH\RESTful\ResourceController.php(274): CodeIgniter\Debug\Exceptions->errorHandler(2, 'Undefined array key 500', 'SYSTEMPATH\\RESTful\\ResourceController.php', 274)
 2 APPPATH\Controllers\API\v1\Usuarios.php(77): CodeIgniter\RESTful\ResourceController->respondPlpx(500, 'Se detecto un problema al iniciar sesión.', null)
 3 SYSTEMPATH\CodeIgniter.php(902): App\Controllers\API\v1\Usuarios->login()
 4 SYSTEMPATH\CodeIgniter.php(457): CodeIgniter\CodeIgniter->runController(Object(App\Controllers\API\v1\Usuarios))
 5 SYSTEMPATH\CodeIgniter.php(340): CodeIgniter\CodeIgniter->handleRequest(null, Object(Config\Cache), false)
 6 FCPATH\index.php(67): CodeIgniter\CodeIgniter->run()
INFO - 2022-11-03 22:16:15 --> Session: Class initialized using 'CodeIgniter\Session\Handlers\FileHandler' driver.
CRITICAL - 2022-11-03 22:16:15 --> Controller: \App\Controllers\API\v1\usuarios | Metodo: login | LogLine: 76 | Error general en inicia de sesión: Error: [] operator not supported for strings in C:\xampp\htdocs\pulpox11\system\RESTful\ResourceController.php:274
Stack trace:
#0 C:\xampp\htdocs\pulpox11\app\Controllers\API\v1\Usuarios.php(74): CodeIgniter\RESTful\ResourceController->respondPlpx('ok', 'Sesion iniciada', NULL)
#1 C:\xampp\htdocs\pulpox11\system\CodeIgniter.php(902): App\Controllers\API\v1\Usuarios->login()
#2 C:\xampp\htdocs\pulpox11\system\CodeIgniter.php(457): CodeIgniter\CodeIgniter->runController(Object(App\Controllers\API\v1\Usuarios))
#3 C:\xampp\htdocs\pulpox11\system\CodeIgniter.php(340): CodeIgniter\CodeIgniter->handleRequest(NULL, Object(Config\Cache), false)
#4 C:\xampp\htdocs\pulpox11\public\index.php(67): CodeIgniter\CodeIgniter->run()
#5 {main}
CRITICAL - 2022-11-03 22:16:15 --> Undefined array key 500
in SYSTEMPATH\RESTful\ResourceController.php on line 257.
 1 SYSTEMPATH\RESTful\ResourceController.php(257): CodeIgniter\Debug\Exceptions->errorHandler(2, 'Undefined array key 500', 'SYSTEMPATH\\RESTful\\ResourceController.php', 257)
 2 APPPATH\Controllers\API\v1\Usuarios.php(77): CodeIgniter\RESTful\ResourceController->respondPlpx(500, 'Se detecto un problema al iniciar sesión.', null)
 3 SYSTEMPATH\CodeIgniter.php(902): App\Controllers\API\v1\Usuarios->login()
 4 SYSTEMPATH\CodeIgniter.php(457): CodeIgniter\CodeIgniter->runController(Object(App\Controllers\API\v1\Usuarios))
 5 SYSTEMPATH\CodeIgniter.php(340): CodeIgniter\CodeIgniter->handleRequest(null, Object(Config\Cache), false)
 6 FCPATH\index.php(67): CodeIgniter\CodeIgniter->run()
INFO - 2022-11-03 22:17:02 --> Session: Class initialized using 'CodeIgniter\Session\Handlers\FileHandler' driver.
CRITICAL - 2022-11-03 22:17:02 --> Controller: \App\Controllers\API\v1\usuarios | Metodo: login | LogLine: 76 | Error general en inicia de sesión: Error: [] operator not supported for strings in C:\xampp\htdocs\pulpox11\system\RESTful\ResourceController.php:274
Stack trace:
#0 C:\xampp\htdocs\pulpox11\app\Controllers\API\v1\Usuarios.php(74): CodeIgniter\RESTful\ResourceController->respondPlpx('ok', 'Sesion iniciada', NULL)
#1 C:\xampp\htdocs\pulpox11\system\CodeIgniter.php(902): App\Controllers\API\v1\Usuarios->login()
#2 C:\xampp\htdocs\pulpox11\system\CodeIgniter.php(457): CodeIgniter\CodeIgniter->runController(Object(App\Controllers\API\v1\Usuarios))
#3 C:\xampp\htdocs\pulpox11\system\CodeIgniter.php(340): CodeIgniter\CodeIgniter->handleRequest(NULL, Object(Config\Cache), false)
#4 C:\xampp\htdocs\pulpox11\public\index.php(67): CodeIgniter\CodeIgniter->run()
#5 {main}
CRITICAL - 2022-11-03 22:17:02 --> [] operator not supported for strings
in SYSTEMPATH\RESTful\ResourceController.php on line 274.
 1 APPPATH\Controllers\API\v1\Usuarios.php(77): CodeIgniter\RESTful\ResourceController->respondPlpx('server_error', 'Se detecto un problema al iniciar sesión.', null)
 2 SYSTEMPATH\CodeIgniter.php(902): App\Controllers\API\v1\Usuarios->login()
 3 SYSTEMPATH\CodeIgniter.php(457): CodeIgniter\CodeIgniter->runController(Object(App\Controllers\API\v1\Usuarios))
 4 SYSTEMPATH\CodeIgniter.php(340): CodeIgniter\CodeIgniter->handleRequest(null, Object(Config\Cache), false)
 5 FCPATH\index.php(67): CodeIgniter\CodeIgniter->run()
INFO - 2022-11-03 22:18:10 --> Session: Class initialized using 'CodeIgniter\Session\Handlers\FileHandler' driver.
CRITICAL - 2022-11-03 22:18:10 --> Controller: \App\Controllers\API\v1\usuarios | Metodo: login | LogLine: 76 | Error general en inicia de sesión: TypeError: Illegal offset type in C:\xampp\htdocs\pulpox11\system\RESTful\ResourceController.php:280
Stack trace:
#0 C:\xampp\htdocs\pulpox11\app\Controllers\API\v1\Usuarios.php(74): CodeIgniter\RESTful\ResourceController->respondPlpx('ok', 'Sesion iniciada', NULL)
#1 C:\xampp\htdocs\pulpox11\system\CodeIgniter.php(902): App\Controllers\API\v1\Usuarios->login()
#2 C:\xampp\htdocs\pulpox11\system\CodeIgniter.php(457): CodeIgniter\CodeIgniter->runController(Object(App\Controllers\API\v1\Usuarios))
#3 C:\xampp\htdocs\pulpox11\system\CodeIgniter.php(340): CodeIgniter\CodeIgniter->handleRequest(NULL, Object(Config\Cache), false)
#4 C:\xampp\htdocs\pulpox11\public\index.php(67): CodeIgniter\CodeIgniter->run()
#5 {main}
CRITICAL - 2022-11-03 22:18:10 --> Illegal offset type
in SYSTEMPATH\RESTful\ResourceController.php on line 280.
 1 APPPATH\Controllers\API\v1\Usuarios.php(77): CodeIgniter\RESTful\ResourceController->respondPlpx('server_error', 'Se detecto un problema al iniciar sesión.', null)
 2 SYSTEMPATH\CodeIgniter.php(902): App\Controllers\API\v1\Usuarios->login()
 3 SYSTEMPATH\CodeIgniter.php(457): CodeIgniter\CodeIgniter->runController(Object(App\Controllers\API\v1\Usuarios))
 4 SYSTEMPATH\CodeIgniter.php(340): CodeIgniter\CodeIgniter->handleRequest(null, Object(Config\Cache), false)
 5 FCPATH\index.php(67): CodeIgniter\CodeIgniter->run()
INFO - 2022-11-03 22:19:30 --> Session: Class initialized using 'CodeIgniter\Session\Handlers\FileHandler' driver.
CRITICAL - 2022-11-03 22:19:30 --> Controller: \App\Controllers\API\v1\usuarios | Metodo: login | LogLine: 76 | Error general en inicia de sesión: TypeError: Illegal offset type in C:\xampp\htdocs\pulpox11\system\RESTful\ResourceController.php:282
Stack trace:
#0 C:\xampp\htdocs\pulpox11\app\Controllers\API\v1\Usuarios.php(74): CodeIgniter\RESTful\ResourceController->respondPlpx('ok', 'Sesion iniciada', NULL)
#1 C:\xampp\htdocs\pulpox11\system\CodeIgniter.php(902): App\Controllers\API\v1\Usuarios->login()
#2 C:\xampp\htdocs\pulpox11\system\CodeIgniter.php(457): CodeIgniter\CodeIgniter->runController(Object(App\Controllers\API\v1\Usuarios))
#3 C:\xampp\htdocs\pulpox11\system\CodeIgniter.php(340): CodeIgniter\CodeIgniter->handleRequest(NULL, Object(Config\Cache), false)
#4 C:\xampp\htdocs\pulpox11\public\index.php(67): CodeIgniter\CodeIgniter->run()
#5 {main}
CRITICAL - 2022-11-03 22:19:30 --> Illegal offset type
in SYSTEMPATH\RESTful\ResourceController.php on line 282.
 1 APPPATH\Controllers\API\v1\Usuarios.php(77): CodeIgniter\RESTful\ResourceController->respondPlpx('server_error', 'Se detecto un problema al iniciar sesión.', null)
 2 SYSTEMPATH\CodeIgniter.php(902): App\Controllers\API\v1\Usuarios->login()
 3 SYSTEMPATH\CodeIgniter.php(457): CodeIgniter\CodeIgniter->runController(Object(App\Controllers\API\v1\Usuarios))
 4 SYSTEMPATH\CodeIgniter.php(340): CodeIgniter\CodeIgniter->handleRequest(null, Object(Config\Cache), false)
 5 FCPATH\index.php(67): CodeIgniter\CodeIgniter->run()
INFO - 2022-11-03 22:20:20 --> Session: Class initialized using 'CodeIgniter\Session\Handlers\FileHandler' driver.
CRITICAL - 2022-11-03 22:20:20 --> Controller: \App\Controllers\API\v1\usuarios | Metodo: login | LogLine: 76 | Error general en inicia de sesión: TypeError: Illegal offset type in C:\xampp\htdocs\pulpox11\system\RESTful\ResourceController.php:282
Stack trace:
#0 C:\xampp\htdocs\pulpox11\app\Controllers\API\v1\Usuarios.php(74): CodeIgniter\RESTful\ResourceController->respondPlpx('ok', 'Sesion iniciada', NULL)
#1 C:\xampp\htdocs\pulpox11\system\CodeIgniter.php(902): App\Controllers\API\v1\Usuarios->login()
#2 C:\xampp\htdocs\pulpox11\system\CodeIgniter.php(457): CodeIgniter\CodeIgniter->runController(Object(App\Controllers\API\v1\Usuarios))
#3 C:\xampp\htdocs\pulpox11\system\CodeIgniter.php(340): CodeIgniter\CodeIgniter->handleRequest(NULL, Object(Config\Cache), false)
#4 C:\xampp\htdocs\pulpox11\public\index.php(67): CodeIgniter\CodeIgniter->run()
#5 {main}
CRITICAL - 2022-11-03 22:20:20 --> Illegal offset type
in SYSTEMPATH\RESTful\ResourceController.php on line 282.
 1 APPPATH\Controllers\API\v1\Usuarios.php(77): CodeIgniter\RESTful\ResourceController->respondPlpx('server_error', 'Se detecto un problema al iniciar sesión.', null)
 2 SYSTEMPATH\CodeIgniter.php(902): App\Controllers\API\v1\Usuarios->login()
 3 SYSTEMPATH\CodeIgniter.php(457): CodeIgniter\CodeIgniter->runController(Object(App\Controllers\API\v1\Usuarios))
 4 SYSTEMPATH\CodeIgniter.php(340): CodeIgniter\CodeIgniter->handleRequest(null, Object(Config\Cache), false)
 5 FCPATH\index.php(67): CodeIgniter\CodeIgniter->run()
INFO - 2022-11-03 22:21:05 --> Session: Class initialized using 'CodeIgniter\Session\Handlers\FileHandler' driver.
INFO - 2022-11-03 22:22:33 --> Session: Class initialized using 'CodeIgniter\Session\Handlers\FileHandler' driver.
INFO - 2022-11-03 22:22:41 --> Session: Class initialized using 'CodeIgniter\Session\Handlers\FileHandler' driver.
INFO - 2022-11-03 22:22:50 --> Session: Class initialized using 'CodeIgniter\Session\Handlers\FileHandler' driver.
INFO - 2022-11-03 22:22:55 --> Session: Class initialized using 'CodeIgniter\Session\Handlers\FileHandler' driver.
INFO - 2022-11-03 22:23:23 --> Session: Class initialized using 'CodeIgniter\Session\Handlers\FileHandler' driver.
INFO - 2022-11-03 22:23:38 --> Session: Class initialized using 'CodeIgniter\Session\Handlers\FileHandler' driver.
INFO - 2022-11-03 22:23:44 --> Session: Class initialized using 'CodeIgniter\Session\Handlers\FileHandler' driver.
ERROR - 2022-11-03 22:30:31 --> mysqli_sql_exception: Unknown column 'ctes_sta-' in 'where clause' in C:\xampp\htdocs\pulpox11\system\Database\MySQLi\Connection.php:292
Stack trace:
#0 C:\xampp\htdocs\pulpox11\system\Database\MySQLi\Connection.php(292): mysqli->query('SELECT `ctes_id...', 0)
#1 C:\xampp\htdocs\pulpox11\system\Database\BaseConnection.php(693): CodeIgniter\Database\MySQLi\Connection->execute('SELECT `ctes_id...')
#2 C:\xampp\htdocs\pulpox11\system\Database\BaseConnection.php(620): CodeIgniter\Database\BaseConnection->simpleQuery('SELECT `ctes_id...')
#3 C:\xampp\htdocs\pulpox11\system\Database\BaseBuilder.php(1585): CodeIgniter\Database\BaseConnection->query('SELECT `ctes_id...', Array, false)
#4 C:\xampp\htdocs\pulpox11\system\Model.php(223): CodeIgniter\Database\BaseBuilder->get()
#5 C:\xampp\htdocs\pulpox11\system\BaseModel.php(584): CodeIgniter\Model->doFindAll(0, 0)
#6 C:\xampp\htdocs\pulpox11\system\RESTful\ResourceController.php(214): CodeIgniter\BaseModel->findAll()
#7 C:\xampp\htdocs\pulpox11\app\Controllers\API\v1\CatEstados.php(20): CodeIgniter\RESTful\ResourceController->getIndexCatalogo(Object(App\Models\CatEstadosModel), 'ctes_', Array, Array)
#8 C:\xampp\htdocs\pulpox11\system\CodeIgniter.php(902): App\Controllers\API\v1\CatEstados->index()
#9 C:\xampp\htdocs\pulpox11\system\CodeIgniter.php(457): CodeIgniter\CodeIgniter->runController(Object(App\Controllers\API\v1\CatEstados))
#10 C:\xampp\htdocs\pulpox11\system\CodeIgniter.php(340): CodeIgniter\CodeIgniter->handleRequest(NULL, Object(Config\Cache), false)
#11 C:\xampp\htdocs\pulpox11\public\index.php(67): CodeIgniter\CodeIgniter->run()
#12 {main}
CRITICAL - 2022-11-03 22:30:31 --> Unknown column 'ctes_sta-' in 'where clause'
in SYSTEMPATH\Database\MySQLi\Connection.php on line 292.
 1 SYSTEMPATH\Database\MySQLi\Connection.php(292): mysqli->query('SELECT `ctes_id`, `ctes_nombre`, `ctes_sigla`
FROM `cat_estados`
WHERE `ctes_sta-` = 1
ORDER BY `ctes_id` ASC', 0)
 2 SYSTEMPATH\Database\BaseConnection.php(693): CodeIgniter\Database\MySQLi\Connection->execute('SELECT `ctes_id`, `ctes_nombre`, `ctes_sigla`
FROM `cat_estados`
WHERE `ctes_sta-` = 1
ORDER BY `ctes_id` ASC')
 3 SYSTEMPATH\Database\BaseConnection.php(620): CodeIgniter\Database\BaseConnection->simpleQuery('SELECT `ctes_id`, `ctes_nombre`, `ctes_sigla`
FROM `cat_estados`
WHERE `ctes_sta-` = 1
ORDER BY `ctes_id` ASC')
 4 SYSTEMPATH\Database\BaseBuilder.php(1585): CodeIgniter\Database\BaseConnection->query('SELECT `ctes_id`, `ctes_nombre`, `ctes_sigla`
FROM `cat_estados`
WHERE `ctes_sta-` = :ctes_sta-:
ORDER BY `ctes_id` ASC', [...], false)
 5 SYSTEMPATH\Model.php(223): CodeIgniter\Database\BaseBuilder->get()
 6 SYSTEMPATH\BaseModel.php(584): CodeIgniter\Model->doFindAll(0, 0)
 7 SYSTEMPATH\RESTful\ResourceController.php(214): CodeIgniter\BaseModel->findAll()
 8 APPPATH\Controllers\API\v1\CatEstados.php(20): CodeIgniter\RESTful\ResourceController->getIndexCatalogo(Object(App\Models\CatEstadosModel), 'ctes_', [...], [...])
 9 SYSTEMPATH\CodeIgniter.php(902): App\Controllers\API\v1\CatEstados->index()
10 SYSTEMPATH\CodeIgniter.php(457): CodeIgniter\CodeIgniter->runController(Object(App\Controllers\API\v1\CatEstados))
11 SYSTEMPATH\CodeIgniter.php(340): CodeIgniter\CodeIgniter->handleRequest(null, Object(Config\Cache), false)
12 FCPATH\index.php(67): CodeIgniter\CodeIgniter->run()
