INFO - 2022-12-15 21:55:53 --> Session: Class initialized using 'CodeIgniter\Session\Handlers\FileHandler' driver.
INFO - 2022-12-15 21:56:22 --> Session: Class initialized using 'CodeIgniter\Session\Handlers\FileHandler' driver.
INFO - 2022-12-15 21:56:24 --> Session: Class initialized using 'CodeIgniter\Session\Handlers\FileHandler' driver.
INFO - 2022-12-15 21:57:19 --> Session: Class initialized using 'CodeIgniter\Session\Handlers\FileHandler' driver.
INFO - 2022-12-15 21:57:58 --> Session: Class initialized using 'CodeIgniter\Session\Handlers\FileHandler' driver.
INFO - 2022-12-15 21:57:59 --> Session: Class initialized using 'CodeIgniter\Session\Handlers\FileHandler' driver.
INFO - 2022-12-15 21:58:11 --> Session: Class initialized using 'CodeIgniter\Session\Handlers\FileHandler' driver.
INFO - 2022-12-15 21:58:24 --> Session: Class initialized using 'CodeIgniter\Session\Handlers\FileHandler' driver.
CRITICAL - 2022-12-15 21:58:24 --> password_hash(): Passing null to parameter #1 ($password) of type string is deprecated
in APPPATH\Controllers\API\v1\Usuarios.php on line 478.
 1 [internal function]: CodeIgniter\Debug\Exceptions->errorHandler(8192, 'password_hash(): Passing null to parameter #1 ($password) of type string is deprecated', 'APPPATH\\Controllers\\API\\v1\\Usuarios.php', 478)
 2 APPPATH\Controllers\API\v1\Usuarios.php(478): password_hash(null, '2y')
 3 SYSTEMPATH\CodeIgniter.php(902): App\Controllers\API\v1\Usuarios->registro()
 4 SYSTEMPATH\CodeIgniter.php(457): CodeIgniter\CodeIgniter->runController(Object(App\Controllers\API\v1\Usuarios))
 5 SYSTEMPATH\CodeIgniter.php(340): CodeIgniter\CodeIgniter->handleRequest(null, Object(Config\Cache), false)
 6 FCPATH\index.php(67): CodeIgniter\CodeIgniter->run()
INFO - 2022-12-15 21:59:36 --> Session: Class initialized using 'CodeIgniter\Session\Handlers\FileHandler' driver.
INFO - 2022-12-15 21:59:38 --> Session: Class initialized using 'CodeIgniter\Session\Handlers\FileHandler' driver.
INFO - 2022-12-15 21:59:50 --> Session: Class initialized using 'CodeIgniter\Session\Handlers\FileHandler' driver.
INFO - 2022-12-15 21:59:56 --> Session: Class initialized using 'CodeIgniter\Session\Handlers\FileHandler' driver.
CRITICAL - 2022-12-15 21:59:56 --> password_hash(): Passing null to parameter #1 ($password) of type string is deprecated
in APPPATH\Controllers\API\v1\Usuarios.php on line 478.
 1 [internal function]: CodeIgniter\Debug\Exceptions->errorHandler(8192, 'password_hash(): Passing null to parameter #1 ($password) of type string is deprecated', 'APPPATH\\Controllers\\API\\v1\\Usuarios.php', 478)
 2 APPPATH\Controllers\API\v1\Usuarios.php(478): password_hash(null, '2y')
 3 SYSTEMPATH\CodeIgniter.php(902): App\Controllers\API\v1\Usuarios->registro()
 4 SYSTEMPATH\CodeIgniter.php(457): CodeIgniter\CodeIgniter->runController(Object(App\Controllers\API\v1\Usuarios))
 5 SYSTEMPATH\CodeIgniter.php(340): CodeIgniter\CodeIgniter->handleRequest(null, Object(Config\Cache), false)
 6 FCPATH\index.php(67): CodeIgniter\CodeIgniter->run()
INFO - 2022-12-15 22:12:10 --> Session: Class initialized using 'CodeIgniter\Session\Handlers\FileHandler' driver.
INFO - 2022-12-15 22:12:14 --> Session: Class initialized using 'CodeIgniter\Session\Handlers\FileHandler' driver.
INFO - 2022-12-15 22:13:06 --> Session: Class initialized using 'CodeIgniter\Session\Handlers\FileHandler' driver.
INFO - 2022-12-15 22:13:11 --> Session: Class initialized using 'CodeIgniter\Session\Handlers\FileHandler' driver.
INFO - 2022-12-15 22:16:37 --> Session: Class initialized using 'CodeIgniter\Session\Handlers\FileHandler' driver.
INFO - 2022-12-15 22:16:40 --> Session: Class initialized using 'CodeIgniter\Session\Handlers\FileHandler' driver.
