INFO - 2022-11-05 13:37:19 --> Session: Class initialized using 'CodeIgniter\Session\Handlers\FileHandler' driver.
CRITICAL - 2022-11-05 13:37:19 --> Controller: \App\Controllers\API\v1\usuarios | Metodo: actualizarDatos | LogLine: 305 | Intento de actualiza usuario sin estar loggeado
INFO - 2022-11-05 13:37:25 --> Session: Class initialized using 'CodeIgniter\Session\Handlers\FileHandler' driver.
INFO - 2022-11-05 13:37:27 --> Session: Class initialized using 'CodeIgniter\Session\Handlers\FileHandler' driver.
ALERT - 2022-11-05 13:37:27 --> Controller: \App\Controllers\API\v1\usuarios | Metodo: actualizarDatos | LogLine: 346 |  | The usu_nombre field cannot exceed 100 characters in length.
INFO - 2022-11-05 13:39:11 --> Session: Class initialized using 'CodeIgniter\Session\Handlers\FileHandler' driver.
ALERT - 2022-11-05 13:39:11 --> Controller: \App\Controllers\API\v1\usuarios | Metodo: actualizarDatos | LogLine: 346 |  | The usu_nombre field cannot exceed 100 characters in length.
INFO - 2022-11-05 13:39:39 --> Session: Class initialized using 'CodeIgniter\Session\Handlers\FileHandler' driver.
INFO - 2022-11-05 13:39:43 --> Session: Class initialized using 'CodeIgniter\Session\Handlers\FileHandler' driver.
ALERT - 2022-11-05 13:39:43 --> Controller: \App\Controllers\API\v1\usuarios | Metodo: actualizarDatos | LogLine: 346 |  | The usu_nombre field cannot exceed 100 characters in length.
INFO - 2022-11-05 13:39:51 --> Session: Class initialized using 'CodeIgniter\Session\Handlers\FileHandler' driver.
INFO - 2022-11-05 13:39:59 --> Session: Class initialized using 'CodeIgniter\Session\Handlers\FileHandler' driver.
INFO - 2022-11-05 13:40:04 --> Session: Class initialized using 'CodeIgniter\Session\Handlers\FileHandler' driver.
INFO - 2022-11-05 13:40:44 --> Session: Class initialized using 'CodeIgniter\Session\Handlers\FileHandler' driver.
INFO - 2022-11-05 13:42:25 --> Session: Class initialized using 'CodeIgniter\Session\Handlers\FileHandler' driver.
INFO - 2022-11-05 13:42:55 --> Session: Class initialized using 'CodeIgniter\Session\Handlers\FileHandler' driver.
CRITICAL - 2022-11-05 13:42:55 --> Undefined variable $user_name
in APPPATH\Controllers\API\v1\Usuarios.php on line 336.
 1 APPPATH\Controllers\API\v1\Usuarios.php(336): CodeIgniter\Debug\Exceptions->errorHandler(2, 'Undefined variable $user_name', 'APPPATH\\Controllers\\API\\v1\\Usuarios.php', 336)
 2 SYSTEMPATH\CodeIgniter.php(902): App\Controllers\API\v1\Usuarios->actualizarDatos()
 3 SYSTEMPATH\CodeIgniter.php(457): CodeIgniter\CodeIgniter->runController(Object(App\Controllers\API\v1\Usuarios))
 4 SYSTEMPATH\CodeIgniter.php(340): CodeIgniter\CodeIgniter->handleRequest(null, Object(Config\Cache), false)
 5 FCPATH\index.php(67): CodeIgniter\CodeIgniter->run()
INFO - 2022-11-05 13:43:14 --> Session: Class initialized using 'CodeIgniter\Session\Handlers\FileHandler' driver.
INFO - 2022-11-05 14:11:47 --> Session: Class initialized using 'CodeIgniter\Session\Handlers\FileHandler' driver.
INFO - 2022-11-05 14:12:20 --> Session: Class initialized using 'CodeIgniter\Session\Handlers\FileHandler' driver.
INFO - 2022-11-05 14:26:13 --> Session: Class initialized using 'CodeIgniter\Session\Handlers\FileHandler' driver.
INFO - 2022-11-05 14:26:27 --> Session: Class initialized using 'CodeIgniter\Session\Handlers\FileHandler' driver.
INFO - 2022-11-05 14:27:00 --> Session: Class initialized using 'CodeIgniter\Session\Handlers\FileHandler' driver.
INFO - 2022-11-05 14:27:34 --> Session: Class initialized using 'CodeIgniter\Session\Handlers\FileHandler' driver.
INFO - 2022-11-05 14:28:07 --> Session: Class initialized using 'CodeIgniter\Session\Handlers\FileHandler' driver.
INFO - 2022-11-05 14:28:15 --> Session: Class initialized using 'CodeIgniter\Session\Handlers\FileHandler' driver.
INFO - 2022-11-05 14:28:20 --> Session: Class initialized using 'CodeIgniter\Session\Handlers\FileHandler' driver.
INFO - 2022-11-05 14:28:31 --> Session: Class initialized using 'CodeIgniter\Session\Handlers\FileHandler' driver.
INFO - 2022-11-05 14:28:38 --> Session: Class initialized using 'CodeIgniter\Session\Handlers\FileHandler' driver.
INFO - 2022-11-05 14:28:59 --> Session: Class initialized using 'CodeIgniter\Session\Handlers\FileHandler' driver.
INFO - 2022-11-05 14:29:02 --> Session: Class initialized using 'CodeIgniter\Session\Handlers\FileHandler' driver.
INFO - 2022-11-05 14:29:05 --> Session: Class initialized using 'CodeIgniter\Session\Handlers\FileHandler' driver.
INFO - 2022-11-05 14:40:53 --> Session: Class initialized using 'CodeIgniter\Session\Handlers\FileHandler' driver.
INFO - 2022-11-05 14:43:03 --> Session: Class initialized using 'CodeIgniter\Session\Handlers\FileHandler' driver.
ALERT - 2022-11-05 14:43:03 --> Controller: \App\Controllers\API\v1\usuarios | Metodo: actualizarDatos | LogLine: 360 |  | The usu_nombre field must be a valid string.
INFO - 2022-11-05 14:44:38 --> Session: Class initialized using 'CodeIgniter\Session\Handlers\FileHandler' driver.
ALERT - 2022-11-05 14:44:38 --> Controller: \App\Controllers\API\v1\usuarios | Metodo: actualizarDatos | LogLine: 360 |  | The usu_nombre field must be a valid string.
INFO - 2022-11-05 14:44:41 --> Session: Class initialized using 'CodeIgniter\Session\Handlers\FileHandler' driver.
ALERT - 2022-11-05 14:44:41 --> Controller: \App\Controllers\API\v1\usuarios | Metodo: actualizarDatos | LogLine: 360 |  | The usu_nombre field must be a valid string.
INFO - 2022-11-05 14:44:53 --> Session: Class initialized using 'CodeIgniter\Session\Handlers\FileHandler' driver.
ALERT - 2022-11-05 14:44:53 --> Controller: \App\Controllers\API\v1\usuarios | Metodo: actualizarDatos | LogLine: 360 |  | The usu_nombre field must be a valid string.
INFO - 2022-11-05 14:45:35 --> Session: Class initialized using 'CodeIgniter\Session\Handlers\FileHandler' driver.
CRITICAL - 2022-11-05 14:45:35 --> Controller: \App\Controllers\API\v1\usuarios | Metodo: actualizarDatos | LogLine: 370 | Error: Cannot use object of type stdClass as array in C:\xampp\htdocs\pulpox11\app\Helpers\Validators\usuarioValidator_helper.php:7
Stack trace:
#0 C:\xampp\htdocs\pulpox11\app\Controllers\API\v1\Usuarios.php(310): actualizarDatosValidator(Object(stdClass), true)
#1 C:\xampp\htdocs\pulpox11\system\CodeIgniter.php(902): App\Controllers\API\v1\Usuarios->actualizarDatos()
#2 C:\xampp\htdocs\pulpox11\system\CodeIgniter.php(457): CodeIgniter\CodeIgniter->runController(Object(App\Controllers\API\v1\Usuarios))
#3 C:\xampp\htdocs\pulpox11\system\CodeIgniter.php(340): CodeIgniter\CodeIgniter->handleRequest(NULL, Object(Config\Cache), false)
#4 C:\xampp\htdocs\pulpox11\public\index.php(67): CodeIgniter\CodeIgniter->run()
#5 {main}
INFO - 2022-11-05 14:46:00 --> Session: Class initialized using 'CodeIgniter\Session\Handlers\FileHandler' driver.
CRITICAL - 2022-11-05 14:46:00 --> Controller: \App\Controllers\API\v1\usuarios | Metodo: actualizarDatos | LogLine: 370 | Error: Cannot use object of type stdClass as array in C:\xampp\htdocs\pulpox11\app\Helpers\Validators\usuarioValidator_helper.php:5
Stack trace:
#0 C:\xampp\htdocs\pulpox11\app\Controllers\API\v1\Usuarios.php(310): actualizarDatosValidator(Object(stdClass), true)
#1 C:\xampp\htdocs\pulpox11\system\CodeIgniter.php(902): App\Controllers\API\v1\Usuarios->actualizarDatos()
#2 C:\xampp\htdocs\pulpox11\system\CodeIgniter.php(457): CodeIgniter\CodeIgniter->runController(Object(App\Controllers\API\v1\Usuarios))
#3 C:\xampp\htdocs\pulpox11\system\CodeIgniter.php(340): CodeIgniter\CodeIgniter->handleRequest(NULL, Object(Config\Cache), false)
#4 C:\xampp\htdocs\pulpox11\public\index.php(67): CodeIgniter\CodeIgniter->run()
#5 {main}
INFO - 2022-11-05 14:46:33 --> Session: Class initialized using 'CodeIgniter\Session\Handlers\FileHandler' driver.
ALERT - 2022-11-05 14:46:33 --> Controller: \App\Controllers\API\v1\usuarios | Metodo: actualizarDatos | LogLine: 360 |  | The usu_nombre field must be a valid string.
INFO - 2022-11-05 14:47:12 --> Session: Class initialized using 'CodeIgniter\Session\Handlers\FileHandler' driver.
ALERT - 2022-11-05 14:47:12 --> Controller: \App\Controllers\API\v1\usuarios | Metodo: actualizarDatos | LogLine: 360 |  | The usu_nombre field must be a valid string.
INFO - 2022-11-05 14:52:10 --> Session: Class initialized using 'CodeIgniter\Session\Handlers\FileHandler' driver.
ALERT - 2022-11-05 14:52:10 --> Controller: \App\Controllers\API\v1\usuarios | Metodo: actualizarDatos | LogLine: 360 |  | The usu_nombre field must be a valid string.
INFO - 2022-11-05 14:52:29 --> Session: Class initialized using 'CodeIgniter\Session\Handlers\FileHandler' driver.
ALERT - 2022-11-05 14:52:29 --> Controller: \App\Controllers\API\v1\usuarios | Metodo: actualizarDatos | LogLine: 360 |  | The usu_nombre field must be a valid string.
INFO - 2022-11-05 16:58:55 --> Session: Class initialized using 'CodeIgniter\Session\Handlers\FileHandler' driver.
CRITICAL - 2022-11-05 16:58:55 --> Controller: \App\Controllers\API\v1\usuarios | Metodo: actualizarDatos | LogLine: 306 | Intento de actualiza usuario sin estar loggeado
INFO - 2022-11-05 16:59:01 --> Session: Class initialized using 'CodeIgniter\Session\Handlers\FileHandler' driver.
INFO - 2022-11-05 16:59:06 --> Session: Class initialized using 'CodeIgniter\Session\Handlers\FileHandler' driver.
CRITICAL - 2022-11-05 16:59:06 --> Controller: \App\Controllers\API\v1\usuarios | Metodo: actualizarDatos | LogLine: 373 | Error: Attempt to assign property "datos" on null in C:\xampp\htdocs\pulpox11\app\Helpers\Validators\usuarioValidator_helper.php:12
Stack trace:
#0 C:\xampp\htdocs\pulpox11\app\Controllers\API\v1\Usuarios.php(310): actualizarDatosValidator(NULL, NULL)
#1 C:\xampp\htdocs\pulpox11\system\CodeIgniter.php(902): App\Controllers\API\v1\Usuarios->actualizarDatos()
#2 C:\xampp\htdocs\pulpox11\system\CodeIgniter.php(457): CodeIgniter\CodeIgniter->runController(Object(App\Controllers\API\v1\Usuarios))
#3 C:\xampp\htdocs\pulpox11\system\CodeIgniter.php(340): CodeIgniter\CodeIgniter->handleRequest(NULL, Object(Config\Cache), false)
#4 C:\xampp\htdocs\pulpox11\public\index.php(67): CodeIgniter\CodeIgniter->run()
#5 {main}
INFO - 2022-11-05 17:00:31 --> Session: Class initialized using 'CodeIgniter\Session\Handlers\FileHandler' driver.
CRITICAL - 2022-11-05 17:00:31 --> Controller: \App\Controllers\API\v1\usuarios | Metodo: actualizarDatos | LogLine: 373 | Error: Attempt to assign property "datos" on null in C:\xampp\htdocs\pulpox11\app\Helpers\Validators\usuarioValidator_helper.php:12
Stack trace:
#0 C:\xampp\htdocs\pulpox11\app\Controllers\API\v1\Usuarios.php(310): actualizarDatosValidator(NULL, NULL)
#1 C:\xampp\htdocs\pulpox11\system\CodeIgniter.php(902): App\Controllers\API\v1\Usuarios->actualizarDatos()
#2 C:\xampp\htdocs\pulpox11\system\CodeIgniter.php(457): CodeIgniter\CodeIgniter->runController(Object(App\Controllers\API\v1\Usuarios))
#3 C:\xampp\htdocs\pulpox11\system\CodeIgniter.php(340): CodeIgniter\CodeIgniter->handleRequest(NULL, Object(Config\Cache), false)
#4 C:\xampp\htdocs\pulpox11\public\index.php(67): CodeIgniter\CodeIgniter->run()
#5 {main}
INFO - 2022-11-05 17:03:09 --> Session: Class initialized using 'CodeIgniter\Session\Handlers\FileHandler' driver.
CRITICAL - 2022-11-05 17:03:09 --> Undefined array key "bad_request"
in SYSTEMPATH\RESTful\ResourceController.php on line 256.
 1 SYSTEMPATH\RESTful\ResourceController.php(256): CodeIgniter\Debug\Exceptions->errorHandler(2, 'Undefined array key "bad_request"', 'SYSTEMPATH\\RESTful\\ResourceController.php', 256)
 2 APPPATH\Controllers\API\v1\Usuarios.php(313): CodeIgniter\RESTful\ResourceController->respondPlpx('bad_request', Object(stdClass), false)
 3 SYSTEMPATH\CodeIgniter.php(902): App\Controllers\API\v1\Usuarios->actualizarDatos()
 4 SYSTEMPATH\CodeIgniter.php(457): CodeIgniter\CodeIgniter->runController(Object(App\Controllers\API\v1\Usuarios))
 5 SYSTEMPATH\CodeIgniter.php(340): CodeIgniter\CodeIgniter->handleRequest(null, Object(Config\Cache), false)
 6 FCPATH\index.php(67): CodeIgniter\CodeIgniter->run()
INFO - 2022-11-05 17:03:35 --> Session: Class initialized using 'CodeIgniter\Session\Handlers\FileHandler' driver.
INFO - 2022-11-05 17:04:30 --> Session: Class initialized using 'CodeIgniter\Session\Handlers\FileHandler' driver.
CRITICAL - 2022-11-05 17:04:30 --> Controller: \App\Controllers\API\v1\usuarios | Metodo: actualizarDatos | LogLine: 373 | Error: Attempt to assign property "datos" on null in C:\xampp\htdocs\pulpox11\app\Helpers\Validators\usuarioValidator_helper.php:15
Stack trace:
#0 C:\xampp\htdocs\pulpox11\app\Controllers\API\v1\Usuarios.php(310): actualizarDatosValidator(NULL, Object(stdClass))
#1 C:\xampp\htdocs\pulpox11\system\CodeIgniter.php(902): App\Controllers\API\v1\Usuarios->actualizarDatos()
#2 C:\xampp\htdocs\pulpox11\system\CodeIgniter.php(457): CodeIgniter\CodeIgniter->runController(Object(App\Controllers\API\v1\Usuarios))
#3 C:\xampp\htdocs\pulpox11\system\CodeIgniter.php(340): CodeIgniter\CodeIgniter->handleRequest(NULL, Object(Config\Cache), false)
#4 C:\xampp\htdocs\pulpox11\public\index.php(67): CodeIgniter\CodeIgniter->run()
#5 {main}
INFO - 2022-11-05 17:04:59 --> Session: Class initialized using 'CodeIgniter\Session\Handlers\FileHandler' driver.
INFO - 2022-11-05 17:06:00 --> Session: Class initialized using 'CodeIgniter\Session\Handlers\FileHandler' driver.
INFO - 2022-11-05 17:08:13 --> Session: Class initialized using 'CodeIgniter\Session\Handlers\FileHandler' driver.
INFO - 2022-11-05 17:08:21 --> Session: Class initialized using 'CodeIgniter\Session\Handlers\FileHandler' driver.
INFO - 2022-11-05 17:08:42 --> Session: Class initialized using 'CodeIgniter\Session\Handlers\FileHandler' driver.
INFO - 2022-11-05 17:09:05 --> Session: Class initialized using 'CodeIgniter\Session\Handlers\FileHandler' driver.
INFO - 2022-11-05 17:12:41 --> Session: Class initialized using 'CodeIgniter\Session\Handlers\FileHandler' driver.
INFO - 2022-11-05 17:13:38 --> Session: Class initialized using 'CodeIgniter\Session\Handlers\FileHandler' driver.
INFO - 2022-11-05 17:14:14 --> Session: Class initialized using 'CodeIgniter\Session\Handlers\FileHandler' driver.
INFO - 2022-11-05 17:15:51 --> Session: Class initialized using 'CodeIgniter\Session\Handlers\FileHandler' driver.
ALERT - 2022-11-05 17:15:51 --> Controller: \App\Controllers\API\v1\usuarios | Metodo: actualizarDatos | LogLine: 359 |  | The usu_nombre field may only contain alphabetical characters and spaces.
INFO - 2022-11-05 17:41:57 --> Session: Class initialized using 'CodeIgniter\Session\Handlers\FileHandler' driver.
ALERT - 2022-11-05 17:41:57 --> Controller: \App\Controllers\API\v1\usuarios | Metodo: actualizarDatos | LogLine: 359 |  | The usu_nombre field may only contain alphabetical characters and spaces.
INFO - 2022-11-05 17:42:35 --> Session: Class initialized using 'CodeIgniter\Session\Handlers\FileHandler' driver.
ALERT - 2022-11-05 17:42:35 --> Controller: \App\Controllers\API\v1\usuarios | Metodo: actualizarDatos | LogLine: 359 |  | The usu_nombre field may only contain alphabetical characters and spaces.
INFO - 2022-11-05 17:42:42 --> Session: Class initialized using 'CodeIgniter\Session\Handlers\FileHandler' driver.
ALERT - 2022-11-05 17:42:42 --> Controller: \App\Controllers\API\v1\usuarios | Metodo: actualizarDatos | LogLine: 359 |  | The usu_nombre field may only contain alphabetical characters and spaces.
INFO - 2022-11-05 17:42:48 --> Session: Class initialized using 'CodeIgniter\Session\Handlers\FileHandler' driver.
ALERT - 2022-11-05 17:42:48 --> Controller: \App\Controllers\API\v1\usuarios | Metodo: actualizarDatos | LogLine: 359 |  | The usu_nombre field may only contain alphabetical characters and spaces.
INFO - 2022-11-05 17:43:05 --> Session: Class initialized using 'CodeIgniter\Session\Handlers\FileHandler' driver.
INFO - 2022-11-05 17:43:10 --> Session: Class initialized using 'CodeIgniter\Session\Handlers\FileHandler' driver.
ALERT - 2022-11-05 17:43:10 --> Controller: \App\Controllers\API\v1\usuarios | Metodo: actualizarDatos | LogLine: 359 |  | The usu_nombre field may only contain alphabetical characters and spaces.
INFO - 2022-11-05 17:44:25 --> Session: Class initialized using 'CodeIgniter\Session\Handlers\FileHandler' driver.
ALERT - 2022-11-05 17:44:25 --> Controller: \App\Controllers\API\v1\usuarios | Metodo: actualizarDatos | LogLine: 335 |  | The usu_nombre field may only contain alphabetical characters and spaces.
INFO - 2022-11-05 17:45:53 --> Session: Class initialized using 'CodeIgniter\Session\Handlers\FileHandler' driver.
ALERT - 2022-11-05 17:45:53 --> Controller: \App\Controllers\API\v1\usuarios | Metodo: actualizarDatos | LogLine: 335 |  | The usu_nombre field may only contain alphabetical characters and spaces.
INFO - 2022-11-05 17:47:26 --> Session: Class initialized using 'CodeIgniter\Session\Handlers\FileHandler' driver.
INFO - 2022-11-05 17:47:32 --> Session: Class initialized using 'CodeIgniter\Session\Handlers\FileHandler' driver.
ALERT - 2022-11-05 17:47:32 --> Controller: \App\Controllers\API\v1\usuarios | Metodo: actualizarDatos | LogLine: 335 |  | The usu_nombre field may only contain alphanumeric and space characters.
INFO - 2022-11-05 17:47:36 --> Session: Class initialized using 'CodeIgniter\Session\Handlers\FileHandler' driver.
INFO - 2022-11-05 17:47:40 --> Session: Class initialized using 'CodeIgniter\Session\Handlers\FileHandler' driver.
INFO - 2022-11-05 17:47:58 --> Session: Class initialized using 'CodeIgniter\Session\Handlers\FileHandler' driver.
ALERT - 2022-11-05 17:47:58 --> Controller: \App\Controllers\API\v1\usuarios | Metodo: actualizarDatos | LogLine: 335 |  | The usu_nombre field cannot exceed 100 characters in length.
INFO - 2022-11-05 18:02:21 --> Session: Class initialized using 'CodeIgniter\Session\Handlers\FileHandler' driver.
ALERT - 2022-11-05 18:02:21 --> Controller: \App\Controllers\API\v1\usuarios | Metodo: actualizarDatos | LogLine: 335 |  | The usu_nombre field may only contain alphabetical characters and spaces.
INFO - 2022-11-05 18:02:36 --> Session: Class initialized using 'CodeIgniter\Session\Handlers\FileHandler' driver.
CRITICAL - 2022-11-05 18:02:36 --> Undefined property: stdClass::$usuario_usuario
in APPPATH\Helpers\Validators\usuarioValidator_helper.php on line 17.
 1 APPPATH\Helpers\Validators\usuarioValidator_helper.php(17): CodeIgniter\Debug\Exceptions->errorHandler(2, 'Undefined property: stdClass::$usuario_usuario', 'APPPATH\\Helpers\\Validators\\usuarioValidator_helper.php', 17)
 2 APPPATH\Controllers\API\v1\Usuarios.php(310): actualizarDatosValidator(Object(stdClass), Object(stdClass))
 3 SYSTEMPATH\CodeIgniter.php(902): App\Controllers\API\v1\Usuarios->actualizarDatos()
 4 SYSTEMPATH\CodeIgniter.php(457): CodeIgniter\CodeIgniter->runController(Object(App\Controllers\API\v1\Usuarios))
 5 SYSTEMPATH\CodeIgniter.php(340): CodeIgniter\CodeIgniter->handleRequest(null, Object(Config\Cache), false)
 6 FCPATH\index.php(67): CodeIgniter\CodeIgniter->run()
INFO - 2022-11-05 18:03:00 --> Session: Class initialized using 'CodeIgniter\Session\Handlers\FileHandler' driver.
CRITICAL - 2022-11-05 18:03:00 --> Undefined property: stdClass::$usuario_usuario
in APPPATH\Helpers\Validators\usuarioValidator_helper.php on line 17.
 1 APPPATH\Helpers\Validators\usuarioValidator_helper.php(17): CodeIgniter\Debug\Exceptions->errorHandler(2, 'Undefined property: stdClass::$usuario_usuario', 'APPPATH\\Helpers\\Validators\\usuarioValidator_helper.php', 17)
 2 APPPATH\Controllers\API\v1\Usuarios.php(310): actualizarDatosValidator(Object(stdClass), Object(stdClass))
 3 SYSTEMPATH\CodeIgniter.php(902): App\Controllers\API\v1\Usuarios->actualizarDatos()
 4 SYSTEMPATH\CodeIgniter.php(457): CodeIgniter\CodeIgniter->runController(Object(App\Controllers\API\v1\Usuarios))
 5 SYSTEMPATH\CodeIgniter.php(340): CodeIgniter\CodeIgniter->handleRequest(null, Object(Config\Cache), false)
 6 FCPATH\index.php(67): CodeIgniter\CodeIgniter->run()
INFO - 2022-11-05 18:05:04 --> Session: Class initialized using 'CodeIgniter\Session\Handlers\FileHandler' driver.
CRITICAL - 2022-11-05 18:05:04 --> Undefined property: stdClass::$usuario_usuario
in APPPATH\Helpers\Validators\usuarioValidator_helper.php on line 17.
 1 APPPATH\Helpers\Validators\usuarioValidator_helper.php(17): CodeIgniter\Debug\Exceptions->errorHandler(2, 'Undefined property: stdClass::$usuario_usuario', 'APPPATH\\Helpers\\Validators\\usuarioValidator_helper.php', 17)
 2 APPPATH\Controllers\API\v1\Usuarios.php(310): actualizarDatosValidator(Object(stdClass), Object(stdClass))
 3 SYSTEMPATH\CodeIgniter.php(902): App\Controllers\API\v1\Usuarios->actualizarDatos()
 4 SYSTEMPATH\CodeIgniter.php(457): CodeIgniter\CodeIgniter->runController(Object(App\Controllers\API\v1\Usuarios))
 5 SYSTEMPATH\CodeIgniter.php(340): CodeIgniter\CodeIgniter->handleRequest(null, Object(Config\Cache), false)
 6 FCPATH\index.php(67): CodeIgniter\CodeIgniter->run()
INFO - 2022-11-05 18:07:29 --> Session: Class initialized using 'CodeIgniter\Session\Handlers\FileHandler' driver.
CRITICAL - 2022-11-05 18:07:29 --> Undefined property: stdClass::$usuario_apellido
in APPPATH\Helpers\Validators\usuarioValidator_helper.php on line 43.
 1 APPPATH\Helpers\Validators\usuarioValidator_helper.php(43): CodeIgniter\Debug\Exceptions->errorHandler(2, 'Undefined property: stdClass::$usuario_apellido', 'APPPATH\\Helpers\\Validators\\usuarioValidator_helper.php', 43)
 2 APPPATH\Controllers\API\v1\Usuarios.php(310): actualizarDatosValidator(Object(stdClass), Object(stdClass))
 3 SYSTEMPATH\CodeIgniter.php(902): App\Controllers\API\v1\Usuarios->actualizarDatos()
 4 SYSTEMPATH\CodeIgniter.php(457): CodeIgniter\CodeIgniter->runController(Object(App\Controllers\API\v1\Usuarios))
 5 SYSTEMPATH\CodeIgniter.php(340): CodeIgniter\CodeIgniter->handleRequest(null, Object(Config\Cache), false)
 6 FCPATH\index.php(67): CodeIgniter\CodeIgniter->run()
INFO - 2022-11-05 18:08:27 --> Session: Class initialized using 'CodeIgniter\Session\Handlers\FileHandler' driver.
INFO - 2022-11-05 18:15:30 --> Session: Class initialized using 'CodeIgniter\Session\Handlers\FileHandler' driver.
INFO - 2022-11-05 18:15:36 --> Session: Class initialized using 'CodeIgniter\Session\Handlers\FileHandler' driver.
INFO - 2022-11-05 18:16:15 --> Session: Class initialized using 'CodeIgniter\Session\Handlers\FileHandler' driver.
INFO - 2022-11-05 18:16:52 --> Session: Class initialized using 'CodeIgniter\Session\Handlers\FileHandler' driver.
INFO - 2022-11-05 18:19:07 --> Session: Class initialized using 'CodeIgniter\Session\Handlers\FileHandler' driver.
ALERT - 2022-11-05 18:19:07 --> Controller: \App\Controllers\API\v1\usuarios | Metodo: actualizarDatos | LogLine: 335 |  | The usu_nombre field may only contain alphabetical characters and spaces.
INFO - 2022-11-05 18:20:37 --> Session: Class initialized using 'CodeIgniter\Session\Handlers\FileHandler' driver.
ALERT - 2022-11-05 18:20:37 --> Controller: \App\Controllers\API\v1\usuarios | Metodo: actualizarDatos | LogLine: 335 |  | The usu_nombre field may only contain alphabetical characters and spaces.
INFO - 2022-11-05 18:20:58 --> Session: Class initialized using 'CodeIgniter\Session\Handlers\FileHandler' driver.
ALERT - 2022-11-05 18:20:58 --> Controller: \App\Controllers\API\v1\usuarios | Metodo: actualizarDatos | LogLine: 335 |  | The usu_nombre field may only contain alphabetical characters and spaces.
INFO - 2022-11-05 18:21:13 --> Session: Class initialized using 'CodeIgniter\Session\Handlers\FileHandler' driver.
ALERT - 2022-11-05 18:21:13 --> Controller: \App\Controllers\API\v1\usuarios | Metodo: actualizarDatos | LogLine: 335 |  | The usu_nombre field may only contain alphabetical characters and spaces.
INFO - 2022-11-05 18:21:40 --> Session: Class initialized using 'CodeIgniter\Session\Handlers\FileHandler' driver.
ALERT - 2022-11-05 18:21:40 --> Controller: \App\Controllers\API\v1\usuarios | Metodo: actualizarDatos | LogLine: 335 |  | The usu_nombre field may only contain alphabetical characters and spaces.
INFO - 2022-11-05 18:22:28 --> Session: Class initialized using 'CodeIgniter\Session\Handlers\FileHandler' driver.
ALERT - 2022-11-05 18:22:28 --> Controller: \App\Controllers\API\v1\usuarios | Metodo: actualizarDatos | LogLine: 335 |  | The usu_nombre field may only contain alphabetical characters and spaces.
INFO - 2022-11-05 18:23:24 --> Session: Class initialized using 'CodeIgniter\Session\Handlers\FileHandler' driver.
INFO - 2022-11-05 18:23:36 --> Session: Class initialized using 'CodeIgniter\Session\Handlers\FileHandler' driver.
INFO - 2022-11-05 18:32:27 --> Session: Class initialized using 'CodeIgniter\Session\Handlers\FileHandler' driver.
CRITICAL - 2022-11-05 18:32:27 --> ctype_alnum(): Argument of type int will be interpreted as string in the future
in APPPATH\Helpers\Validators\usuarioValidator_helper.php on line 19.
 1 [internal function]: CodeIgniter\Debug\Exceptions->errorHandler(8192, 'ctype_alnum(): Argument of type int will be interpreted as string in the future', 'APPPATH\\Helpers\\Validators\\usuarioValidator_helper.php', 19)
 2 APPPATH\Helpers\Validators\usuarioValidator_helper.php(19): ctype_alnum(123)
 3 APPPATH\Controllers\API\v1\Usuarios.php(310): actualizarDatosValidator(Object(stdClass), Object(stdClass))
 4 SYSTEMPATH\CodeIgniter.php(902): App\Controllers\API\v1\Usuarios->actualizarDatos()
 5 SYSTEMPATH\CodeIgniter.php(457): CodeIgniter\CodeIgniter->runController(Object(App\Controllers\API\v1\Usuarios))
 6 SYSTEMPATH\CodeIgniter.php(340): CodeIgniter\CodeIgniter->handleRequest(null, Object(Config\Cache), false)
 7 FCPATH\index.php(67): CodeIgniter\CodeIgniter->run()
INFO - 2022-11-05 18:33:21 --> Session: Class initialized using 'CodeIgniter\Session\Handlers\FileHandler' driver.
INFO - 2022-11-05 18:33:42 --> Session: Class initialized using 'CodeIgniter\Session\Handlers\FileHandler' driver.
INFO - 2022-11-05 18:33:45 --> Session: Class initialized using 'CodeIgniter\Session\Handlers\FileHandler' driver.
INFO - 2022-11-05 18:34:19 --> Session: Class initialized using 'CodeIgniter\Session\Handlers\FileHandler' driver.
INFO - 2022-11-05 18:34:34 --> Session: Class initialized using 'CodeIgniter\Session\Handlers\FileHandler' driver.
CRITICAL - 2022-11-05 18:34:34 --> ctype_alnum(): Argument of type int will be interpreted as string in the future
in APPPATH\Helpers\Validators\usuarioValidator_helper.php on line 19.
 1 [internal function]: CodeIgniter\Debug\Exceptions->errorHandler(8192, 'ctype_alnum(): Argument of type int will be interpreted as string in the future', 'APPPATH\\Helpers\\Validators\\usuarioValidator_helper.php', 19)
 2 APPPATH\Helpers\Validators\usuarioValidator_helper.php(19): ctype_alnum(123)
 3 APPPATH\Controllers\API\v1\Usuarios.php(310): actualizarDatosValidator(Object(stdClass), Object(stdClass))
 4 SYSTEMPATH\CodeIgniter.php(902): App\Controllers\API\v1\Usuarios->actualizarDatos()
 5 SYSTEMPATH\CodeIgniter.php(457): CodeIgniter\CodeIgniter->runController(Object(App\Controllers\API\v1\Usuarios))
 6 SYSTEMPATH\CodeIgniter.php(340): CodeIgniter\CodeIgniter->handleRequest(null, Object(Config\Cache), false)
 7 FCPATH\index.php(67): CodeIgniter\CodeIgniter->run()
INFO - 2022-11-05 18:34:43 --> Session: Class initialized using 'CodeIgniter\Session\Handlers\FileHandler' driver.
INFO - 2022-11-05 18:35:42 --> Session: Class initialized using 'CodeIgniter\Session\Handlers\FileHandler' driver.
INFO - 2022-11-05 18:36:23 --> Session: Class initialized using 'CodeIgniter\Session\Handlers\FileHandler' driver.
INFO - 2022-11-05 18:36:29 --> Session: Class initialized using 'CodeIgniter\Session\Handlers\FileHandler' driver.
INFO - 2022-11-05 18:36:40 --> Session: Class initialized using 'CodeIgniter\Session\Handlers\FileHandler' driver.
INFO - 2022-11-05 18:47:14 --> Session: Class initialized using 'CodeIgniter\Session\Handlers\FileHandler' driver.
INFO - 2022-11-05 18:47:17 --> Session: Class initialized using 'CodeIgniter\Session\Handlers\FileHandler' driver.
INFO - 2022-11-05 18:47:20 --> Session: Class initialized using 'CodeIgniter\Session\Handlers\FileHandler' driver.
INFO - 2022-11-05 18:47:24 --> Session: Class initialized using 'CodeIgniter\Session\Handlers\FileHandler' driver.
INFO - 2022-11-05 18:47:40 --> Session: Class initialized using 'CodeIgniter\Session\Handlers\FileHandler' driver.
INFO - 2022-11-05 18:49:44 --> Session: Class initialized using 'CodeIgniter\Session\Handlers\FileHandler' driver.
INFO - 2022-11-05 18:49:57 --> Session: Class initialized using 'CodeIgniter\Session\Handlers\FileHandler' driver.
INFO - 2022-11-05 18:50:19 --> Session: Class initialized using 'CodeIgniter\Session\Handlers\FileHandler' driver.
INFO - 2022-11-05 18:50:31 --> Session: Class initialized using 'CodeIgniter\Session\Handlers\FileHandler' driver.
INFO - 2022-11-05 18:51:52 --> Session: Class initialized using 'CodeIgniter\Session\Handlers\FileHandler' driver.
INFO - 2022-11-05 18:52:23 --> Session: Class initialized using 'CodeIgniter\Session\Handlers\FileHandler' driver.
INFO - 2022-11-05 18:52:30 --> Session: Class initialized using 'CodeIgniter\Session\Handlers\FileHandler' driver.
INFO - 2022-11-05 18:52:35 --> Session: Class initialized using 'CodeIgniter\Session\Handlers\FileHandler' driver.
INFO - 2022-11-05 18:54:03 --> Session: Class initialized using 'CodeIgniter\Session\Handlers\FileHandler' driver.
INFO - 2022-11-05 18:54:09 --> Session: Class initialized using 'CodeIgniter\Session\Handlers\FileHandler' driver.
INFO - 2022-11-05 18:54:16 --> Session: Class initialized using 'CodeIgniter\Session\Handlers\FileHandler' driver.
INFO - 2022-11-05 18:54:24 --> Session: Class initialized using 'CodeIgniter\Session\Handlers\FileHandler' driver.
INFO - 2022-11-05 18:54:29 --> Session: Class initialized using 'CodeIgniter\Session\Handlers\FileHandler' driver.
INFO - 2022-11-05 18:54:34 --> Session: Class initialized using 'CodeIgniter\Session\Handlers\FileHandler' driver.
INFO - 2022-11-05 18:54:36 --> Session: Class initialized using 'CodeIgniter\Session\Handlers\FileHandler' driver.
INFO - 2022-11-05 18:59:35 --> Session: Class initialized using 'CodeIgniter\Session\Handlers\FileHandler' driver.
INFO - 2022-11-05 18:59:49 --> Session: Class initialized using 'CodeIgniter\Session\Handlers\FileHandler' driver.
INFO - 2022-11-05 18:59:55 --> Session: Class initialized using 'CodeIgniter\Session\Handlers\FileHandler' driver.
ALERT - 2022-11-05 18:59:55 --> Controller: \App\Controllers\API\v1\usuarios | Metodo: actualizarDatos | LogLine: 335 |  | The usu_nombre field may only contain alphabetical characters and spaces.
INFO - 2022-11-05 19:00:01 --> Session: Class initialized using 'CodeIgniter\Session\Handlers\FileHandler' driver.
INFO - 2022-11-05 19:00:05 --> Session: Class initialized using 'CodeIgniter\Session\Handlers\FileHandler' driver.
ALERT - 2022-11-05 19:00:05 --> Controller: \App\Controllers\API\v1\usuarios | Metodo: actualizarDatos | LogLine: 335 |  | The usu_nombre field may only contain alphabetical characters and spaces.
INFO - 2022-11-05 19:00:09 --> Session: Class initialized using 'CodeIgniter\Session\Handlers\FileHandler' driver.
ALERT - 2022-11-05 19:00:10 --> Controller: \App\Controllers\API\v1\usuarios | Metodo: actualizarDatos | LogLine: 335 |  | The usu_nombre field may only contain alphabetical characters and spaces.
INFO - 2022-11-05 19:00:23 --> Session: Class initialized using 'CodeIgniter\Session\Handlers\FileHandler' driver.
INFO - 2022-11-05 19:02:38 --> Session: Class initialized using 'CodeIgniter\Session\Handlers\FileHandler' driver.
INFO - 2022-11-05 19:02:43 --> Session: Class initialized using 'CodeIgniter\Session\Handlers\FileHandler' driver.
INFO - 2022-11-05 19:02:51 --> Session: Class initialized using 'CodeIgniter\Session\Handlers\FileHandler' driver.
INFO - 2022-11-05 19:02:55 --> Session: Class initialized using 'CodeIgniter\Session\Handlers\FileHandler' driver.
ALERT - 2022-11-05 19:02:55 --> Controller: \App\Controllers\API\v1\usuarios | Metodo: actualizarDatos | LogLine: 335 |  | The usu_nombre field may only contain alphabetical characters and spaces.
INFO - 2022-11-05 19:03:28 --> Session: Class initialized using 'CodeIgniter\Session\Handlers\FileHandler' driver.
ALERT - 2022-11-05 19:03:28 --> Controller: \App\Controllers\API\v1\usuarios | Metodo: actualizarDatos | LogLine: 335 |  | The usu_nombre field may only contain alphabetical characters and spaces.
INFO - 2022-11-05 19:03:34 --> Session: Class initialized using 'CodeIgniter\Session\Handlers\FileHandler' driver.
ALERT - 2022-11-05 19:03:34 --> Controller: \App\Controllers\API\v1\usuarios | Metodo: actualizarDatos | LogLine: 335 |  | The usu_nombre field may only contain alphabetical characters and spaces.
INFO - 2022-11-05 19:03:38 --> Session: Class initialized using 'CodeIgniter\Session\Handlers\FileHandler' driver.
INFO - 2022-11-05 19:04:34 --> Session: Class initialized using 'CodeIgniter\Session\Handlers\FileHandler' driver.
ALERT - 2022-11-05 19:04:34 --> Controller: \App\Controllers\API\v1\usuarios | Metodo: actualizarDatos | LogLine: 335 |  | The usu_nombre field may only contain alphabetical characters and spaces.
INFO - 2022-11-05 19:06:51 --> Session: Class initialized using 'CodeIgniter\Session\Handlers\FileHandler' driver.
ALERT - 2022-11-05 19:06:51 --> Controller: \App\Controllers\API\v1\usuarios | Metodo: actualizarDatos | LogLine: 335 |  | The usu_nombre field is not in the correct format.
INFO - 2022-11-05 19:06:56 --> Session: Class initialized using 'CodeIgniter\Session\Handlers\FileHandler' driver.
INFO - 2022-11-05 19:07:00 --> Session: Class initialized using 'CodeIgniter\Session\Handlers\FileHandler' driver.
ALERT - 2022-11-05 19:07:00 --> Controller: \App\Controllers\API\v1\usuarios | Metodo: actualizarDatos | LogLine: 335 |  | The usu_nombre field is not in the correct format.
INFO - 2022-11-05 19:10:15 --> Session: Class initialized using 'CodeIgniter\Session\Handlers\FileHandler' driver.
INFO - 2022-11-05 19:10:21 --> Session: Class initialized using 'CodeIgniter\Session\Handlers\FileHandler' driver.
INFO - 2022-11-05 19:10:30 --> Session: Class initialized using 'CodeIgniter\Session\Handlers\FileHandler' driver.
INFO - 2022-11-05 19:11:27 --> Session: Class initialized using 'CodeIgniter\Session\Handlers\FileHandler' driver.
INFO - 2022-11-05 19:11:31 --> Session: Class initialized using 'CodeIgniter\Session\Handlers\FileHandler' driver.
INFO - 2022-11-05 19:11:38 --> Session: Class initialized using 'CodeIgniter\Session\Handlers\FileHandler' driver.
INFO - 2022-11-05 19:11:43 --> Session: Class initialized using 'CodeIgniter\Session\Handlers\FileHandler' driver.
