CRITICAL - 2022-11-29 22:46:37 --> Undefined variable $viewData
in APPPATH\Views\modules\topmenu.php on line 3.
 1 APPPATH\Views\modules\topmenu.php(3): CodeIgniter\Debug\Exceptions->errorHandler(2, 'Undefined variable $viewData', 'APPPATH\\Views\\modules\\topmenu.php', 3)
 2 SYSTEMPATH\View\View.php(213): include('APPPATH\\Views\\modules\\topmenu.php')
 3 SYSTEMPATH\View\View.php(216): CodeIgniter\View\View->CodeIgniter\View\{closure}()
 4 SYSTEMPATH\Common.php(1142): CodeIgniter\View\View->render('modules/topmenu', [], true)
 5 APPPATH\Controllers\Usuario.php(14): view('modules/topmenu', [...])
 6 SYSTEMPATH\CodeIgniter.php(902): App\Controllers\Usuario->registro()
 7 SYSTEMPATH\CodeIgniter.php(457): CodeIgniter\CodeIgniter->runController(Object(App\Controllers\Usuario))
 8 SYSTEMPATH\CodeIgniter.php(340): CodeIgniter\CodeIgniter->handleRequest(null, Object(Config\Cache), false)
 9 FCPATH\index.php(67): CodeIgniter\CodeIgniter->run()
INFO - 2022-11-29 23:04:26 --> Session: Class initialized using 'CodeIgniter\Session\Handlers\FileHandler' driver.
INFO - 2022-11-29 23:06:04 --> Session: Class initialized using 'CodeIgniter\Session\Handlers\FileHandler' driver.
INFO - 2022-11-29 23:06:29 --> Session: Class initialized using 'CodeIgniter\Session\Handlers\FileHandler' driver.
INFO - 2022-11-29 23:06:33 --> Session: Class initialized using 'CodeIgniter\Session\Handlers\FileHandler' driver.
INFO - 2022-11-29 23:06:47 --> Session: Class initialized using 'CodeIgniter\Session\Handlers\FileHandler' driver.
INFO - 2022-11-29 23:12:58 --> Session: Class initialized using 'CodeIgniter\Session\Handlers\FileHandler' driver.
INFO - 2022-11-29 23:15:49 --> Session: Class initialized using 'CodeIgniter\Session\Handlers\FileHandler' driver.
INFO - 2022-11-29 23:17:37 --> Session: Class initialized using 'CodeIgniter\Session\Handlers\FileHandler' driver.
INFO - 2022-11-29 23:19:38 --> Session: Class initialized using 'CodeIgniter\Session\Handlers\FileHandler' driver.
INFO - 2022-11-29 23:24:58 --> Session: Class initialized using 'CodeIgniter\Session\Handlers\FileHandler' driver.
INFO - 2022-11-29 23:26:47 --> Session: Class initialized using 'CodeIgniter\Session\Handlers\FileHandler' driver.
INFO - 2022-11-29 23:28:02 --> Session: Class initialized using 'CodeIgniter\Session\Handlers\FileHandler' driver.
