CRITICAL - 2023-10-17 00:19:11 --> Call to undefined method CodeIgniter\Router\RouteCollection::option()
in APPPATH\Config\Routes.php on line 16.
 1 SYSTEMPATH\Router\RouteCollection.php(772): CodeIgniter\Router\RouteCollection::{closure}(Object(CodeIgniter\Router\RouteCollection))
 2 APPPATH\Config\Routes.php(18): CodeIgniter\Router\RouteCollection->group('api/v1', [...], Object(Closure))
 3 SYSTEMPATH\Router\RouteCollection.php(339): require('C:\\xampp\\htdocs\\makilon\\API\\app\\Config\\Routes.php')
 4 SYSTEMPATH\CodeIgniter.php(787): CodeIgniter\Router\RouteCollection->loadRoutes()
 5 SYSTEMPATH\CodeIgniter.php(442): CodeIgniter\CodeIgniter->tryToRouteIt(null)
 6 SYSTEMPATH\CodeIgniter.php(353): CodeIgniter\CodeIgniter->handleRequest(null, Object(Config\Cache), false)
 7 FCPATH\index.php(79): CodeIgniter\CodeIgniter->run()
CRITICAL - 2023-10-17 00:20:00 --> Call to undefined method CodeIgniter\Router\RouteCollection::option()
in APPPATH\Config\Routes.php on line 16.
 1 SYSTEMPATH\Router\RouteCollection.php(772): CodeIgniter\Router\RouteCollection::{closure}(Object(CodeIgniter\Router\RouteCollection))
 2 APPPATH\Config\Routes.php(18): CodeIgniter\Router\RouteCollection->group('api/v1', [...], Object(Closure))
 3 SYSTEMPATH\Router\RouteCollection.php(339): require('C:\\xampp\\htdocs\\makilon\\API\\app\\Config\\Routes.php')
 4 SYSTEMPATH\CodeIgniter.php(787): CodeIgniter\Router\RouteCollection->loadRoutes()
 5 SYSTEMPATH\CodeIgniter.php(442): CodeIgniter\CodeIgniter->tryToRouteIt(null)
 6 SYSTEMPATH\CodeIgniter.php(353): CodeIgniter\CodeIgniter->handleRequest(null, Object(Config\Cache), false)
 7 FCPATH\index.php(79): CodeIgniter\CodeIgniter->run()
CRITICAL - 2023-10-17 00:20:08 --> Call to undefined method CodeIgniter\Router\RouteCollection::option()
in APPPATH\Config\Routes.php on line 16.
 1 SYSTEMPATH\Router\RouteCollection.php(772): CodeIgniter\Router\RouteCollection::{closure}(Object(CodeIgniter\Router\RouteCollection))
 2 APPPATH\Config\Routes.php(18): CodeIgniter\Router\RouteCollection->group('api/v1', [...], Object(Closure))
 3 SYSTEMPATH\Router\RouteCollection.php(339): require('C:\\xampp\\htdocs\\makilon\\API\\app\\Config\\Routes.php')
 4 SYSTEMPATH\CodeIgniter.php(787): CodeIgniter\Router\RouteCollection->loadRoutes()
 5 SYSTEMPATH\CodeIgniter.php(442): CodeIgniter\CodeIgniter->tryToRouteIt(null)
 6 SYSTEMPATH\CodeIgniter.php(353): CodeIgniter\CodeIgniter->handleRequest(null, Object(Config\Cache), false)
 7 FCPATH\index.php(79): CodeIgniter\CodeIgniter->run()
CRITICAL - 2023-10-17 00:20:10 --> Call to undefined method CodeIgniter\Router\RouteCollection::option()
in APPPATH\Config\Routes.php on line 16.
 1 SYSTEMPATH\Router\RouteCollection.php(772): CodeIgniter\Router\RouteCollection::{closure}(Object(CodeIgniter\Router\RouteCollection))
 2 APPPATH\Config\Routes.php(18): CodeIgniter\Router\RouteCollection->group('api/v1', [...], Object(Closure))
 3 SYSTEMPATH\Router\RouteCollection.php(339): require('C:\\xampp\\htdocs\\makilon\\API\\app\\Config\\Routes.php')
 4 SYSTEMPATH\CodeIgniter.php(787): CodeIgniter\Router\RouteCollection->loadRoutes()
 5 SYSTEMPATH\CodeIgniter.php(442): CodeIgniter\CodeIgniter->tryToRouteIt(null)
 6 SYSTEMPATH\CodeIgniter.php(353): CodeIgniter\CodeIgniter->handleRequest(null, Object(Config\Cache), false)
 7 FCPATH\index.php(79): CodeIgniter\CodeIgniter->run()
CRITICAL - 2023-10-17 00:21:37 --> Call to undefined method CodeIgniter\Router\RouteCollection::option()
in APPPATH\Config\Routes.php on line 16.
 1 SYSTEMPATH\Router\RouteCollection.php(772): CodeIgniter\Router\RouteCollection::{closure}(Object(CodeIgniter\Router\RouteCollection))
 2 APPPATH\Config\Routes.php(18): CodeIgniter\Router\RouteCollection->group('api/v1', [...], Object(Closure))
 3 SYSTEMPATH\Router\RouteCollection.php(339): require('C:\\xampp\\htdocs\\makilon\\API\\app\\Config\\Routes.php')
 4 SYSTEMPATH\CodeIgniter.php(787): CodeIgniter\Router\RouteCollection->loadRoutes()
 5 SYSTEMPATH\CodeIgniter.php(442): CodeIgniter\CodeIgniter->tryToRouteIt(null)
 6 SYSTEMPATH\CodeIgniter.php(353): CodeIgniter\CodeIgniter->handleRequest(null, Object(Config\Cache), false)
 7 FCPATH\index.php(79): CodeIgniter\CodeIgniter->run()
CRITICAL - 2023-10-17 00:21:44 --> Call to undefined method CodeIgniter\Router\RouteCollection::option()
in APPPATH\Config\Routes.php on line 16.
 1 SYSTEMPATH\Router\RouteCollection.php(772): CodeIgniter\Router\RouteCollection::{closure}(Object(CodeIgniter\Router\RouteCollection))
 2 APPPATH\Config\Routes.php(18): CodeIgniter\Router\RouteCollection->group('api/v1', [...], Object(Closure))
 3 SYSTEMPATH\Router\RouteCollection.php(339): require('C:\\xampp\\htdocs\\makilon\\API\\app\\Config\\Routes.php')
 4 SYSTEMPATH\CodeIgniter.php(787): CodeIgniter\Router\RouteCollection->loadRoutes()
 5 SYSTEMPATH\CodeIgniter.php(442): CodeIgniter\CodeIgniter->tryToRouteIt(null)
 6 SYSTEMPATH\CodeIgniter.php(353): CodeIgniter\CodeIgniter->handleRequest(null, Object(Config\Cache), false)
 7 FCPATH\index.php(79): CodeIgniter\CodeIgniter->run()
CRITICAL - 2023-10-17 00:21:44 --> Call to undefined method CodeIgniter\Router\RouteCollection::option()
in APPPATH\Config\Routes.php on line 16.
 1 SYSTEMPATH\Router\RouteCollection.php(772): CodeIgniter\Router\RouteCollection::{closure}(Object(CodeIgniter\Router\RouteCollection))
 2 APPPATH\Config\Routes.php(18): CodeIgniter\Router\RouteCollection->group('api/v1', [...], Object(Closure))
 3 SYSTEMPATH\Router\RouteCollection.php(339): require('C:\\xampp\\htdocs\\makilon\\API\\app\\Config\\Routes.php')
 4 SYSTEMPATH\CodeIgniter.php(787): CodeIgniter\Router\RouteCollection->loadRoutes()
 5 SYSTEMPATH\CodeIgniter.php(442): CodeIgniter\CodeIgniter->tryToRouteIt(null)
 6 SYSTEMPATH\CodeIgniter.php(353): CodeIgniter\CodeIgniter->handleRequest(null, Object(Config\Cache), false)
 7 FCPATH\index.php(79): CodeIgniter\CodeIgniter->run()
CRITICAL - 2023-10-17 00:21:44 --> Call to undefined method CodeIgniter\Router\RouteCollection::option()
in APPPATH\Config\Routes.php on line 16.
 1 SYSTEMPATH\Router\RouteCollection.php(772): CodeIgniter\Router\RouteCollection::{closure}(Object(CodeIgniter\Router\RouteCollection))
 2 APPPATH\Config\Routes.php(18): CodeIgniter\Router\RouteCollection->group('api/v1', [...], Object(Closure))
 3 SYSTEMPATH\Router\RouteCollection.php(339): require('C:\\xampp\\htdocs\\makilon\\API\\app\\Config\\Routes.php')
 4 SYSTEMPATH\CodeIgniter.php(787): CodeIgniter\Router\RouteCollection->loadRoutes()
 5 SYSTEMPATH\CodeIgniter.php(442): CodeIgniter\CodeIgniter->tryToRouteIt(null)
 6 SYSTEMPATH\CodeIgniter.php(353): CodeIgniter\CodeIgniter->handleRequest(null, Object(Config\Cache), false)
 7 FCPATH\index.php(79): CodeIgniter\CodeIgniter->run()
CRITICAL - 2023-10-17 00:21:44 --> Call to undefined method CodeIgniter\Router\RouteCollection::option()
in APPPATH\Config\Routes.php on line 16.
 1 SYSTEMPATH\Router\RouteCollection.php(772): CodeIgniter\Router\RouteCollection::{closure}(Object(CodeIgniter\Router\RouteCollection))
 2 APPPATH\Config\Routes.php(18): CodeIgniter\Router\RouteCollection->group('api/v1', [...], Object(Closure))
 3 SYSTEMPATH\Router\RouteCollection.php(339): require('C:\\xampp\\htdocs\\makilon\\API\\app\\Config\\Routes.php')
 4 SYSTEMPATH\CodeIgniter.php(787): CodeIgniter\Router\RouteCollection->loadRoutes()
 5 SYSTEMPATH\CodeIgniter.php(442): CodeIgniter\CodeIgniter->tryToRouteIt(null)
 6 SYSTEMPATH\CodeIgniter.php(353): CodeIgniter\CodeIgniter->handleRequest(null, Object(Config\Cache), false)
 7 FCPATH\index.php(79): CodeIgniter\CodeIgniter->run()
CRITICAL - 2023-10-17 00:21:49 --> Call to undefined method CodeIgniter\Router\RouteCollection::option()
in APPPATH\Config\Routes.php on line 16.
 1 SYSTEMPATH\Router\RouteCollection.php(772): CodeIgniter\Router\RouteCollection::{closure}(Object(CodeIgniter\Router\RouteCollection))
 2 APPPATH\Config\Routes.php(18): CodeIgniter\Router\RouteCollection->group('api/v1', [...], Object(Closure))
 3 SYSTEMPATH\Router\RouteCollection.php(339): require('C:\\xampp\\htdocs\\makilon\\API\\app\\Config\\Routes.php')
 4 SYSTEMPATH\CodeIgniter.php(787): CodeIgniter\Router\RouteCollection->loadRoutes()
 5 SYSTEMPATH\CodeIgniter.php(442): CodeIgniter\CodeIgniter->tryToRouteIt(null)
 6 SYSTEMPATH\CodeIgniter.php(353): CodeIgniter\CodeIgniter->handleRequest(null, Object(Config\Cache), false)
 7 FCPATH\index.php(79): CodeIgniter\CodeIgniter->run()
CRITICAL - 2023-10-17 00:22:06 --> Call to undefined method CodeIgniter\Router\RouteCollection::option()
in APPPATH\Config\Routes.php on line 16.
 1 SYSTEMPATH\Router\RouteCollection.php(772): CodeIgniter\Router\RouteCollection::{closure}(Object(CodeIgniter\Router\RouteCollection))
 2 APPPATH\Config\Routes.php(18): CodeIgniter\Router\RouteCollection->group('api/v1', [...], Object(Closure))
 3 SYSTEMPATH\Router\RouteCollection.php(339): require('C:\\xampp\\htdocs\\makilon\\API\\app\\Config\\Routes.php')
 4 SYSTEMPATH\CodeIgniter.php(787): CodeIgniter\Router\RouteCollection->loadRoutes()
 5 SYSTEMPATH\CodeIgniter.php(442): CodeIgniter\CodeIgniter->tryToRouteIt(null)
 6 SYSTEMPATH\CodeIgniter.php(353): CodeIgniter\CodeIgniter->handleRequest(null, Object(Config\Cache), false)
 7 FCPATH\index.php(79): CodeIgniter\CodeIgniter->run()
CRITICAL - 2023-10-17 00:22:25 --> Call to undefined method CodeIgniter\Router\RouteCollection::option()
in APPPATH\Config\Routes.php on line 16.
 1 SYSTEMPATH\Router\RouteCollection.php(772): CodeIgniter\Router\RouteCollection::{closure}(Object(CodeIgniter\Router\RouteCollection))
 2 APPPATH\Config\Routes.php(18): CodeIgniter\Router\RouteCollection->group('api/v1', [...], Object(Closure))
 3 SYSTEMPATH\Router\RouteCollection.php(339): require('C:\\xampp\\htdocs\\makilon\\API\\app\\Config\\Routes.php')
 4 SYSTEMPATH\CodeIgniter.php(787): CodeIgniter\Router\RouteCollection->loadRoutes()
 5 SYSTEMPATH\CodeIgniter.php(442): CodeIgniter\CodeIgniter->tryToRouteIt(null)
 6 SYSTEMPATH\CodeIgniter.php(353): CodeIgniter\CodeIgniter->handleRequest(null, Object(Config\Cache), false)
 7 FCPATH\index.php(79): CodeIgniter\CodeIgniter->run()
CRITICAL - 2023-10-17 00:22:45 --> Call to undefined method CodeIgniter\Router\RouteCollection::option()
in APPPATH\Config\Routes.php on line 16.
 1 SYSTEMPATH\Router\RouteCollection.php(772): CodeIgniter\Router\RouteCollection::{closure}(Object(CodeIgniter\Router\RouteCollection))
 2 APPPATH\Config\Routes.php(18): CodeIgniter\Router\RouteCollection->group('api/v1', [...], Object(Closure))
 3 SYSTEMPATH\Router\RouteCollection.php(339): require('C:\\xampp\\htdocs\\makilon\\API\\app\\Config\\Routes.php')
 4 SYSTEMPATH\CodeIgniter.php(787): CodeIgniter\Router\RouteCollection->loadRoutes()
 5 SYSTEMPATH\CodeIgniter.php(442): CodeIgniter\CodeIgniter->tryToRouteIt(null)
 6 SYSTEMPATH\CodeIgniter.php(353): CodeIgniter\CodeIgniter->handleRequest(null, Object(Config\Cache), false)
 7 FCPATH\index.php(79): CodeIgniter\CodeIgniter->run()
CRITICAL - 2023-10-17 00:22:53 --> Call to undefined method CodeIgniter\Router\RouteCollection::option()
in APPPATH\Config\Routes.php on line 16.
 1 SYSTEMPATH\Router\RouteCollection.php(772): CodeIgniter\Router\RouteCollection::{closure}(Object(CodeIgniter\Router\RouteCollection))
 2 APPPATH\Config\Routes.php(18): CodeIgniter\Router\RouteCollection->group('api/v1', [...], Object(Closure))
 3 SYSTEMPATH\Router\RouteCollection.php(339): require('C:\\xampp\\htdocs\\makilon\\API\\app\\Config\\Routes.php')
 4 SYSTEMPATH\CodeIgniter.php(787): CodeIgniter\Router\RouteCollection->loadRoutes()
 5 SYSTEMPATH\CodeIgniter.php(442): CodeIgniter\CodeIgniter->tryToRouteIt(null)
 6 SYSTEMPATH\CodeIgniter.php(353): CodeIgniter\CodeIgniter->handleRequest(null, Object(Config\Cache), false)
 7 FCPATH\index.php(79): CodeIgniter\CodeIgniter->run()
CRITICAL - 2023-10-17 00:23:46 --> Call to undefined method CodeIgniter\Router\RouteCollection::option()
in APPPATH\Config\Routes.php on line 16.
 1 SYSTEMPATH\Router\RouteCollection.php(772): CodeIgniter\Router\RouteCollection::{closure}(Object(CodeIgniter\Router\RouteCollection))
 2 APPPATH\Config\Routes.php(18): CodeIgniter\Router\RouteCollection->group('api/v1', [...], Object(Closure))
 3 SYSTEMPATH\Router\RouteCollection.php(339): require('C:\\xampp\\htdocs\\makilon\\API\\app\\Config\\Routes.php')
 4 SYSTEMPATH\CodeIgniter.php(787): CodeIgniter\Router\RouteCollection->loadRoutes()
 5 SYSTEMPATH\CodeIgniter.php(442): CodeIgniter\CodeIgniter->tryToRouteIt(null)
 6 SYSTEMPATH\CodeIgniter.php(353): CodeIgniter\CodeIgniter->handleRequest(null, Object(Config\Cache), false)
 7 FCPATH\index.php(79): CodeIgniter\CodeIgniter->run()
CRITICAL - 2023-10-17 00:23:50 --> Call to undefined method CodeIgniter\Router\RouteCollection::option()
in APPPATH\Config\Routes.php on line 16.
 1 SYSTEMPATH\Router\RouteCollection.php(772): CodeIgniter\Router\RouteCollection::{closure}(Object(CodeIgniter\Router\RouteCollection))
 2 APPPATH\Config\Routes.php(18): CodeIgniter\Router\RouteCollection->group('api/v1', [...], Object(Closure))
 3 SYSTEMPATH\Router\RouteCollection.php(339): require('C:\\xampp\\htdocs\\makilon\\API\\app\\Config\\Routes.php')
 4 SYSTEMPATH\CodeIgniter.php(787): CodeIgniter\Router\RouteCollection->loadRoutes()
 5 SYSTEMPATH\CodeIgniter.php(442): CodeIgniter\CodeIgniter->tryToRouteIt(null)
 6 SYSTEMPATH\CodeIgniter.php(353): CodeIgniter\CodeIgniter->handleRequest(null, Object(Config\Cache), false)
 7 FCPATH\index.php(79): CodeIgniter\CodeIgniter->run()
CRITICAL - 2023-10-17 00:24:01 --> Call to undefined method CodeIgniter\Router\RouteCollection::option()
in APPPATH\Config\Routes.php on line 16.
 1 SYSTEMPATH\Router\RouteCollection.php(772): CodeIgniter\Router\RouteCollection::{closure}(Object(CodeIgniter\Router\RouteCollection))
 2 APPPATH\Config\Routes.php(18): CodeIgniter\Router\RouteCollection->group('api/v1', [...], Object(Closure))
 3 SYSTEMPATH\Router\RouteCollection.php(339): require('C:\\xampp\\htdocs\\makilon\\API\\app\\Config\\Routes.php')
 4 SYSTEMPATH\CodeIgniter.php(787): CodeIgniter\Router\RouteCollection->loadRoutes()
 5 SYSTEMPATH\CodeIgniter.php(442): CodeIgniter\CodeIgniter->tryToRouteIt(null)
 6 SYSTEMPATH\CodeIgniter.php(353): CodeIgniter\CodeIgniter->handleRequest(null, Object(Config\Cache), false)
 7 FCPATH\index.php(79): CodeIgniter\CodeIgniter->run()
