INFO - 2022-11-28 20:44:46 --> Session: Class initialized using 'CodeIgniter\Session\Handlers\FileHandler' driver.
CRITICAL - 2022-11-28 20:44:46 --> Undefined property: stdClass::$usuario_psw
in APPPATH\Helpers\Validators\usuarioValidator_helper.php on line 48.
 1 APPPATH\Helpers\Validators\usuarioValidator_helper.php(48): CodeIgniter\Debug\Exceptions->errorHandler(2, 'Undefined property: stdClass::$usuario_psw', 'APPPATH\\Helpers\\Validators\\usuarioValidator_helper.php', 48)
 2 APPPATH\Controllers\API\v1\Usuarios.php(411): registroValidator(Object(stdClass), Object(stdClass))
 3 SYSTEMPATH\CodeIgniter.php(902): App\Controllers\API\v1\Usuarios->registro()
 4 SYSTEMPATH\CodeIgniter.php(457): CodeIgniter\CodeIgniter->runController(Object(App\Controllers\API\v1\Usuarios))
 5 SYSTEMPATH\CodeIgniter.php(340): CodeIgniter\CodeIgniter->handleRequest(null, Object(Config\Cache), false)
 6 FCPATH\index.php(67): CodeIgniter\CodeIgniter->run()
INFO - 2022-11-28 20:57:28 --> Session: Class initialized using 'CodeIgniter\Session\Handlers\FileHandler' driver.
CRITICAL - 2022-11-28 20:57:28 --> Undefined property: stdClass::$usuario_correo
in APPPATH\Helpers\Validators\usuarioValidator_helper.php on line 37.
 1 APPPATH\Helpers\Validators\usuarioValidator_helper.php(37): CodeIgniter\Debug\Exceptions->errorHandler(2, 'Undefined property: stdClass::$usuario_correo', 'APPPATH\\Helpers\\Validators\\usuarioValidator_helper.php', 37)
 2 APPPATH\Controllers\API\v1\Usuarios.php(411): registroValidator(Object(stdClass), Object(stdClass))
 3 SYSTEMPATH\CodeIgniter.php(902): App\Controllers\API\v1\Usuarios->registro()
 4 SYSTEMPATH\CodeIgniter.php(457): CodeIgniter\CodeIgniter->runController(Object(App\Controllers\API\v1\Usuarios))
 5 SYSTEMPATH\CodeIgniter.php(340): CodeIgniter\CodeIgniter->handleRequest(null, Object(Config\Cache), false)
 6 FCPATH\index.php(67): CodeIgniter\CodeIgniter->run()
INFO - 2022-11-28 20:58:00 --> Session: Class initialized using 'CodeIgniter\Session\Handlers\FileHandler' driver.
INFO - 2022-11-28 21:08:37 --> Session: Class initialized using 'CodeIgniter\Session\Handlers\FileHandler' driver.
INFO - 2022-11-28 21:17:46 --> Session: Class initialized using 'CodeIgniter\Session\Handlers\FileHandler' driver.
INFO - 2022-11-28 21:19:53 --> Session: Class initialized using 'CodeIgniter\Session\Handlers\FileHandler' driver.
INFO - 2022-11-28 21:22:18 --> Session: Class initialized using 'CodeIgniter\Session\Handlers\FileHandler' driver.
INFO - 2022-11-28 21:24:00 --> Session: Class initialized using 'CodeIgniter\Session\Handlers\FileHandler' driver.
INFO - 2022-11-28 21:24:42 --> Session: Class initialized using 'CodeIgniter\Session\Handlers\FileHandler' driver.
INFO - 2022-11-28 21:59:35 --> Session: Class initialized using 'CodeIgniter\Session\Handlers\FileHandler' driver.
CRITICAL - 2022-11-28 22:40:38 --> Invalid file: topmenu.php
in SYSTEMPATH\Exceptions\FrameworkException.php on line 33.
 1 SYSTEMPATH\View\View.php(201): CodeIgniter\Exceptions\FrameworkException::forInvalidFile('topmenu.php')
 2 SYSTEMPATH\Common.php(1142): CodeIgniter\View\View->render('topmenu', [], true)
 3 APPPATH\Controllers\Usuario.php(10): view('topmenu')
 4 SYSTEMPATH\CodeIgniter.php(902): App\Controllers\Usuario->registro()
 5 SYSTEMPATH\CodeIgniter.php(457): CodeIgniter\CodeIgniter->runController(Object(App\Controllers\Usuario))
 6 SYSTEMPATH\CodeIgniter.php(340): CodeIgniter\CodeIgniter->handleRequest(null, Object(Config\Cache), false)
 7 FCPATH\index.php(67): CodeIgniter\CodeIgniter->run()
